#
# There is insufficient memory for the Java Runtime Environment to continue.
# Native memory allocation (mmap) failed to map 1296039936 bytes for G1 virtual space
# Possible reasons:
#   The system is out of physical RAM or swap space
#   The process is running with CompressedOops enabled, and the Java Heap may be blocking the growth of the native heap
# Possible solutions:
#   Reduce memory load on the system
#   Increase physical memory or swap space
#   Check if swap backing store is full
#   Decrease Java heap size (-Xmx/-Xms)
#   Decrease number of Java threads
#   Decrease Java thread stack sizes (-Xss)
#   Set larger code cache with -XX:ReservedCodeCacheSize=
#   JVM is running with Zero Based Compressed Oops mode in which the Java heap is
#     placed in the first 32GB address space. The Java Heap base address is the
#     maximum limit for the native heap growth. Please use -XX:HeapBaseMinAddress
#     to set the Java Heap base and to place the Java Heap above 32GB virtual address.
# This output file may be truncated or incomplete.
#
#  Out of Memory Error (os_windows.cpp:3600), pid=10404, tid=30760
#
# JRE version: OpenJDK Runtime Environment (21.0.1+12) (build 21.0.1+12-29)
# Java VM: OpenJDK 64-Bit Server VM (21.0.1+12-29, mixed mode, sharing, tiered, compressed oops, compressed class ptrs, g1 gc, windows-amd64)
# No core dump will be written. Minidumps are not enabled by default on client versions of Windows
#

---------------  S U M M A R Y ------------

Command Line: -javaagent:C:\Program Files\JetBrains\IntelliJ IDEA Community Edition 2023.2.5\lib\idea_rt.jar=61044:C:\Program Files\JetBrains\IntelliJ IDEA Community Edition 2023.2.5\bin -Dfile.encoding=UTF-8 -Dsun.stdout.encoding=UTF-8 -Dsun.stderr.encoding=UTF-8 --module-path=C:\Users\Rayyan Hussain\.m2\repository\org\openjfx\javafx-fxml\21-ea+24\javafx-fxml-21-ea+24-win.jar;C:\Users\Rayyan Hussain\.m2\repository\org\openjfx\javafx-controls\21-ea+24\javafx-controls-21-ea+24-win.jar;C:\Users\Rayyan Hussain\Documents\iiitd\sem3\AP\Project\Larken\target\classes;C:\Users\Rayyan Hussain\.m2\repository\org\openjfx\javafx-base\21-ea+24\javafx-base-21-ea+24-win.jar;C:\Users\Rayyan Hussain\.m2\repository\org\openjfx\javafx-graphics\21-ea+24\javafx-graphics-21-ea+24-win.jar -Djdk.module.main=duoforge.larken duoforge.larken/duoforge.larken.Main

Host: AMD Ryzen 5 5500U with Radeon Graphics         , 12 cores, 15G,  Windows 11 , 64 bit Build 22621 (10.0.22621.2506)
Time: Fri Dec  8 22:15:21 2023 India Standard Time elapsed time: 5.021945 seconds (0d 0h 0m 5s)

---------------  T H R E A D  ---------------

Current thread (0x000002544e64f8f0):  VMThread "VM Thread"          [id=30760, stack(0x000000a6f7300000,0x000000a6f7400000) (1024K)]

Stack: [0x000000a6f7300000,0x000000a6f7400000]
Native frames: (J=compiled Java code, j=interpreted, Vv=VM code, C=native code)
V  [jvm.dll+0x6c9029]
V  [jvm.dll+0x854b81]
V  [jvm.dll+0x856e5e]
V  [jvm.dll+0x857543]
V  [jvm.dll+0x280c06]
V  [jvm.dll+0x6c5715]
V  [jvm.dll+0x6ba10a]
V  [jvm.dll+0x3557ea]
V  [jvm.dll+0x35d436]
V  [jvm.dll+0x3ae1be]
V  [jvm.dll+0x3ae468]
V  [jvm.dll+0x3291fc]
V  [jvm.dll+0x329287]
V  [jvm.dll+0x36db3c]
V  [jvm.dll+0x36c33d]
V  [jvm.dll+0x328971]
V  [jvm.dll+0x36bd68]
V  [jvm.dll+0x85d048]
V  [jvm.dll+0x85e144]
V  [jvm.dll+0x85e680]
V  [jvm.dll+0x85e923]
V  [jvm.dll+0x7fd728]
V  [jvm.dll+0x6c777d]
C  [ucrtbase.dll+0x29363]
C  [KERNEL32.DLL+0x1257d]
C  [ntdll.dll+0x5aa58]

VM_Operation (0x000000a6f8afc168): G1TryInitiateConcMark, mode: safepoint, requested by thread 0x00000254949df650


---------------  P R O C E S S  ---------------

Threads class SMR info:
_java_thread_list=0x0000025494ce00a0, length=18, elements={
0x000002542f390520, 0x000002544e66f610, 0x000002544e670680, 0x000002544e6710e0,
0x000002544e671b40, 0x000002544e6745b0, 0x000002544e677830, 0x000002544e6799e0,
0x000002544e67a6e0, 0x000002544e88d370, 0x000002549414e1f0, 0x000002549406cfe0,
0x00000254946ad3e0, 0x00000254947b8650, 0x00000254949df650, 0x000002549498e810,
0x00000254949926e0, 0x0000025495289630
}

Java Threads: ( => current thread )
  0x000002542f390520 JavaThread "main"                              [_thread_blocked, id=25804, stack(0x000000a6f6c00000,0x000000a6f6d00000) (1024K)]
  0x000002544e66f610 JavaThread "Reference Handler"          daemon [_thread_blocked, id=19764, stack(0x000000a6f7400000,0x000000a6f7500000) (1024K)]
  0x000002544e670680 JavaThread "Finalizer"                  daemon [_thread_blocked, id=16044, stack(0x000000a6f7500000,0x000000a6f7600000) (1024K)]
  0x000002544e6710e0 JavaThread "Signal Dispatcher"          daemon [_thread_blocked, id=9228, stack(0x000000a6f7600000,0x000000a6f7700000) (1024K)]
  0x000002544e671b40 JavaThread "Attach Listener"            daemon [_thread_blocked, id=7068, stack(0x000000a6f7700000,0x000000a6f7800000) (1024K)]
  0x000002544e6745b0 JavaThread "Service Thread"             daemon [_thread_blocked, id=23632, stack(0x000000a6f7800000,0x000000a6f7900000) (1024K)]
  0x000002544e677830 JavaThread "Monitor Deflation Thread"   daemon [_thread_blocked, id=31276, stack(0x000000a6f7900000,0x000000a6f7a00000) (1024K)]
  0x000002544e6799e0 JavaThread "C2 CompilerThread0"         daemon [_thread_blocked, id=11124, stack(0x000000a6f7a00000,0x000000a6f7b00000) (1024K)]
  0x000002544e67a6e0 JavaThread "C1 CompilerThread0"         daemon [_thread_blocked, id=3840, stack(0x000000a6f7b00000,0x000000a6f7c00000) (1024K)]
  0x000002544e88d370 JavaThread "Common-Cleaner"             daemon [_thread_blocked, id=34912, stack(0x000000a6f7c00000,0x000000a6f7d00000) (1024K)]
  0x000002549414e1f0 JavaThread "Monitor Ctrl-Break"         daemon [_thread_in_native, id=2340, stack(0x000000a6f7f00000,0x000000a6f8000000) (1024K)]
  0x000002549406cfe0 JavaThread "Notification Thread"        daemon [_thread_blocked, id=16052, stack(0x000000a6f8000000,0x000000a6f8100000) (1024K)]
  0x00000254946ad3e0 JavaThread "QuantumRenderer-0"          daemon [_thread_blocked, id=19916, stack(0x000000a6f7e00000,0x000000a6f7f00000) (1024K)]
  0x00000254947b8650 JavaThread "InvokeLaterDispatcher"      daemon [_thread_blocked, id=9768, stack(0x000000a6f7d00000,0x000000a6f7e00000) (1024K)]
  0x00000254949df650 JavaThread "JavaFX Application Thread"         [_thread_blocked, id=18988, stack(0x000000a6f8a00000,0x000000a6f8b00000) (1024K)]
  0x000002549498e810 JavaThread "Thread-1"                   daemon [_thread_blocked, id=5828, stack(0x000000a6f9300000,0x000000a6f9400000) (1024K)]
  0x00000254949926e0 JavaThread "JavaFX-Launcher"                   [_thread_blocked, id=19184, stack(0x000000a6f9400000,0x000000a6f9500000) (1024K)]
  0x0000025495289630 JavaThread "C2 CompilerThread1"         daemon [_thread_in_native, id=15248, stack(0x000000a6f9500000,0x000000a6f9600000) (1024K)]
Total: 18

Other Threads:
=>0x000002544e64f8f0 VMThread "VM Thread"                           [id=30760, stack(0x000000a6f7300000,0x000000a6f7400000) (1024K)]
  0x000002544e636e90 WatcherThread "VM Periodic Task Thread"        [id=33184, stack(0x000000a6f7200000,0x000000a6f7300000) (1024K)]
  0x000002542f3f61e0 WorkerThread "GC Thread#0"                     [id=9640, stack(0x000000a6f6d00000,0x000000a6f6e00000) (1024K)]
  0x00000254949d7b60 WorkerThread "GC Thread#1"                     [id=10944, stack(0x000000a6f8300000,0x000000a6f8400000) (1024K)]
  0x00000254949d8310 WorkerThread "GC Thread#2"                     [id=26096, stack(0x000000a6f8400000,0x000000a6f8500000) (1024K)]
  0x00000254949d86b0 WorkerThread "GC Thread#3"                     [id=10248, stack(0x000000a6f8500000,0x000000a6f8600000) (1024K)]
  0x00000254949d8e60 WorkerThread "GC Thread#4"                     [id=30392, stack(0x000000a6f8600000,0x000000a6f8700000) (1024K)]
  0x00000254949f91d0 WorkerThread "GC Thread#5"                     [id=1308, stack(0x000000a6f8700000,0x000000a6f8800000) (1024K)]
  0x00000254949f95c0 WorkerThread "GC Thread#6"                     [id=17396, stack(0x000000a6f8800000,0x000000a6f8900000) (1024K)]
  0x00000254949fab80 WorkerThread "GC Thread#7"                     [id=24768, stack(0x000000a6f8900000,0x000000a6f8a00000) (1024K)]
  0x00000254949fa0a0 WorkerThread "GC Thread#8"                     [id=8356, stack(0x000000a6f9700000,0x000000a6f9800000) (1024K)]
  0x00000254949fa7e0 WorkerThread "GC Thread#9"                     [id=24360, stack(0x000000a6f9800000,0x000000a6f9900000) (1024K)]
  0x000002542f406740 ConcurrentGCThread "G1 Main Marker"            [id=13116, stack(0x000000a6f6e00000,0x000000a6f6f00000) (1024K)]
  0x000002542f4073f0 WorkerThread "G1 Conc#0"                       [id=9372, stack(0x000000a6f6f00000,0x000000a6f7000000) (1024K)]
  0x00000254949f9960 WorkerThread "G1 Conc#1"                       [id=17848, stack(0x000000a6f9600000,0x000000a6f9700000) (1024K)]
  0x00000254949f9d00 WorkerThread "G1 Conc#2"                       [id=3528, stack(0x000000a6f9900000,0x000000a6f9a00000) (1024K)]
  0x000002544e50b530 ConcurrentGCThread "G1 Refine#0"               [id=23000, stack(0x000000a6f7000000,0x000000a6f7100000) (1024K)]
  0x000002544e50dd60 ConcurrentGCThread "G1 Service"                [id=5976, stack(0x000000a6f7100000,0x000000a6f7200000) (1024K)]
Total: 18

Threads with active compile tasks:
C2 CompilerThread1     5069 1627       4       com.sun.javafx.iio.gif.GIFImageLoader2::decodeImage (161 bytes)
Total: 1

VM state: at safepoint (normal execution)

VM Mutex/Monitor currently owned by a thread:  ([mutex/lock_event])
[0x00007ffa3516a5f8] Threads_lock - owner thread: 0x000002544e64f8f0
[0x00007ffa3516a6f8] Heap_lock - owner thread: 0x00000254949df650

Heap address: 0x000000070a800000, size: 3928 MB, Compressed Oops mode: Zero based, Oop shift amount: 3

CDS archive(s) mapped at: [0x000002544f000000-0x000002544fc90000-0x000002544fc90000), size 13172736, SharedBaseAddress: 0x000002544f000000, ArchiveRelocationMode: 1.
Compressed class space mapped at: 0x0000025450000000-0x0000025490000000, reserved size: 1073741824
Narrow klass base: 0x000002544f000000, Narrow klass shift: 0, Narrow klass range: 0x100000000

GC Precious Log:
 CardTable entry size: 512
 Card Set container configuration: InlinePtr #cards 4 size 8 Array Of Cards #cards 16 size 48 Howl #buckets 8 coarsen threshold 3686 Howl Bitmap #cards 512 size 80 coarsen threshold 460 Card regions per heap region 1 cards per card region 4096
 CPUs: 12 total, 12 available
 Memory: 15706M
 Large Page Support: Disabled
 NUMA Support: Disabled
 Compressed Oops: Enabled (Zero based)
 Heap Region Size: 2M
 Heap Min Capacity: 8M
 Heap Initial Capacity: 246M
 Heap Max Capacity: 3928M
 Pre-touch: Disabled
 Parallel Workers: 10
 Concurrent Workers: 3
 Concurrent Refinement Workers: 10
 Periodic GC: Disabled

Heap:
 garbage-first heap   total 632832K, used 375337K [0x000000070a800000, 0x0000000800000000)
  region size 2048K, 4 young (8192K), 4 survivors (8192K)
 Metaspace       used 10133K, committed 10432K, reserved 1114112K
  class space    used 1336K, committed 1472K, reserved 1048576K

Heap Regions: E=young(eden), S=young(survivor), O=old, HS=humongous(starts), HC=humongous(continues), CS=collection set, F=free, TAMS=top-at-mark-start, PB=parsable bottom
|   0|0x000000070a800000, 0x000000070aa00000, 0x000000070aa00000|100%|HS|  |TAMS 0x000000070aa00000| PB 0x000000070a800000| Complete 
|   1|0x000000070aa00000, 0x000000070ac00000, 0x000000070ac00000|100%|HC|  |TAMS 0x000000070ac00000| PB 0x000000070aa00000| Complete 
|   2|0x000000070ac00000, 0x000000070ae00000, 0x000000070ae00000|100%|HC|  |TAMS 0x000000070ae00000| PB 0x000000070ac00000| Complete 
|   3|0x000000070ae00000, 0x000000070b000000, 0x000000070b000000|100%|HC|  |TAMS 0x000000070b000000| PB 0x000000070ae00000| Complete 
|   4|0x000000070b000000, 0x000000070b200000, 0x000000070b200000|100%|HC|  |TAMS 0x000000070b200000| PB 0x000000070b000000| Complete 
|   5|0x000000070b200000, 0x000000070b400000, 0x000000070b400000|100%|HC|  |TAMS 0x000000070b400000| PB 0x000000070b200000| Complete 
|   6|0x000000070b400000, 0x000000070b600000, 0x000000070b600000|100%|HC|  |TAMS 0x000000070b600000| PB 0x000000070b400000| Complete 
|   7|0x000000070b600000, 0x000000070b800000, 0x000000070b800000|100%|HC|  |TAMS 0x000000070b800000| PB 0x000000070b600000| Complete 
|   8|0x000000070b800000, 0x000000070ba00000, 0x000000070ba00000|100%|HC|  |TAMS 0x000000070ba00000| PB 0x000000070b800000| Complete 
|   9|0x000000070ba00000, 0x000000070bc00000, 0x000000070bc00000|100%|HC|  |TAMS 0x000000070bc00000| PB 0x000000070ba00000| Complete 
|  10|0x000000070bc00000, 0x000000070be00000, 0x000000070be00000|100%|HC|  |TAMS 0x000000070be00000| PB 0x000000070bc00000| Complete 
|  11|0x000000070be00000, 0x000000070c000000, 0x000000070c000000|100%|HC|  |TAMS 0x000000070c000000| PB 0x000000070be00000| Complete 
|  12|0x000000070c000000, 0x000000070c200000, 0x000000070c200000|100%|HC|  |TAMS 0x000000070c200000| PB 0x000000070c000000| Complete 
|  13|0x000000070c200000, 0x000000070c400000, 0x000000070c400000|100%|HC|  |TAMS 0x000000070c400000| PB 0x000000070c200000| Complete 
|  14|0x000000070c400000, 0x000000070c600000, 0x000000070c600000|100%|HC|  |TAMS 0x000000070c600000| PB 0x000000070c400000| Complete 
|  15|0x000000070c600000, 0x000000070c800000, 0x000000070c800000|100%|HC|  |TAMS 0x000000070c800000| PB 0x000000070c600000| Complete 
|  16|0x000000070c800000, 0x000000070ca00000, 0x000000070ca00000|100%|HC|  |TAMS 0x000000070ca00000| PB 0x000000070c800000| Complete 
|  17|0x000000070ca00000, 0x000000070cc00000, 0x000000070cc00000|100%|HC|  |TAMS 0x000000070cc00000| PB 0x000000070ca00000| Complete 
|  18|0x000000070cc00000, 0x000000070ce00000, 0x000000070ce00000|100%|HC|  |TAMS 0x000000070ce00000| PB 0x000000070cc00000| Complete 
|  19|0x000000070ce00000, 0x000000070d000000, 0x000000070d000000|100%|HC|  |TAMS 0x000000070d000000| PB 0x000000070ce00000| Complete 
|  20|0x000000070d000000, 0x000000070d200000, 0x000000070d200000|100%|HC|  |TAMS 0x000000070d200000| PB 0x000000070d000000| Complete 
|  21|0x000000070d200000, 0x000000070d400000, 0x000000070d400000|100%|HC|  |TAMS 0x000000070d400000| PB 0x000000070d200000| Complete 
|  22|0x000000070d400000, 0x000000070d600000, 0x000000070d600000|100%|HC|  |TAMS 0x000000070d600000| PB 0x000000070d400000| Complete 
|  23|0x000000070d600000, 0x000000070d800000, 0x000000070d800000|100%|HC|  |TAMS 0x000000070d800000| PB 0x000000070d600000| Complete 
|  24|0x000000070d800000, 0x000000070da00000, 0x000000070da00000|100%|HC|  |TAMS 0x000000070da00000| PB 0x000000070d800000| Complete 
|  25|0x000000070da00000, 0x000000070dc00000, 0x000000070dc00000|100%|HC|  |TAMS 0x000000070dc00000| PB 0x000000070da00000| Complete 
|  26|0x000000070dc00000, 0x000000070de00000, 0x000000070de00000|100%|HC|  |TAMS 0x000000070de00000| PB 0x000000070dc00000| Complete 
|  27|0x000000070de00000, 0x000000070e000000, 0x000000070e000000|100%|HC|  |TAMS 0x000000070e000000| PB 0x000000070de00000| Complete 
|  28|0x000000070e000000, 0x000000070e200000, 0x000000070e200000|100%|HC|  |TAMS 0x000000070e200000| PB 0x000000070e000000| Complete 
|  29|0x000000070e200000, 0x000000070e400000, 0x000000070e400000|100%|HC|  |TAMS 0x000000070e400000| PB 0x000000070e200000| Complete 
|  30|0x000000070e400000, 0x000000070e600000, 0x000000070e600000|100%|HS|  |TAMS 0x000000070e600000| PB 0x000000070e400000| Complete 
|  31|0x000000070e600000, 0x000000070e800000, 0x000000070e800000|100%|HC|  |TAMS 0x000000070e800000| PB 0x000000070e600000| Complete 
|  32|0x000000070e800000, 0x000000070ea00000, 0x000000070ea00000|100%|HC|  |TAMS 0x000000070ea00000| PB 0x000000070e800000| Complete 
|  33|0x000000070ea00000, 0x000000070ec00000, 0x000000070ec00000|100%|HC|  |TAMS 0x000000070ec00000| PB 0x000000070ea00000| Complete 
|  34|0x000000070ec00000, 0x000000070ee00000, 0x000000070ee00000|100%|HC|  |TAMS 0x000000070ee00000| PB 0x000000070ec00000| Complete 
|  35|0x000000070ee00000, 0x000000070f000000, 0x000000070f000000|100%|HC|  |TAMS 0x000000070f000000| PB 0x000000070ee00000| Complete 
|  36|0x000000070f000000, 0x000000070f200000, 0x000000070f200000|100%|HC|  |TAMS 0x000000070f200000| PB 0x000000070f000000| Complete 
|  37|0x000000070f200000, 0x000000070f400000, 0x000000070f400000|100%|HC|  |TAMS 0x000000070f400000| PB 0x000000070f200000| Complete 
|  38|0x000000070f400000, 0x000000070f600000, 0x000000070f600000|100%|HC|  |TAMS 0x000000070f600000| PB 0x000000070f400000| Complete 
|  39|0x000000070f600000, 0x000000070f800000, 0x000000070f800000|100%|HC|  |TAMS 0x000000070f800000| PB 0x000000070f600000| Complete 
|  40|0x000000070f800000, 0x000000070fa00000, 0x000000070fa00000|100%|HC|  |TAMS 0x000000070fa00000| PB 0x000000070f800000| Complete 
|  41|0x000000070fa00000, 0x000000070fc00000, 0x000000070fc00000|100%|HC|  |TAMS 0x000000070fc00000| PB 0x000000070fa00000| Complete 
|  42|0x000000070fc00000, 0x000000070fe00000, 0x000000070fe00000|100%|HC|  |TAMS 0x000000070fe00000| PB 0x000000070fc00000| Complete 
|  43|0x000000070fe00000, 0x0000000710000000, 0x0000000710000000|100%|HC|  |TAMS 0x0000000710000000| PB 0x000000070fe00000| Complete 
|  44|0x0000000710000000, 0x0000000710200000, 0x0000000710200000|100%|HC|  |TAMS 0x0000000710200000| PB 0x0000000710000000| Complete 
|  45|0x0000000710200000, 0x0000000710400000, 0x0000000710400000|100%|HC|  |TAMS 0x0000000710400000| PB 0x0000000710200000| Complete 
|  46|0x0000000710400000, 0x0000000710600000, 0x0000000710600000|100%|HC|  |TAMS 0x0000000710600000| PB 0x0000000710400000| Complete 
|  47|0x0000000710600000, 0x0000000710800000, 0x0000000710800000|100%|HC|  |TAMS 0x0000000710800000| PB 0x0000000710600000| Complete 
|  48|0x0000000710800000, 0x0000000710a00000, 0x0000000710a00000|100%|HC|  |TAMS 0x0000000710a00000| PB 0x0000000710800000| Complete 
|  49|0x0000000710a00000, 0x0000000710c00000, 0x0000000710c00000|100%|HC|  |TAMS 0x0000000710c00000| PB 0x0000000710a00000| Complete 
|  50|0x0000000710c00000, 0x0000000710e00000, 0x0000000710e00000|100%|HC|  |TAMS 0x0000000710e00000| PB 0x0000000710c00000| Complete 
|  51|0x0000000710e00000, 0x0000000711000000, 0x0000000711000000|100%|HC|  |TAMS 0x0000000711000000| PB 0x0000000710e00000| Complete 
|  52|0x0000000711000000, 0x0000000711200000, 0x0000000711200000|100%|HC|  |TAMS 0x0000000711200000| PB 0x0000000711000000| Complete 
|  53|0x0000000711200000, 0x0000000711400000, 0x0000000711400000|100%|HC|  |TAMS 0x0000000711400000| PB 0x0000000711200000| Complete 
|  54|0x0000000711400000, 0x0000000711600000, 0x0000000711600000|100%|HC|  |TAMS 0x0000000711600000| PB 0x0000000711400000| Complete 
|  55|0x0000000711600000, 0x0000000711800000, 0x0000000711800000|100%|HC|  |TAMS 0x0000000711800000| PB 0x0000000711600000| Complete 
|  56|0x0000000711800000, 0x0000000711a00000, 0x0000000711a00000|100%|HC|  |TAMS 0x0000000711a00000| PB 0x0000000711800000| Complete 
|  57|0x0000000711a00000, 0x0000000711c00000, 0x0000000711c00000|100%|HC|  |TAMS 0x0000000711c00000| PB 0x0000000711a00000| Complete 
|  58|0x0000000711c00000, 0x0000000711e00000, 0x0000000711e00000|100%|HC|  |TAMS 0x0000000711e00000| PB 0x0000000711c00000| Complete 
|  59|0x0000000711e00000, 0x0000000712000000, 0x0000000712000000|100%|HC|  |TAMS 0x0000000712000000| PB 0x0000000711e00000| Complete 
|  60|0x0000000712000000, 0x0000000712200000, 0x0000000712200000|100%|HS|  |TAMS 0x0000000712200000| PB 0x0000000712000000| Complete 
|  61|0x0000000712200000, 0x0000000712400000, 0x0000000712400000|100%|HC|  |TAMS 0x0000000712400000| PB 0x0000000712200000| Complete 
|  62|0x0000000712400000, 0x0000000712600000, 0x0000000712600000|100%|HC|  |TAMS 0x0000000712600000| PB 0x0000000712400000| Complete 
|  63|0x0000000712600000, 0x0000000712800000, 0x0000000712800000|100%|HC|  |TAMS 0x0000000712800000| PB 0x0000000712600000| Complete 
|  64|0x0000000712800000, 0x0000000712a00000, 0x0000000712a00000|100%|HC|  |TAMS 0x0000000712a00000| PB 0x0000000712800000| Complete 
|  65|0x0000000712a00000, 0x0000000712c00000, 0x0000000712c00000|100%|HC|  |TAMS 0x0000000712c00000| PB 0x0000000712a00000| Complete 
|  66|0x0000000712c00000, 0x0000000712e00000, 0x0000000712e00000|100%|HC|  |TAMS 0x0000000712e00000| PB 0x0000000712c00000| Complete 
|  67|0x0000000712e00000, 0x0000000713000000, 0x0000000713000000|100%|HC|  |TAMS 0x0000000713000000| PB 0x0000000712e00000| Complete 
|  68|0x0000000713000000, 0x0000000713200000, 0x0000000713200000|100%|HC|  |TAMS 0x0000000713200000| PB 0x0000000713000000| Complete 
|  69|0x0000000713200000, 0x0000000713400000, 0x0000000713400000|100%|HC|  |TAMS 0x0000000713400000| PB 0x0000000713200000| Complete 
|  70|0x0000000713400000, 0x0000000713600000, 0x0000000713600000|100%|HC|  |TAMS 0x0000000713600000| PB 0x0000000713400000| Complete 
|  71|0x0000000713600000, 0x0000000713800000, 0x0000000713800000|100%|HC|  |TAMS 0x0000000713800000| PB 0x0000000713600000| Complete 
|  72|0x0000000713800000, 0x0000000713a00000, 0x0000000713a00000|100%|HC|  |TAMS 0x0000000713a00000| PB 0x0000000713800000| Complete 
|  73|0x0000000713a00000, 0x0000000713c00000, 0x0000000713c00000|100%|HC|  |TAMS 0x0000000713c00000| PB 0x0000000713a00000| Complete 
|  74|0x0000000713c00000, 0x0000000713e00000, 0x0000000713e00000|100%|HC|  |TAMS 0x0000000713e00000| PB 0x0000000713c00000| Complete 
|  75|0x0000000713e00000, 0x0000000714000000, 0x0000000714000000|100%|HC|  |TAMS 0x0000000714000000| PB 0x0000000713e00000| Complete 
|  76|0x0000000714000000, 0x0000000714200000, 0x0000000714200000|100%|HC|  |TAMS 0x0000000714200000| PB 0x0000000714000000| Complete 
|  77|0x0000000714200000, 0x0000000714400000, 0x0000000714400000|100%|HC|  |TAMS 0x0000000714400000| PB 0x0000000714200000| Complete 
|  78|0x0000000714400000, 0x0000000714600000, 0x0000000714600000|100%|HC|  |TAMS 0x0000000714600000| PB 0x0000000714400000| Complete 
|  79|0x0000000714600000, 0x0000000714800000, 0x0000000714800000|100%|HC|  |TAMS 0x0000000714800000| PB 0x0000000714600000| Complete 
|  80|0x0000000714800000, 0x0000000714a00000, 0x0000000714a00000|100%|HC|  |TAMS 0x0000000714a00000| PB 0x0000000714800000| Complete 
|  81|0x0000000714a00000, 0x0000000714c00000, 0x0000000714c00000|100%|HC|  |TAMS 0x0000000714c00000| PB 0x0000000714a00000| Complete 
|  82|0x0000000714c00000, 0x0000000714e00000, 0x0000000714e00000|100%|HC|  |TAMS 0x0000000714e00000| PB 0x0000000714c00000| Complete 
|  83|0x0000000714e00000, 0x0000000715000000, 0x0000000715000000|100%|HC|  |TAMS 0x0000000715000000| PB 0x0000000714e00000| Complete 
|  84|0x0000000715000000, 0x0000000715200000, 0x0000000715200000|100%|HC|  |TAMS 0x0000000715200000| PB 0x0000000715000000| Complete 
|  85|0x0000000715200000, 0x0000000715400000, 0x0000000715400000|100%|HC|  |TAMS 0x0000000715400000| PB 0x0000000715200000| Complete 
|  86|0x0000000715400000, 0x0000000715600000, 0x0000000715600000|100%|HC|  |TAMS 0x0000000715600000| PB 0x0000000715400000| Complete 
|  87|0x0000000715600000, 0x0000000715800000, 0x0000000715800000|100%|HC|  |TAMS 0x0000000715800000| PB 0x0000000715600000| Complete 
|  88|0x0000000715800000, 0x0000000715a00000, 0x0000000715a00000|100%|HC|  |TAMS 0x0000000715a00000| PB 0x0000000715800000| Complete 
|  89|0x0000000715a00000, 0x0000000715c00000, 0x0000000715c00000|100%|HC|  |TAMS 0x0000000715c00000| PB 0x0000000715a00000| Complete 
|  90|0x0000000715c00000, 0x0000000715e00000, 0x0000000715e00000|100%|HS|  |TAMS 0x0000000715e00000| PB 0x0000000715c00000| Complete 
|  91|0x0000000715e00000, 0x0000000716000000, 0x0000000716000000|100%|HC|  |TAMS 0x0000000716000000| PB 0x0000000715e00000| Complete 
|  92|0x0000000716000000, 0x0000000716200000, 0x0000000716200000|100%|HC|  |TAMS 0x0000000716200000| PB 0x0000000716000000| Complete 
|  93|0x0000000716200000, 0x0000000716400000, 0x0000000716400000|100%|HC|  |TAMS 0x0000000716400000| PB 0x0000000716200000| Complete 
|  94|0x0000000716400000, 0x0000000716600000, 0x0000000716600000|100%|HC|  |TAMS 0x0000000716600000| PB 0x0000000716400000| Complete 
|  95|0x0000000716600000, 0x0000000716800000, 0x0000000716800000|100%|HC|  |TAMS 0x0000000716800000| PB 0x0000000716600000| Complete 
|  96|0x0000000716800000, 0x0000000716a00000, 0x0000000716a00000|100%|HC|  |TAMS 0x0000000716a00000| PB 0x0000000716800000| Complete 
|  97|0x0000000716a00000, 0x0000000716c00000, 0x0000000716c00000|100%|HC|  |TAMS 0x0000000716c00000| PB 0x0000000716a00000| Complete 
|  98|0x0000000716c00000, 0x0000000716e00000, 0x0000000716e00000|100%|HC|  |TAMS 0x0000000716e00000| PB 0x0000000716c00000| Complete 
|  99|0x0000000716e00000, 0x0000000717000000, 0x0000000717000000|100%|HC|  |TAMS 0x0000000717000000| PB 0x0000000716e00000| Complete 
| 100|0x0000000717000000, 0x0000000717200000, 0x0000000717200000|100%|HC|  |TAMS 0x0000000717200000| PB 0x0000000717000000| Complete 
| 101|0x0000000717200000, 0x0000000717400000, 0x0000000717400000|100%|HC|  |TAMS 0x0000000717400000| PB 0x0000000717200000| Complete 
| 102|0x0000000717400000, 0x0000000717600000, 0x0000000717600000|100%|HC|  |TAMS 0x0000000717600000| PB 0x0000000717400000| Complete 
| 103|0x0000000717600000, 0x0000000717800000, 0x0000000717800000|100%|HC|  |TAMS 0x0000000717800000| PB 0x0000000717600000| Complete 
| 104|0x0000000717800000, 0x0000000717a00000, 0x0000000717a00000|100%|HC|  |TAMS 0x0000000717a00000| PB 0x0000000717800000| Complete 
| 105|0x0000000717a00000, 0x0000000717c00000, 0x0000000717c00000|100%|HC|  |TAMS 0x0000000717c00000| PB 0x0000000717a00000| Complete 
| 106|0x0000000717c00000, 0x0000000717e00000, 0x0000000717e00000|100%|HC|  |TAMS 0x0000000717e00000| PB 0x0000000717c00000| Complete 
| 107|0x0000000717e00000, 0x0000000718000000, 0x0000000718000000|100%|HC|  |TAMS 0x0000000718000000| PB 0x0000000717e00000| Complete 
| 108|0x0000000718000000, 0x0000000718200000, 0x0000000718200000|100%|HC|  |TAMS 0x0000000718200000| PB 0x0000000718000000| Complete 
| 109|0x0000000718200000, 0x0000000718400000, 0x0000000718400000|100%|HC|  |TAMS 0x0000000718400000| PB 0x0000000718200000| Complete 
| 110|0x0000000718400000, 0x0000000718600000, 0x0000000718600000|100%|HC|  |TAMS 0x0000000718600000| PB 0x0000000718400000| Complete 
| 111|0x0000000718600000, 0x0000000718800000, 0x0000000718800000|100%|HC|  |TAMS 0x0000000718800000| PB 0x0000000718600000| Complete 
| 112|0x0000000718800000, 0x0000000718a00000, 0x0000000718a00000|100%|HC|  |TAMS 0x0000000718a00000| PB 0x0000000718800000| Complete 
| 113|0x0000000718a00000, 0x0000000718c00000, 0x0000000718c00000|100%|HC|  |TAMS 0x0000000718c00000| PB 0x0000000718a00000| Complete 
| 114|0x0000000718c00000, 0x0000000718e00000, 0x0000000718e00000|100%|HC|  |TAMS 0x0000000718e00000| PB 0x0000000718c00000| Complete 
| 115|0x0000000718e00000, 0x0000000719000000, 0x0000000719000000|100%|HC|  |TAMS 0x0000000719000000| PB 0x0000000718e00000| Complete 
| 116|0x0000000719000000, 0x0000000719200000, 0x0000000719200000|100%|HC|  |TAMS 0x0000000719200000| PB 0x0000000719000000| Complete 
| 117|0x0000000719200000, 0x0000000719400000, 0x0000000719400000|100%|HC|  |TAMS 0x0000000719400000| PB 0x0000000719200000| Complete 
| 118|0x0000000719400000, 0x0000000719600000, 0x0000000719600000|100%|HS|  |TAMS 0x0000000719600000| PB 0x0000000719400000| Complete 
| 119|0x0000000719600000, 0x0000000719800000, 0x0000000719800000|100%|HC|  |TAMS 0x0000000719800000| PB 0x0000000719600000| Complete 
| 120|0x0000000719800000, 0x0000000719a00000, 0x0000000719a00000|100%|HC|  |TAMS 0x0000000719a00000| PB 0x0000000719800000| Complete 
| 121|0x0000000719a00000, 0x0000000719c00000, 0x0000000719c00000|100%|HC|  |TAMS 0x0000000719c00000| PB 0x0000000719a00000| Complete 
| 122|0x0000000719c00000, 0x0000000719e00000, 0x0000000719e00000|100%|HC|  |TAMS 0x0000000719e00000| PB 0x0000000719c00000| Complete 
| 123|0x0000000719e00000, 0x000000071a000000, 0x000000071a000000|100%|HC|  |TAMS 0x000000071a000000| PB 0x0000000719e00000| Complete 
| 124|0x000000071a000000, 0x000000071a200000, 0x000000071a200000|100%|HC|  |TAMS 0x000000071a200000| PB 0x000000071a000000| Complete 
| 125|0x000000071a200000, 0x000000071a400000, 0x000000071a400000|100%|HC|  |TAMS 0x000000071a400000| PB 0x000000071a200000| Complete 
| 126|0x000000071a400000, 0x000000071a600000, 0x000000071a600000|100%|HC|  |TAMS 0x000000071a600000| PB 0x000000071a400000| Complete 
| 127|0x000000071a600000, 0x000000071a800000, 0x000000071a800000|100%|HC|  |TAMS 0x000000071a800000| PB 0x000000071a600000| Complete 
| 128|0x000000071a800000, 0x000000071aa00000, 0x000000071aa00000|100%|HC|  |TAMS 0x000000071aa00000| PB 0x000000071a800000| Complete 
| 129|0x000000071aa00000, 0x000000071ac00000, 0x000000071ac00000|100%|HC|  |TAMS 0x000000071ac00000| PB 0x000000071aa00000| Complete 
| 130|0x000000071ac00000, 0x000000071ae00000, 0x000000071ae00000|100%|HC|  |TAMS 0x000000071ae00000| PB 0x000000071ac00000| Complete 
| 131|0x000000071ae00000, 0x000000071b000000, 0x000000071b000000|100%|HC|  |TAMS 0x000000071b000000| PB 0x000000071ae00000| Complete 
| 132|0x000000071b000000, 0x000000071b200000, 0x000000071b200000|100%|HC|  |TAMS 0x000000071b200000| PB 0x000000071b000000| Complete 
| 133|0x000000071b200000, 0x000000071b400000, 0x000000071b400000|100%|HC|  |TAMS 0x000000071b400000| PB 0x000000071b200000| Complete 
| 134|0x000000071b400000, 0x000000071b600000, 0x000000071b600000|100%|HC|  |TAMS 0x000000071b600000| PB 0x000000071b400000| Complete 
| 135|0x000000071b600000, 0x000000071b800000, 0x000000071b800000|100%|HC|  |TAMS 0x000000071b800000| PB 0x000000071b600000| Complete 
| 136|0x000000071b800000, 0x000000071ba00000, 0x000000071ba00000|100%|HC|  |TAMS 0x000000071ba00000| PB 0x000000071b800000| Complete 
| 137|0x000000071ba00000, 0x000000071bc00000, 0x000000071bc00000|100%|HC|  |TAMS 0x000000071bc00000| PB 0x000000071ba00000| Complete 
| 138|0x000000071bc00000, 0x000000071be00000, 0x000000071be00000|100%|HC|  |TAMS 0x000000071be00000| PB 0x000000071bc00000| Complete 
| 139|0x000000071be00000, 0x000000071c000000, 0x000000071c000000|100%|HC|  |TAMS 0x000000071c000000| PB 0x000000071be00000| Complete 
| 140|0x000000071c000000, 0x000000071c200000, 0x000000071c200000|100%|HC|  |TAMS 0x000000071c200000| PB 0x000000071c000000| Complete 
| 141|0x000000071c200000, 0x000000071c400000, 0x000000071c400000|100%|HC|  |TAMS 0x000000071c400000| PB 0x000000071c200000| Complete 
| 142|0x000000071c400000, 0x000000071c600000, 0x000000071c600000|100%|HC|  |TAMS 0x000000071c600000| PB 0x000000071c400000| Complete 
| 143|0x000000071c600000, 0x000000071c800000, 0x000000071c800000|100%|HC|  |TAMS 0x000000071c800000| PB 0x000000071c600000| Complete 
| 144|0x000000071c800000, 0x000000071ca00000, 0x000000071ca00000|100%|HC|  |TAMS 0x000000071ca00000| PB 0x000000071c800000| Complete 
| 145|0x000000071ca00000, 0x000000071cc00000, 0x000000071cc00000|100%|HC|  |TAMS 0x000000071cc00000| PB 0x000000071ca00000| Complete 
| 146|0x000000071cc00000, 0x000000071ce00000, 0x000000071ce00000|100%|HS|  |TAMS 0x000000071ce00000| PB 0x000000071cc00000| Complete 
| 147|0x000000071ce00000, 0x000000071d000000, 0x000000071d000000|100%|HC|  |TAMS 0x000000071d000000| PB 0x000000071ce00000| Complete 
| 148|0x000000071d000000, 0x000000071d200000, 0x000000071d200000|100%|HC|  |TAMS 0x000000071d200000| PB 0x000000071d000000| Complete 
| 149|0x000000071d200000, 0x000000071d400000, 0x000000071d400000|100%|HC|  |TAMS 0x000000071d400000| PB 0x000000071d200000| Complete 
| 150|0x000000071d400000, 0x000000071d600000, 0x000000071d600000|100%|HC|  |TAMS 0x000000071d600000| PB 0x000000071d400000| Complete 
| 151|0x000000071d600000, 0x000000071d800000, 0x000000071d800000|100%|HC|  |TAMS 0x000000071d800000| PB 0x000000071d600000| Complete 
| 152|0x000000071d800000, 0x000000071da00000, 0x000000071da00000|100%|HC|  |TAMS 0x000000071da00000| PB 0x000000071d800000| Complete 
| 153|0x000000071da00000, 0x000000071dc00000, 0x000000071dc00000|100%|HC|  |TAMS 0x000000071dc00000| PB 0x000000071da00000| Complete 
| 154|0x000000071dc00000, 0x000000071de00000, 0x000000071de00000|100%|HC|  |TAMS 0x000000071de00000| PB 0x000000071dc00000| Complete 
| 155|0x000000071de00000, 0x000000071e000000, 0x000000071e000000|100%|HC|  |TAMS 0x000000071e000000| PB 0x000000071de00000| Complete 
| 156|0x000000071e000000, 0x000000071e200000, 0x000000071e200000|100%|HC|  |TAMS 0x000000071e200000| PB 0x000000071e000000| Complete 
| 157|0x000000071e200000, 0x000000071e400000, 0x000000071e400000|100%|HC|  |TAMS 0x000000071e400000| PB 0x000000071e200000| Complete 
| 158|0x000000071e400000, 0x000000071e600000, 0x000000071e600000|100%|HC|  |TAMS 0x000000071e600000| PB 0x000000071e400000| Complete 
| 159|0x000000071e600000, 0x000000071e800000, 0x000000071e800000|100%|HC|  |TAMS 0x000000071e800000| PB 0x000000071e600000| Complete 
| 160|0x000000071e800000, 0x000000071ea00000, 0x000000071ea00000|100%|HC|  |TAMS 0x000000071ea00000| PB 0x000000071e800000| Complete 
| 161|0x000000071ea00000, 0x000000071ec00000, 0x000000071ec00000|100%|HC|  |TAMS 0x000000071ec00000| PB 0x000000071ea00000| Complete 
| 162|0x000000071ec00000, 0x000000071ee00000, 0x000000071ee00000|100%|HC|  |TAMS 0x000000071ee00000| PB 0x000000071ec00000| Complete 
| 163|0x000000071ee00000, 0x000000071f000000, 0x000000071f000000|100%|HC|  |TAMS 0x000000071f000000| PB 0x000000071ee00000| Complete 
| 164|0x000000071f000000, 0x000000071f200000, 0x000000071f200000|100%|HC|  |TAMS 0x000000071f200000| PB 0x000000071f000000| Complete 
| 165|0x000000071f200000, 0x000000071f400000, 0x000000071f400000|100%|HC|  |TAMS 0x000000071f400000| PB 0x000000071f200000| Complete 
| 166|0x000000071f400000, 0x000000071f600000, 0x000000071f600000|100%|HC|  |TAMS 0x000000071f600000| PB 0x000000071f400000| Complete 
| 167|0x000000071f600000, 0x000000071f800000, 0x000000071f800000|100%|HC|  |TAMS 0x000000071f800000| PB 0x000000071f600000| Complete 
| 168|0x000000071f800000, 0x000000071fa00000, 0x000000071fa00000|100%|HC|  |TAMS 0x000000071fa00000| PB 0x000000071f800000| Complete 
| 169|0x000000071fa00000, 0x000000071fc00000, 0x000000071fc00000|100%|HC|  |TAMS 0x000000071fc00000| PB 0x000000071fa00000| Complete 
| 170|0x000000071fc00000, 0x000000071fe00000, 0x000000071fe00000|100%|HC|  |TAMS 0x000000071fe00000| PB 0x000000071fc00000| Complete 
| 171|0x000000071fe00000, 0x0000000720000000, 0x0000000720000000|100%|HC|  |TAMS 0x0000000720000000| PB 0x000000071fe00000| Complete 
| 172|0x0000000720000000, 0x0000000720200000, 0x0000000720200000|100%|HC|  |TAMS 0x0000000720200000| PB 0x0000000720000000| Complete 
| 173|0x0000000720200000, 0x0000000720400000, 0x0000000720400000|100%|HC|  |TAMS 0x0000000720400000| PB 0x0000000720200000| Complete 
| 174|0x0000000720400000, 0x0000000720600000, 0x0000000720600000|100%|HS|  |TAMS 0x0000000720600000| PB 0x0000000720400000| Complete 
| 175|0x0000000720600000, 0x0000000720800000, 0x0000000720800000|100%|HS|  |TAMS 0x0000000720800000| PB 0x0000000720600000| Complete 
| 176|0x0000000720800000, 0x0000000720a00000, 0x0000000720a00000|100%|HS|  |TAMS 0x0000000720a00000| PB 0x0000000720800000| Complete 
| 177|0x0000000720a00000, 0x0000000720c00000, 0x0000000720c00000|100%|HS|  |TAMS 0x0000000720c00000| PB 0x0000000720a00000| Complete 
| 178|0x0000000720c00000, 0x0000000720e00000, 0x0000000720e00000|100%|HS|  |TAMS 0x0000000720e00000| PB 0x0000000720c00000| Complete 
| 179|0x0000000720e00000, 0x0000000721000000, 0x0000000721000000|100%|HS|  |TAMS 0x0000000721000000| PB 0x0000000720e00000| Complete 
| 180|0x0000000721000000, 0x0000000721000000, 0x0000000721200000|  0%| F|  |TAMS 0x0000000721000000| PB 0x0000000721000000| Untracked 
| 181|0x0000000721200000, 0x0000000721200000, 0x0000000721400000|  0%| F|  |TAMS 0x0000000721200000| PB 0x0000000721200000| Untracked 
| 182|0x0000000721400000, 0x0000000721400000, 0x0000000721600000|  0%| F|  |TAMS 0x0000000721400000| PB 0x0000000721400000| Untracked 
| 183|0x0000000721600000, 0x0000000721600000, 0x0000000721800000|  0%| F|  |TAMS 0x0000000721600000| PB 0x0000000721600000| Untracked 
| 184|0x0000000721800000, 0x0000000721800000, 0x0000000721a00000|  0%| F|  |TAMS 0x0000000721800000| PB 0x0000000721800000| Untracked 
| 185|0x0000000721a00000, 0x0000000721a00000, 0x0000000721c00000|  0%| F|  |TAMS 0x0000000721a00000| PB 0x0000000721a00000| Untracked 
| 186|0x0000000721c00000, 0x0000000721c00000, 0x0000000721e00000|  0%| F|  |TAMS 0x0000000721c00000| PB 0x0000000721c00000| Untracked 
| 187|0x0000000721e00000, 0x0000000721e00000, 0x0000000722000000|  0%| F|  |TAMS 0x0000000721e00000| PB 0x0000000721e00000| Untracked 
| 188|0x0000000722000000, 0x0000000722000000, 0x0000000722200000|  0%| F|  |TAMS 0x0000000722000000| PB 0x0000000722000000| Untracked 
| 189|0x0000000722200000, 0x0000000722200000, 0x0000000722400000|  0%| F|  |TAMS 0x0000000722200000| PB 0x0000000722200000| Untracked 
| 190|0x0000000722400000, 0x0000000722400000, 0x0000000722600000|  0%| F|  |TAMS 0x0000000722400000| PB 0x0000000722400000| Untracked 
| 191|0x0000000722600000, 0x0000000722600000, 0x0000000722800000|  0%| F|  |TAMS 0x0000000722600000| PB 0x0000000722600000| Untracked 
| 192|0x0000000722800000, 0x0000000722800000, 0x0000000722a00000|  0%| F|  |TAMS 0x0000000722800000| PB 0x0000000722800000| Untracked 
| 193|0x0000000722a00000, 0x0000000722a00000, 0x0000000722c00000|  0%| F|  |TAMS 0x0000000722a00000| PB 0x0000000722a00000| Untracked 
| 194|0x0000000722c00000, 0x0000000722c00000, 0x0000000722e00000|  0%| F|  |TAMS 0x0000000722c00000| PB 0x0000000722c00000| Untracked 
| 195|0x0000000722e00000, 0x0000000722e00000, 0x0000000723000000|  0%| F|  |TAMS 0x0000000722e00000| PB 0x0000000722e00000| Untracked 
| 196|0x0000000723000000, 0x0000000723000000, 0x0000000723200000|  0%| F|  |TAMS 0x0000000723000000| PB 0x0000000723000000| Untracked 
| 197|0x0000000723200000, 0x0000000723200000, 0x0000000723400000|  0%| F|  |TAMS 0x0000000723200000| PB 0x0000000723200000| Untracked 
| 198|0x0000000723400000, 0x0000000723400000, 0x0000000723600000|  0%| F|  |TAMS 0x0000000723400000| PB 0x0000000723400000| Untracked 
| 199|0x0000000723600000, 0x0000000723600000, 0x0000000723800000|  0%| F|  |TAMS 0x0000000723600000| PB 0x0000000723600000| Untracked 
| 200|0x0000000723800000, 0x0000000723800000, 0x0000000723a00000|  0%| F|  |TAMS 0x0000000723800000| PB 0x0000000723800000| Untracked 
| 201|0x0000000723a00000, 0x0000000723a00000, 0x0000000723c00000|  0%| F|  |TAMS 0x0000000723a00000| PB 0x0000000723a00000| Untracked 
| 202|0x0000000723c00000, 0x0000000723c00000, 0x0000000723e00000|  0%| F|  |TAMS 0x0000000723c00000| PB 0x0000000723c00000| Untracked 
| 203|0x0000000723e00000, 0x0000000723e00000, 0x0000000724000000|  0%| F|  |TAMS 0x0000000723e00000| PB 0x0000000723e00000| Untracked 
| 204|0x0000000724000000, 0x0000000724000000, 0x0000000724200000|  0%| F|  |TAMS 0x0000000724000000| PB 0x0000000724000000| Untracked 
| 205|0x0000000724200000, 0x0000000724200000, 0x0000000724400000|  0%| F|  |TAMS 0x0000000724200000| PB 0x0000000724200000| Untracked 
| 206|0x0000000724400000, 0x0000000724400000, 0x0000000724600000|  0%| F|  |TAMS 0x0000000724400000| PB 0x0000000724400000| Untracked 
| 207|0x0000000724600000, 0x0000000724600000, 0x0000000724800000|  0%| F|  |TAMS 0x0000000724600000| PB 0x0000000724600000| Untracked 
| 208|0x0000000724800000, 0x0000000724800000, 0x0000000724a00000|  0%| F|  |TAMS 0x0000000724800000| PB 0x0000000724800000| Untracked 
| 209|0x0000000724a00000, 0x0000000724a00000, 0x0000000724c00000|  0%| F|  |TAMS 0x0000000724a00000| PB 0x0000000724a00000| Untracked 
| 210|0x0000000724c00000, 0x0000000724c00000, 0x0000000724e00000|  0%| F|  |TAMS 0x0000000724c00000| PB 0x0000000724c00000| Untracked 
| 211|0x0000000724e00000, 0x0000000724e00000, 0x0000000725000000|  0%| F|  |TAMS 0x0000000724e00000| PB 0x0000000724e00000| Untracked 
| 212|0x0000000725000000, 0x0000000725000000, 0x0000000725200000|  0%| F|  |TAMS 0x0000000725000000| PB 0x0000000725000000| Untracked 
| 213|0x0000000725200000, 0x0000000725200000, 0x0000000725400000|  0%| F|  |TAMS 0x0000000725200000| PB 0x0000000725200000| Untracked 
| 214|0x0000000725400000, 0x0000000725400000, 0x0000000725600000|  0%| F|  |TAMS 0x0000000725400000| PB 0x0000000725400000| Untracked 
| 215|0x0000000725600000, 0x0000000725600000, 0x0000000725800000|  0%| F|  |TAMS 0x0000000725600000| PB 0x0000000725600000| Untracked 
| 216|0x0000000725800000, 0x0000000725800000, 0x0000000725a00000|  0%| F|  |TAMS 0x0000000725800000| PB 0x0000000725800000| Untracked 
| 217|0x0000000725a00000, 0x0000000725a00000, 0x0000000725c00000|  0%| F|  |TAMS 0x0000000725a00000| PB 0x0000000725a00000| Untracked 
| 218|0x0000000725c00000, 0x0000000725c00000, 0x0000000725e00000|  0%| F|  |TAMS 0x0000000725c00000| PB 0x0000000725c00000| Untracked 
| 219|0x0000000725e00000, 0x0000000725e00000, 0x0000000726000000|  0%| F|  |TAMS 0x0000000725e00000| PB 0x0000000725e00000| Untracked 
| 220|0x0000000726000000, 0x0000000726000000, 0x0000000726200000|  0%| F|  |TAMS 0x0000000726000000| PB 0x0000000726000000| Untracked 
| 221|0x0000000726200000, 0x0000000726200000, 0x0000000726400000|  0%| F|  |TAMS 0x0000000726200000| PB 0x0000000726200000| Untracked 
| 222|0x0000000726400000, 0x0000000726400000, 0x0000000726600000|  0%| F|  |TAMS 0x0000000726400000| PB 0x0000000726400000| Untracked 
| 223|0x0000000726600000, 0x0000000726600000, 0x0000000726800000|  0%| F|  |TAMS 0x0000000726600000| PB 0x0000000726600000| Untracked 
| 224|0x0000000726800000, 0x0000000726800000, 0x0000000726a00000|  0%| F|  |TAMS 0x0000000726800000| PB 0x0000000726800000| Untracked 
| 225|0x0000000726a00000, 0x0000000726a00000, 0x0000000726c00000|  0%| F|  |TAMS 0x0000000726a00000| PB 0x0000000726a00000| Untracked 
| 226|0x0000000726c00000, 0x0000000726c00000, 0x0000000726e00000|  0%| F|  |TAMS 0x0000000726c00000| PB 0x0000000726c00000| Untracked 
| 227|0x0000000726e00000, 0x0000000726e00000, 0x0000000727000000|  0%| F|  |TAMS 0x0000000726e00000| PB 0x0000000726e00000| Untracked 
| 228|0x0000000727000000, 0x0000000727000000, 0x0000000727200000|  0%| F|  |TAMS 0x0000000727000000| PB 0x0000000727000000| Untracked 
| 229|0x0000000727200000, 0x0000000727200000, 0x0000000727400000|  0%| F|  |TAMS 0x0000000727200000| PB 0x0000000727200000| Untracked 
| 230|0x0000000727400000, 0x0000000727400000, 0x0000000727600000|  0%| F|  |TAMS 0x0000000727400000| PB 0x0000000727400000| Untracked 
| 231|0x0000000727600000, 0x0000000727600000, 0x0000000727800000|  0%| F|  |TAMS 0x0000000727600000| PB 0x0000000727600000| Untracked 
| 232|0x0000000727800000, 0x0000000727800000, 0x0000000727a00000|  0%| F|  |TAMS 0x0000000727800000| PB 0x0000000727800000| Untracked 
| 233|0x0000000727a00000, 0x0000000727a00000, 0x0000000727c00000|  0%| F|  |TAMS 0x0000000727a00000| PB 0x0000000727a00000| Untracked 
| 234|0x0000000727c00000, 0x0000000727c00000, 0x0000000727e00000|  0%| F|  |TAMS 0x0000000727c00000| PB 0x0000000727c00000| Untracked 
| 235|0x0000000727e00000, 0x0000000727e00000, 0x0000000728000000|  0%| F|  |TAMS 0x0000000727e00000| PB 0x0000000727e00000| Untracked 
| 236|0x0000000728000000, 0x0000000728000000, 0x0000000728200000|  0%| F|  |TAMS 0x0000000728000000| PB 0x0000000728000000| Untracked 
| 237|0x0000000728200000, 0x0000000728200000, 0x0000000728400000|  0%| F|  |TAMS 0x0000000728200000| PB 0x0000000728200000| Untracked 
| 238|0x0000000728400000, 0x0000000728400000, 0x0000000728600000|  0%| F|  |TAMS 0x0000000728400000| PB 0x0000000728400000| Untracked 
| 239|0x0000000728600000, 0x0000000728600000, 0x0000000728800000|  0%| F|  |TAMS 0x0000000728600000| PB 0x0000000728600000| Untracked 
| 240|0x0000000728800000, 0x0000000728800000, 0x0000000728a00000|  0%| F|  |TAMS 0x0000000728800000| PB 0x0000000728800000| Untracked 
| 241|0x0000000728a00000, 0x0000000728a00000, 0x0000000728c00000|  0%| F|  |TAMS 0x0000000728a00000| PB 0x0000000728a00000| Untracked 
| 242|0x0000000728c00000, 0x0000000728c00000, 0x0000000728e00000|  0%| F|  |TAMS 0x0000000728c00000| PB 0x0000000728c00000| Untracked 
| 243|0x0000000728e00000, 0x0000000728e00000, 0x0000000729000000|  0%| F|  |TAMS 0x0000000728e00000| PB 0x0000000728e00000| Untracked 
| 244|0x0000000729000000, 0x0000000729000000, 0x0000000729200000|  0%| F|  |TAMS 0x0000000729000000| PB 0x0000000729000000| Untracked 
| 245|0x0000000729200000, 0x0000000729200000, 0x0000000729400000|  0%| F|  |TAMS 0x0000000729200000| PB 0x0000000729200000| Untracked 
| 246|0x0000000729400000, 0x0000000729400000, 0x0000000729600000|  0%| F|  |TAMS 0x0000000729400000| PB 0x0000000729400000| Untracked 
| 247|0x0000000729600000, 0x0000000729600000, 0x0000000729800000|  0%| F|  |TAMS 0x0000000729600000| PB 0x0000000729600000| Untracked 
| 248|0x0000000729800000, 0x0000000729800000, 0x0000000729a00000|  0%| F|  |TAMS 0x0000000729800000| PB 0x0000000729800000| Untracked 
| 249|0x0000000729a00000, 0x0000000729a00000, 0x0000000729c00000|  0%| F|  |TAMS 0x0000000729a00000| PB 0x0000000729a00000| Untracked 
| 250|0x0000000729c00000, 0x0000000729c00000, 0x0000000729e00000|  0%| F|  |TAMS 0x0000000729c00000| PB 0x0000000729c00000| Untracked 
| 251|0x0000000729e00000, 0x0000000729e00000, 0x000000072a000000|  0%| F|  |TAMS 0x0000000729e00000| PB 0x0000000729e00000| Untracked 
| 252|0x000000072a000000, 0x000000072a000000, 0x000000072a200000|  0%| F|  |TAMS 0x000000072a000000| PB 0x000000072a000000| Untracked 
| 253|0x000000072a200000, 0x000000072a200000, 0x000000072a400000|  0%| F|  |TAMS 0x000000072a200000| PB 0x000000072a200000| Untracked 
| 254|0x000000072a400000, 0x000000072a400000, 0x000000072a600000|  0%| F|  |TAMS 0x000000072a400000| PB 0x000000072a400000| Untracked 
| 255|0x000000072a600000, 0x000000072a600000, 0x000000072a800000|  0%| F|  |TAMS 0x000000072a600000| PB 0x000000072a600000| Untracked 
| 256|0x000000072a800000, 0x000000072a800000, 0x000000072aa00000|  0%| F|  |TAMS 0x000000072a800000| PB 0x000000072a800000| Untracked 
| 257|0x000000072aa00000, 0x000000072aa00000, 0x000000072ac00000|  0%| F|  |TAMS 0x000000072aa00000| PB 0x000000072aa00000| Untracked 
| 258|0x000000072ac00000, 0x000000072ac00000, 0x000000072ae00000|  0%| F|  |TAMS 0x000000072ac00000| PB 0x000000072ac00000| Untracked 
| 259|0x000000072ae00000, 0x000000072ae00000, 0x000000072b000000|  0%| F|  |TAMS 0x000000072ae00000| PB 0x000000072ae00000| Untracked 
| 260|0x000000072b000000, 0x000000072b000000, 0x000000072b200000|  0%| F|  |TAMS 0x000000072b000000| PB 0x000000072b000000| Untracked 
| 261|0x000000072b200000, 0x000000072b200000, 0x000000072b400000|  0%| F|  |TAMS 0x000000072b200000| PB 0x000000072b200000| Untracked 
| 262|0x000000072b400000, 0x000000072b400000, 0x000000072b600000|  0%| F|  |TAMS 0x000000072b400000| PB 0x000000072b400000| Untracked 
| 263|0x000000072b600000, 0x000000072b600000, 0x000000072b800000|  0%| F|  |TAMS 0x000000072b600000| PB 0x000000072b600000| Untracked 
| 264|0x000000072b800000, 0x000000072b800000, 0x000000072ba00000|  0%| F|  |TAMS 0x000000072b800000| PB 0x000000072b800000| Untracked 
| 265|0x000000072ba00000, 0x000000072ba00000, 0x000000072bc00000|  0%| F|  |TAMS 0x000000072ba00000| PB 0x000000072ba00000| Untracked 
| 266|0x000000072bc00000, 0x000000072bc00000, 0x000000072be00000|  0%| F|  |TAMS 0x000000072bc00000| PB 0x000000072bc00000| Untracked 
| 267|0x000000072be00000, 0x000000072be00000, 0x000000072c000000|  0%| F|  |TAMS 0x000000072be00000| PB 0x000000072be00000| Untracked 
| 268|0x000000072c000000, 0x000000072c000000, 0x000000072c200000|  0%| F|  |TAMS 0x000000072c000000| PB 0x000000072c000000| Untracked 
| 269|0x000000072c200000, 0x000000072c200000, 0x000000072c400000|  0%| F|  |TAMS 0x000000072c200000| PB 0x000000072c200000| Untracked 
| 270|0x000000072c400000, 0x000000072c400000, 0x000000072c600000|  0%| F|  |TAMS 0x000000072c400000| PB 0x000000072c400000| Untracked 
| 271|0x000000072c600000, 0x000000072c600000, 0x000000072c800000|  0%| F|  |TAMS 0x000000072c600000| PB 0x000000072c600000| Untracked 
| 272|0x000000072c800000, 0x000000072c800000, 0x000000072ca00000|  0%| F|  |TAMS 0x000000072c800000| PB 0x000000072c800000| Untracked 
| 273|0x000000072ca00000, 0x000000072ca00000, 0x000000072cc00000|  0%| F|  |TAMS 0x000000072ca00000| PB 0x000000072ca00000| Untracked 
| 274|0x000000072cc00000, 0x000000072cc00000, 0x000000072ce00000|  0%| F|  |TAMS 0x000000072cc00000| PB 0x000000072cc00000| Untracked 
| 275|0x000000072ce00000, 0x000000072ce00000, 0x000000072d000000|  0%| F|  |TAMS 0x000000072ce00000| PB 0x000000072ce00000| Untracked 
| 276|0x000000072d000000, 0x000000072d000000, 0x000000072d200000|  0%| F|  |TAMS 0x000000072d000000| PB 0x000000072d000000| Untracked 
| 277|0x000000072d200000, 0x000000072d200000, 0x000000072d400000|  0%| F|  |TAMS 0x000000072d200000| PB 0x000000072d200000| Untracked 
| 278|0x000000072d400000, 0x000000072d400000, 0x000000072d600000|  0%| F|  |TAMS 0x000000072d400000| PB 0x000000072d400000| Untracked 
| 279|0x000000072d600000, 0x000000072d600000, 0x000000072d800000|  0%| F|  |TAMS 0x000000072d600000| PB 0x000000072d600000| Untracked 
| 280|0x000000072d800000, 0x000000072d800000, 0x000000072da00000|  0%| F|  |TAMS 0x000000072d800000| PB 0x000000072d800000| Untracked 
| 281|0x000000072da00000, 0x000000072da00000, 0x000000072dc00000|  0%| F|  |TAMS 0x000000072da00000| PB 0x000000072da00000| Untracked 
| 282|0x000000072dc00000, 0x000000072dc00000, 0x000000072de00000|  0%| F|  |TAMS 0x000000072dc00000| PB 0x000000072dc00000| Untracked 
| 283|0x000000072de00000, 0x000000072de00000, 0x000000072e000000|  0%| F|  |TAMS 0x000000072de00000| PB 0x000000072de00000| Untracked 
| 284|0x000000072e000000, 0x000000072e000000, 0x000000072e200000|  0%| F|  |TAMS 0x000000072e000000| PB 0x000000072e000000| Untracked 
| 285|0x000000072e200000, 0x000000072e200000, 0x000000072e400000|  0%| F|  |TAMS 0x000000072e200000| PB 0x000000072e200000| Untracked 
| 286|0x000000072e400000, 0x000000072e400000, 0x000000072e600000|  0%| F|  |TAMS 0x000000072e400000| PB 0x000000072e400000| Untracked 
| 287|0x000000072e600000, 0x000000072e600000, 0x000000072e800000|  0%| F|  |TAMS 0x000000072e600000| PB 0x000000072e600000| Untracked 
| 288|0x000000072e800000, 0x000000072e800000, 0x000000072ea00000|  0%| F|  |TAMS 0x000000072e800000| PB 0x000000072e800000| Untracked 
| 289|0x000000072ea00000, 0x000000072ea00000, 0x000000072ec00000|  0%| F|  |TAMS 0x000000072ea00000| PB 0x000000072ea00000| Untracked 
| 290|0x000000072ec00000, 0x000000072ec00000, 0x000000072ee00000|  0%| F|  |TAMS 0x000000072ec00000| PB 0x000000072ec00000| Untracked 
| 291|0x000000072ee00000, 0x000000072ee00000, 0x000000072f000000|  0%| F|  |TAMS 0x000000072ee00000| PB 0x000000072ee00000| Untracked 
| 292|0x000000072f000000, 0x000000072f000000, 0x000000072f200000|  0%| F|  |TAMS 0x000000072f000000| PB 0x000000072f000000| Untracked 
| 293|0x000000072f200000, 0x000000072f200000, 0x000000072f400000|  0%| F|  |TAMS 0x000000072f200000| PB 0x000000072f200000| Untracked 
| 294|0x000000072f400000, 0x000000072f400000, 0x000000072f600000|  0%| F|  |TAMS 0x000000072f400000| PB 0x000000072f400000| Untracked 
| 295|0x000000072f600000, 0x000000072f600000, 0x000000072f800000|  0%| F|  |TAMS 0x000000072f600000| PB 0x000000072f600000| Untracked 
| 296|0x000000072f800000, 0x000000072f800000, 0x000000072fa00000|  0%| F|  |TAMS 0x000000072f800000| PB 0x000000072f800000| Untracked 
| 297|0x000000072fa00000, 0x000000072fa00000, 0x000000072fc00000|  0%| F|  |TAMS 0x000000072fa00000| PB 0x000000072fa00000| Untracked 
| 298|0x000000072fc00000, 0x000000072fc00000, 0x000000072fe00000|  0%| F|  |TAMS 0x000000072fc00000| PB 0x000000072fc00000| Untracked 
| 299|0x000000072fe00000, 0x000000072fe00000, 0x0000000730000000|  0%| F|  |TAMS 0x000000072fe00000| PB 0x000000072fe00000| Untracked 
| 300|0x0000000730000000, 0x0000000730000000, 0x0000000730200000|  0%| F|  |TAMS 0x0000000730000000| PB 0x0000000730000000| Untracked 
| 301|0x0000000730200000, 0x0000000730200000, 0x0000000730400000|  0%| F|  |TAMS 0x0000000730200000| PB 0x0000000730200000| Untracked 
| 302|0x0000000730400000, 0x0000000730400000, 0x0000000730600000|  0%| F|  |TAMS 0x0000000730400000| PB 0x0000000730400000| Untracked 
| 303|0x0000000730600000, 0x0000000730600000, 0x0000000730800000|  0%| F|  |TAMS 0x0000000730600000| PB 0x0000000730600000| Untracked 
| 304|0x0000000730800000, 0x0000000730800000, 0x0000000730a00000|  0%| F|  |TAMS 0x0000000730800000| PB 0x0000000730800000| Untracked 
| 305|0x0000000730a00000, 0x0000000730a8a420, 0x0000000730c00000| 27%| S|CS|TAMS 0x0000000730a00000| PB 0x0000000730a00000| Complete 
| 306|0x0000000730c00000, 0x0000000730e00000, 0x0000000730e00000|100%| S|CS|TAMS 0x0000000730c00000| PB 0x0000000730c00000| Complete 
| 307|0x0000000730e00000, 0x0000000731000000, 0x0000000731000000|100%| S|CS|TAMS 0x0000000730e00000| PB 0x0000000730e00000| Complete 
| 308|0x0000000731000000, 0x0000000731200000, 0x0000000731200000|100%| S|CS|TAMS 0x0000000731000000| PB 0x0000000731000000| Complete 

Card table byte_map: [0x0000025447500000,0x0000025447cb0000] _byte_map_base: 0x0000025443cac000

Marking Bits: (CMBitMap*) 0x000002542f3f68e0
 Bits: [0x0000025447cb0000, 0x000002544ba10000)

Polling page: 0x000002542eb60000

Metaspace:

Usage:
  Non-class:      8.59 MB used.
      Class:      1.31 MB used.
       Both:      9.90 MB used.

Virtual space:
  Non-class space:       64.00 MB reserved,       8.75 MB ( 14%) committed,  1 nodes.
      Class space:        1.00 GB reserved,       1.44 MB ( <1%) committed,  1 nodes.
             Both:        1.06 GB reserved,      10.19 MB ( <1%) committed. 

Chunk freelists:
   Non-Class:  7.01 MB
       Class:  14.48 MB
        Both:  21.49 MB

MaxMetaspaceSize: unlimited
CompressedClassSpaceSize: 1.00 GB
Initial GC threshold: 21.00 MB
Current GC threshold: 21.00 MB
CDS: on
 - commit_granule_bytes: 65536.
 - commit_granule_words: 8192.
 - virtual_space_node_default_size: 8388608.
 - enlarge_chunks_in_place: 1.
 - use_allocation_guard: 0.


Internal statistics:

num_allocs_failed_limit: 0.
num_arena_births: 266.
num_arena_deaths: 0.
num_vsnodes_births: 2.
num_vsnodes_deaths: 0.
num_space_committed: 163.
num_space_uncommitted: 0.
num_chunks_returned_to_freelist: 0.
num_chunks_taken_from_freelist: 536.
num_chunk_merges: 0.
num_chunk_splits: 370.
num_chunks_enlarged: 267.
num_inconsistent_stats: 0.

CodeHeap 'non-profiled nmethods': size=120000Kb used=668Kb max_used=730Kb free=119331Kb
 bounds [0x000002543f2b0000, 0x000002543f520000, 0x00000254467e0000]
CodeHeap 'profiled nmethods': size=120000Kb used=2208Kb max_used=2684Kb free=117791Kb
 bounds [0x00000254377e0000, 0x0000025437a80000, 0x000002543ed10000]
CodeHeap 'non-nmethods': size=5760Kb used=1564Kb max_used=1588Kb free=4195Kb
 bounds [0x000002543ed10000, 0x000002543ef80000, 0x000002543f2b0000]
 total_blobs=2009 nmethods=1380 adapters=534
 compilation: enabled
              stopped_count=0, restarted_count=0
 full_count=0

Compilation events (20 events):
Event: 4.871 Thread 0x000002544e6799e0 1619 %     4       com.sun.javafx.iio.gif.GIFImageLoader2::decodeImage @ 26 (161 bytes)
Event: 4.872 Thread 0x000002544e67a6e0 nmethod 1620% 0x00000254377fd710 code [0x00000254377fd9c0, 0x00000254377fed30]
Event: 4.872 Thread 0x000002544e67a6e0 1621       3       com.sun.javafx.iio.gif.GIFImageLoader2::decodePalette (290 bytes)
Event: 4.873 Thread 0x000002544e67a6e0 nmethod 1621 0x000002543796d990 code [0x000002543796dc40, 0x000002543796eb90]
Event: 4.905 Thread 0x000002544e6799e0 nmethod 1619% 0x000002543f356990 code [0x000002543f356be0, 0x000002543f357d20]
Event: 4.906 Thread 0x000002544e6799e0 1622 %     4       com.sun.javafx.iio.gif.GIFImageLoader2::decodePalette @ 153 (290 bytes)
Event: 4.906 Thread 0x0000025495289630 1624 %     4       com.sun.javafx.iio.gif.GIFImageLoader2::decodeImage @ 48 (161 bytes)
Event: 4.938 Thread 0x0000025495289630 nmethod 1624% 0x000002543f326410 code [0x000002543f326660, 0x000002543f3276e8]
Event: 4.938 Thread 0x0000025495289630 1608       4       com.sun.javafx.iio.gif.GIFImageLoader2$LZWDecoder::nextByte (36 bytes)
Event: 4.939 Thread 0x0000025495289630 nmethod 1608 0x000002543f2bc890 code [0x000002543f2bca20, 0x000002543f2bcb48]
Event: 4.939 Thread 0x0000025495289630 1615 %     4       com.sun.javafx.iio.gif.GIFImageLoader2$LZWDecoder::initTable @ 52 (114 bytes)
Event: 4.941 Thread 0x000002544e6799e0 nmethod 1622% 0x000002543f2d8310 code [0x000002543f2d8500, 0x000002543f2d9118]
Event: 4.941 Thread 0x000002544e6799e0 1623 %     4       com.sun.javafx.iio.gif.GIFImageLoader2::restoreToBackground @ 28 (58 bytes)
Event: 4.945 Thread 0x000002544e6799e0 nmethod 1623% 0x000002543f325c10 code [0x000002543f325da0, 0x000002543f325ff8]
Event: 4.945 Thread 0x000002544e6799e0 1625       4       com.sun.javafx.iio.gif.GIFImageLoader2::decodePalette (290 bytes)
Event: 4.964 Thread 0x0000025495289630 nmethod 1615% 0x000002543f31e010 code [0x000002543f31e1c0, 0x000002543f31e538]
Event: 4.966 Thread 0x0000025495289630 1626       4       com.sun.javafx.iio.gif.GIFImageLoader2$LZWDecoder::initTable (114 bytes)
Event: 4.991 Thread 0x0000025495289630 nmethod 1626 0x000002543f2fbc10 code [0x000002543f2fbde0, 0x000002543f2fc2e0]
Event: 4.991 Thread 0x0000025495289630 1627       4       com.sun.javafx.iio.gif.GIFImageLoader2::decodeImage (161 bytes)
Event: 4.996 Thread 0x000002544e6799e0 nmethod 1625 0x000002543f2f4510 code [0x000002543f2f4700, 0x000002543f2f5498]

GC Heap History (20 events):
Event: 3.466 GC heap after
{Heap after GC invocations=3 (full 0):
 garbage-first heap   total 251904K, used 129022K [0x000000070a800000, 0x0000000800000000)
  region size 2048K, 3 young (6144K), 3 survivors (6144K)
 Metaspace       used 9903K, committed 10176K, reserved 1114112K
  class space    used 1301K, committed 1408K, reserved 1048576K
}
Event: 3.805 GC heap before
{Heap before GC invocations=4 (full 0):
 garbage-first heap   total 317440K, used 190462K [0x000000070a800000, 0x0000000800000000)
  region size 2048K, 4 young (8192K), 3 survivors (6144K)
 Metaspace       used 9903K, committed 10176K, reserved 1114112K
  class space    used 1301K, committed 1408K, reserved 1048576K
}
Event: 3.818 GC heap after
{Heap after GC invocations=5 (full 0):
 garbage-first heap   total 317440K, used 190282K [0x000000070a800000, 0x0000000800000000)
  region size 2048K, 3 young (6144K), 3 survivors (6144K)
 Metaspace       used 9903K, committed 10176K, reserved 1114112K
  class space    used 1301K, committed 1408K, reserved 1048576K
}
Event: 4.146 GC heap before
{Heap before GC invocations=6 (full 0):
 garbage-first heap   total 413696K, used 247626K [0x000000070a800000, 0x0000000800000000)
  region size 2048K, 4 young (8192K), 3 survivors (6144K)
 Metaspace       used 9904K, committed 10176K, reserved 1114112K
  class space    used 1301K, committed 1408K, reserved 1048576K
}
Event: 4.152 GC heap after
{Heap after GC invocations=7 (full 0):
 garbage-first heap   total 413696K, used 247746K [0x000000070a800000, 0x0000000800000000)
  region size 2048K, 3 young (6144K), 3 survivors (6144K)
 Metaspace       used 9904K, committed 10176K, reserved 1114112K
  class space    used 1301K, committed 1408K, reserved 1048576K
}
Event: 4.469 GC heap before
{Heap before GC invocations=8 (full 0):
 garbage-first heap   total 509952K, used 305090K [0x000000070a800000, 0x0000000800000000)
  region size 2048K, 4 young (8192K), 3 survivors (6144K)
 Metaspace       used 9910K, committed 10176K, reserved 1114112K
  class space    used 1301K, committed 1408K, reserved 1048576K
}
Event: 4.474 GC heap after
{Heap after GC invocations=9 (full 0):
 garbage-first heap   total 509952K, used 305497K [0x000000070a800000, 0x0000000800000000)
  region size 2048K, 4 young (8192K), 4 survivors (8192K)
 Metaspace       used 9910K, committed 10176K, reserved 1114112K
  class space    used 1301K, committed 1408K, reserved 1048576K
}
Event: 4.834 GC heap before
{Heap before GC invocations=10 (full 0):
 garbage-first heap   total 608256K, used 362841K [0x000000070a800000, 0x0000000800000000)
  region size 2048K, 5 young (10240K), 4 survivors (8192K)
 Metaspace       used 10115K, committed 10432K, reserved 1114112K
  class space    used 1336K, committed 1472K, reserved 1048576K
}
Event: 4.838 GC heap after
{Heap after GC invocations=11 (full 0):
 garbage-first heap   total 608256K, used 362496K [0x000000070a800000, 0x0000000800000000)
  region size 2048K, 3 young (6144K), 3 survivors (6144K)
 Metaspace       used 10115K, committed 10432K, reserved 1114112K
  class space    used 1336K, committed 1472K, reserved 1048576K
}
Event: 4.876 GC heap before
{Heap before GC invocations=12 (full 0):
 garbage-first heap   total 612352K, used 364544K [0x000000070a800000, 0x0000000800000000)
  region size 2048K, 4 young (8192K), 3 survivors (6144K)
 Metaspace       used 10133K, committed 10432K, reserved 1114112K
  class space    used 1336K, committed 1472K, reserved 1048576K
}
Event: 4.889 GC heap after
{Heap after GC invocations=13 (full 0):
 garbage-first heap   total 612352K, used 364811K [0x000000070a800000, 0x0000000800000000)
  region size 2048K, 4 young (8192K), 4 survivors (8192K)
 Metaspace       used 10133K, committed 10432K, reserved 1114112K
  class space    used 1336K, committed 1472K, reserved 1048576K
}
Event: 4.915 GC heap before
{Heap before GC invocations=14 (full 0):
 garbage-first heap   total 614400K, used 366859K [0x000000070a800000, 0x0000000800000000)
  region size 2048K, 5 young (10240K), 4 survivors (8192K)
 Metaspace       used 10133K, committed 10432K, reserved 1114112K
  class space    used 1336K, committed 1472K, reserved 1048576K
}
Event: 4.920 GC heap after
{Heap after GC invocations=15 (full 0):
 garbage-first heap   total 614400K, used 367048K [0x000000070a800000, 0x0000000800000000)
  region size 2048K, 4 young (8192K), 4 survivors (8192K)
 Metaspace       used 10133K, committed 10432K, reserved 1114112K
  class space    used 1336K, committed 1472K, reserved 1048576K
}
Event: 4.945 GC heap before
{Heap before GC invocations=16 (full 0):
 garbage-first heap   total 618496K, used 369096K [0x000000070a800000, 0x0000000800000000)
  region size 2048K, 5 young (10240K), 4 survivors (8192K)
 Metaspace       used 10133K, committed 10432K, reserved 1114112K
  class space    used 1336K, committed 1472K, reserved 1048576K
}
Event: 4.954 GC heap after
{Heap after GC invocations=17 (full 0):
 garbage-first heap   total 618496K, used 368999K [0x000000070a800000, 0x0000000800000000)
  region size 2048K, 4 young (8192K), 4 survivors (8192K)
 Metaspace       used 10133K, committed 10432K, reserved 1114112K
  class space    used 1336K, committed 1472K, reserved 1048576K
}
Event: 4.973 GC heap before
{Heap before GC invocations=18 (full 0):
 garbage-first heap   total 622592K, used 371047K [0x000000070a800000, 0x0000000800000000)
  region size 2048K, 5 young (10240K), 4 survivors (8192K)
 Metaspace       used 10133K, committed 10432K, reserved 1114112K
  class space    used 1336K, committed 1472K, reserved 1048576K
}
Event: 4.982 GC heap after
{Heap after GC invocations=19 (full 0):
 garbage-first heap   total 622592K, used 371146K [0x000000070a800000, 0x0000000800000000)
  region size 2048K, 4 young (8192K), 4 survivors (8192K)
 Metaspace       used 10133K, committed 10432K, reserved 1114112K
  class space    used 1336K, committed 1472K, reserved 1048576K
}
Event: 4.997 GC heap before
{Heap before GC invocations=20 (full 0):
 garbage-first heap   total 624640K, used 373194K [0x000000070a800000, 0x0000000800000000)
  region size 2048K, 5 young (10240K), 4 survivors (8192K)
 Metaspace       used 10133K, committed 10432K, reserved 1114112K
  class space    used 1336K, committed 1472K, reserved 1048576K
}
Event: 5.003 GC heap after
{Heap after GC invocations=21 (full 0):
 garbage-first heap   total 624640K, used 373276K [0x000000070a800000, 0x0000000800000000)
  region size 2048K, 4 young (8192K), 4 survivors (8192K)
 Metaspace       used 10133K, committed 10432K, reserved 1114112K
  class space    used 1336K, committed 1472K, reserved 1048576K
}
Event: 5.012 GC heap before
{Heap before GC invocations=22 (full 0):
 garbage-first heap   total 632832K, used 375324K [0x000000070a800000, 0x0000000800000000)
  region size 2048K, 5 young (10240K), 4 survivors (8192K)
 Metaspace       used 10133K, committed 10432K, reserved 1114112K
  class space    used 1336K, committed 1472K, reserved 1048576K
}

Dll operation events (20 events):
Event: 1.502 Loaded shared library C:\Users\Rayyan Hussain\.openjfx\cache\21-ea+null\amd64\api-ms-win-crt-heap-l1-1-0.dll
Event: 1.511 Loaded shared library C:\Users\Rayyan Hussain\.openjfx\cache\21-ea+null\amd64\api-ms-win-crt-locale-l1-1-0.dll
Event: 1.517 Loaded shared library C:\Users\Rayyan Hussain\.openjfx\cache\21-ea+null\amd64\api-ms-win-crt-math-l1-1-0.dll
Event: 1.521 Loaded shared library C:\Users\Rayyan Hussain\.openjfx\cache\21-ea+null\amd64\api-ms-win-crt-multibyte-l1-1-0.dll
Event: 1.530 Loaded shared library C:\Users\Rayyan Hussain\.openjfx\cache\21-ea+null\amd64\api-ms-win-crt-private-l1-1-0.dll
Event: 1.535 Loaded shared library C:\Users\Rayyan Hussain\.openjfx\cache\21-ea+null\amd64\api-ms-win-crt-process-l1-1-0.dll
Event: 1.547 Loaded shared library C:\Users\Rayyan Hussain\.openjfx\cache\21-ea+null\amd64\api-ms-win-crt-runtime-l1-1-0.dll
Event: 1.551 Loaded shared library C:\Users\Rayyan Hussain\.openjfx\cache\21-ea+null\amd64\api-ms-win-crt-stdio-l1-1-0.dll
Event: 1.555 Loaded shared library C:\Users\Rayyan Hussain\.openjfx\cache\21-ea+null\amd64\api-ms-win-crt-string-l1-1-0.dll
Event: 1.560 Loaded shared library C:\Users\Rayyan Hussain\.openjfx\cache\21-ea+null\amd64\api-ms-win-crt-time-l1-1-0.dll
Event: 1.564 Loaded shared library C:\Users\Rayyan Hussain\.openjfx\cache\21-ea+null\amd64\api-ms-win-crt-utility-l1-1-0.dll
Event: 1.579 Loaded shared library C:\Users\Rayyan Hussain\.openjfx\cache\21-ea+null\amd64\ucrtbase.dll
Event: 1.582 Loaded shared library C:\Users\Rayyan Hussain\.openjfx\cache\21-ea+null\amd64\vcruntime140.dll
Event: 1.587 Loaded shared library C:\Users\Rayyan Hussain\.openjfx\cache\21-ea+null\amd64\vcruntime140_1.dll
Event: 1.600 Loaded shared library C:\Users\Rayyan Hussain\.openjfx\cache\21-ea+null\amd64\msvcp140.dll
Event: 1.603 Loaded shared library C:\Users\Rayyan Hussain\.openjfx\cache\21-ea+null\amd64\msvcp140_1.dll
Event: 1.608 Loaded shared library C:\Users\Rayyan Hussain\.openjfx\cache\21-ea+null\amd64\msvcp140_2.dll
Event: 1.672 Loaded shared library C:\Users\Rayyan Hussain\.openjfx\cache\21-ea+null\amd64\prism_d3d.dll
Event: 1.732 Loaded shared library C:\Users\Rayyan Hussain\.openjfx\cache\21-ea+null\amd64\glass.dll
Event: 2.156 Loaded shared library C:\Users\Rayyan Hussain\.openjfx\cache\21-ea+null\amd64\javafx_font.dll

Deoptimization events (20 events):
Event: 4.859 Thread 0x00000254949df650 Uncommon trap: trap_request=0xffffff45 fr.pc=0x000002543f2fe15c relative=0x00000000000006dc
Event: 4.859 Thread 0x00000254949df650 Uncommon trap: reason=unstable_if action=reinterpret pc=0x000002543f2fe15c method=com.sun.javafx.iio.gif.GIFImageLoader2$LZWDecoder.readString()I @ 20 c2
Event: 4.859 Thread 0x00000254949df650 DEOPT PACKING pc=0x000002543f2fe15c sp=0x000000a6f8afd8e0
Event: 4.859 Thread 0x00000254949df650 DEOPT UNPACKING pc=0x000002543ed646a2 sp=0x000000a6f8afd878 mode 2
Event: 4.906 Thread 0x00000254949df650 DEOPT PACKING pc=0x00000254378c0f86 sp=0x000000a6f8afd8e0
Event: 4.906 Thread 0x00000254949df650 DEOPT UNPACKING pc=0x000002543ed64e42 sp=0x000000a6f8afce00 mode 0
Event: 4.934 Thread 0x00000254949df650 DEOPT PACKING pc=0x00000254378c0f86 sp=0x000000a6f8afd8e0
Event: 4.934 Thread 0x00000254949df650 DEOPT UNPACKING pc=0x000002543ed64e42 sp=0x000000a6f8afce00 mode 0
Event: 4.943 Thread 0x00000254949df650 DEOPT PACKING pc=0x000002543796ea7e sp=0x000000a6f8afd8f0
Event: 4.943 Thread 0x00000254949df650 DEOPT UNPACKING pc=0x000002543ed64e42 sp=0x000000a6f8afcdd8 mode 0
Event: 4.967 Thread 0x00000254949df650 DEOPT PACKING pc=0x00000254378c0f65 sp=0x000000a6f8afd8e0
Event: 4.967 Thread 0x00000254949df650 DEOPT UNPACKING pc=0x000002543ed64e42 sp=0x000000a6f8afce00 mode 0
Event: 4.971 Thread 0x00000254949df650 DEOPT PACKING pc=0x000002543796ea7e sp=0x000000a6f8afd8f0
Event: 4.971 Thread 0x00000254949df650 DEOPT UNPACKING pc=0x000002543ed64e42 sp=0x000000a6f8afcdd8 mode 0
Event: 4.989 Thread 0x00000254949df650 DEOPT PACKING pc=0x00000254378c0f86 sp=0x000000a6f8afd8e0
Event: 4.989 Thread 0x00000254949df650 DEOPT UNPACKING pc=0x000002543ed64e42 sp=0x000000a6f8afce00 mode 0
Event: 4.995 Thread 0x00000254949df650 DEOPT PACKING pc=0x000002543796ea7e sp=0x000000a6f8afd8f0
Event: 4.995 Thread 0x00000254949df650 DEOPT UNPACKING pc=0x000002543ed64e42 sp=0x000000a6f8afcdd8 mode 0
Event: 5.005 Thread 0x00000254949df650 DEOPT PACKING pc=0x00000254378c0f65 sp=0x000000a6f8afd8e0
Event: 5.005 Thread 0x00000254949df650 DEOPT UNPACKING pc=0x000002543ed64e42 sp=0x000000a6f8afce00 mode 0

Classes loaded (20 events):
Event: 2.964 Loading class sun/reflect/generics/tree/Signature done
Event: 2.964 Loading class sun/reflect/generics/tree/MethodTypeSignature done
Event: 2.964 Loading class sun/reflect/generics/reflectiveObjects/ParameterizedTypeImpl
Event: 2.964 Loading class java/lang/reflect/ParameterizedType
Event: 2.964 Loading class java/lang/reflect/ParameterizedType done
Event: 2.964 Loading class sun/reflect/generics/reflectiveObjects/ParameterizedTypeImpl done
Event: 2.964 Loading class sun/reflect/generics/repository/ClassRepository
Event: 2.965 Loading class sun/reflect/generics/repository/ClassRepository done
Event: 2.965 Loading class sun/reflect/generics/tree/ClassSignature
Event: 2.965 Loading class sun/reflect/generics/tree/ClassSignature done
Event: 2.965 Loading class sun/reflect/generics/tree/TypeVariableSignature
Event: 2.965 Loading class sun/reflect/generics/tree/TypeVariableSignature done
Event: 2.965 Loading class sun/reflect/generics/reflectiveObjects/TypeVariableImpl
Event: 2.965 Loading class sun/reflect/generics/reflectiveObjects/LazyReflectiveObjectGenerator
Event: 2.965 Loading class sun/reflect/generics/reflectiveObjects/LazyReflectiveObjectGenerator done
Event: 2.965 Loading class sun/reflect/generics/reflectiveObjects/TypeVariableImpl done
Event: 4.815 Loading class java/math/BigDecimal
Event: 4.815 Loading class java/math/BigDecimal done
Event: 4.828 Loading class java/lang/invoke/MethodHandle$1
Event: 4.829 Loading class java/lang/invoke/MethodHandle$1 done

Classes unloaded (0 events):
No events

Classes redefined (0 events):
No events

Internal exceptions (20 events):
Event: 1.748 Thread 0x000002542f390520 Exception <a 'java/lang/NoSuchMethodError'{0x0000000719c0c1e0}: 'java.lang.Object java.lang.invoke.DirectMethodHandle$Holder.invokeSpecial(java.lang.Object, java.lang.Object, java.lang.Object, int, java.lang.Object)'> (0x0000000719c0c1e0) 
thrown [s\open\src\hotspot\share\interpreter\linkResolver.cpp, line 773]
Event: 1.904 Thread 0x00000254949df650 Exception <a 'java/lang/NoSuchMethodError'{0x0000000719b8e2a8}: 'void java.lang.invoke.DirectMethodHandle$Holder.invokeStaticInit(java.lang.Object)'> (0x0000000719b8e2a8) 
thrown [s\open\src\hotspot\share\interpreter\linkResolver.cpp, line 773]
Event: 1.909 Thread 0x000002542f390520 Exception <a 'java/lang/NoSuchMethodError'{0x0000000719c1f460}: 'java.lang.Object java.lang.invoke.DirectMethodHandle$Holder.newInvokeSpecial(java.lang.Object, java.lang.Object, java.lang.Object, java.lang.Object, java.lang.Object, java.lang.Object)'> (0x0000000719c1f460) 
thrown [s\open\src\hotspot\share\interpreter\linkResolver.cpp, line 773]
Event: 1.937 Thread 0x000002542f390520 Exception <a 'java/lang/NoSuchMethodError'{0x00000007198771f0}: 'java.lang.Object java.lang.invoke.DirectMethodHandle$Holder.newInvokeSpecial(java.lang.Object, java.lang.Object, java.lang.Object, java.lang.Object, java.lang.Object)'> (0x00000007198771f0) 
thrown [s\open\src\hotspot\share\interpreter\linkResolver.cpp, line 773]
Event: 2.010 Thread 0x00000254949df650 Exception <a 'sun/nio/fs/WindowsException'{0x000000071956f590}> (0x000000071956f590) 
thrown [s\open\src\hotspot\share\prims\jni.cpp, line 520]
Event: 2.081 Thread 0x00000254949df650 Exception <a 'java/lang/NoSuchMethodError'{0x00000007190384f0}: 'java.lang.Object java.lang.invoke.DirectMethodHandle$Holder.invokeStaticInit(java.lang.Object, java.lang.Object, java.lang.Object, java.lang.Object)'> (0x00000007190384f0) 
thrown [s\open\src\hotspot\share\interpreter\linkResolver.cpp, line 773]
Event: 2.113 Thread 0x00000254949df650 Exception <a 'java/lang/NullPointerException'{0x0000000718e32c60}> (0x0000000718e32c60) 
thrown [s\open\src\hotspot\share\interpreter\linkResolver.cpp, line 1372]
Event: 2.126 Thread 0x00000254949df650 Exception <a 'java/lang/ClassNotFoundException'{0x0000000718e8fb80}: com/sun/glass/ui/win/themes> (0x0000000718e8fb80) 
thrown [s\open\src\hotspot\share\prims\jni.cpp, line 539]
Event: 2.128 Thread 0x00000254949df650 Exception <a 'java/lang/ClassNotFoundException'{0x0000000718e9b1e8}: com/sun/glass/ui/win/themes_en> (0x0000000718e9b1e8) 
thrown [s\open\src\hotspot\share\prims\jni.cpp, line 539]
Event: 2.129 Thread 0x00000254949df650 Exception <a 'java/lang/ClassNotFoundException'{0x0000000718ea3010}: com/sun/glass/ui/win/themes_en_US> (0x0000000718ea3010) 
thrown [s\open\src\hotspot\share\prims\jni.cpp, line 539]
Event: 2.280 Thread 0x00000254949df650 Exception <a 'java/lang/NoSuchMethodError'{0x0000000718885520}: 'void java.lang.invoke.DirectMethodHandle$Holder.invokeStaticInit(java.lang.Object, java.lang.Object)'> (0x0000000718885520) 
thrown [s\open\src\hotspot\share\interpreter\linkResolver.cpp, line 773]
Event: 2.361 Thread 0x00000254949df650 Exception <a 'java/lang/NoSuchMethodError'{0x0000000718313d88}: 'void java.lang.invoke.Invokers$Holder.invokeExact_MT(java.lang.Object, java.lang.Object, java.lang.Object, java.lang.Object)'> (0x0000000718313d88) 
thrown [s\open\src\hotspot\share\interpreter\linkResolver.cpp, line 773]
Event: 2.934 Thread 0x00000254949df650 Exception <a 'java/lang/NoSuchMethodError'{0x0000000718098708}: 'void java.lang.invoke.DirectMethodHandle$Holder.invokeSpecial(java.lang.Object, java.lang.Object, double)'> (0x0000000718098708) 
thrown [s\open\src\hotspot\share\interpreter\linkResolver.cpp, line 773]
Event: 2.937 Thread 0x00000254949df650 Exception <a 'java/lang/NoSuchMethodError'{0x00000007180a32f0}: 'double java.lang.invoke.DelegatingMethodHandle$Holder.reinvoke_L(java.lang.Object, java.lang.Object, int)'> (0x00000007180a32f0) 
thrown [s\open\src\hotspot\share\interpreter\linkResolver.cpp, line 773]
Event: 2.943 Thread 0x00000254949df650 Exception <a 'java/lang/NoSuchMethodError'{0x00000007180b4f70}: 'java.lang.Object java.lang.invoke.DirectMethodHandle$Holder.invokeStatic(java.lang.Object, java.lang.Object, java.lang.Object, java.lang.Object, int)'> (0x00000007180b4f70) 
thrown [s\open\src\hotspot\share\interpreter\linkResolver.cpp, line 773]
Event: 2.946 Thread 0x00000254949df650 Exception <a 'java/lang/NoSuchMethodError'{0x00000007180c30d0}: 'void java.lang.invoke.DelegatingMethodHandle$Holder.reinvoke_L(java.lang.Object, java.lang.Object, double)'> (0x00000007180c30d0) 
thrown [s\open\src\hotspot\share\interpreter\linkResolver.cpp, line 773]
Event: 2.951 Thread 0x00000254949df650 Exception <a 'java/lang/NoSuchMethodError'{0x00000007180d5420}: 'void java.lang.invoke.DirectMethodHandle$Holder.invokeSpecial(java.lang.Object, java.lang.Object, int)'> (0x00000007180d5420) 
thrown [s\open\src\hotspot\share\interpreter\linkResolver.cpp, line 773]
Event: 2.953 Thread 0x00000254949df650 Exception <a 'java/lang/NoSuchMethodError'{0x00000007180d9658}: 'int java.lang.invoke.DirectMethodHandle$Holder.invokeSpecial(java.lang.Object, java.lang.Object, java.lang.Object, int)'> (0x00000007180d9658) 
thrown [s\open\src\hotspot\share\interpreter\linkResolver.cpp, line 773]
Event: 2.956 Thread 0x00000254949df650 Exception <a 'java/lang/NoSuchMethodError'{0x00000007180e3530}: 'void java.lang.invoke.DelegatingMethodHandle$Holder.reinvoke_L(java.lang.Object, java.lang.Object, int)'> (0x00000007180e3530) 
thrown [s\open\src\hotspot\share\interpreter\linkResolver.cpp, line 773]
Event: 2.957 Thread 0x00000254949df650 Exception <a 'java/lang/NoSuchMethodError'{0x00000007180e6f58}: 'int java.lang.invoke.DirectMethodHandle$Holder.invokeSpecial(java.lang.Object, java.lang.Object, java.lang.Object)'> (0x00000007180e6f58) 
thrown [s\open\src\hotspot\share\interpreter\linkResolver.cpp, line 773]

ZGC Phase Switch (0 events):
No events

VM Operations (20 events):
Event: 4.924 Executing VM operation: G1PauseCleanup done
Event: 4.945 Executing VM operation: G1TryInitiateConcMark (G1 Humongous Allocation)
Event: 4.954 Executing VM operation: G1TryInitiateConcMark (G1 Humongous Allocation) done
Event: 4.957 Executing VM operation: G1PauseRemark
Event: 4.963 Executing VM operation: G1PauseRemark done
Event: 4.963 Executing VM operation: G1PauseCleanup
Event: 4.963 Executing VM operation: G1PauseCleanup done
Event: 4.973 Executing VM operation: G1TryInitiateConcMark (G1 Humongous Allocation)
Event: 4.982 Executing VM operation: G1TryInitiateConcMark (G1 Humongous Allocation) done
Event: 4.984 Executing VM operation: G1PauseRemark
Event: 4.986 Executing VM operation: G1PauseRemark done
Event: 4.986 Executing VM operation: G1PauseCleanup
Event: 4.986 Executing VM operation: G1PauseCleanup done
Event: 4.997 Executing VM operation: G1TryInitiateConcMark (G1 Humongous Allocation)
Event: 5.003 Executing VM operation: G1TryInitiateConcMark (G1 Humongous Allocation) done
Event: 5.005 Executing VM operation: G1PauseRemark
Event: 5.006 Executing VM operation: G1PauseRemark done
Event: 5.007 Executing VM operation: G1PauseCleanup
Event: 5.007 Executing VM operation: G1PauseCleanup done
Event: 5.012 Executing VM operation: G1TryInitiateConcMark (G1 Humongous Allocation)

Events (20 events):
Event: 4.173 Thread 0x000002544e64f8f0 flushing nmethod 0x0000025437a5b690
Event: 4.173 Thread 0x000002544e64f8f0 flushing nmethod 0x0000025437a5ae10
Event: 4.173 Thread 0x000002544e64f8f0 flushing nmethod 0x0000025437a59810
Event: 4.173 Thread 0x000002544e64f8f0 flushing nmethod 0x0000025437948710
Event: 4.173 Thread 0x000002544e64f8f0 flushing nmethod 0x000002543f345e10
Event: 4.173 Thread 0x000002544e64f8f0 flushing nmethod 0x000002543f344790
Event: 4.173 Thread 0x000002544e64f8f0 flushing nmethod 0x000002543f344490
Event: 4.173 Thread 0x000002544e64f8f0 flushing nmethod 0x000002543f363810
Event: 4.173 Thread 0x000002544e64f8f0 flushing nmethod 0x000002543f362f10
Event: 4.895 Thread 0x000002544e64f8f0 flushing nmethod 0x000002543793d590
Event: 4.895 Thread 0x000002544e64f8f0 flushing nmethod 0x00000254378cd490
Event: 4.895 Thread 0x000002544e64f8f0 flushing nmethod 0x000002543f32d790
Event: 4.906 Thread 0x0000025495289630 Thread added: 0x0000025495289630
Event: 4.923 Thread 0x000002544e64f8f0 flushing nmethod 0x0000025437a58c90
Event: 4.923 Thread 0x000002544e64f8f0 flushing nmethod 0x000002543798ac10
Event: 4.923 Thread 0x000002544e64f8f0 flushing nmethod 0x000002543784c290
Event: 4.923 Thread 0x000002544e64f8f0 flushing nmethod 0x0000025437801310
Event: 4.923 Thread 0x000002544e64f8f0 flushing nmethod 0x000002543f2fd890
Event: 4.962 Thread 0x000002544e64f8f0 flushing nmethod 0x00000254377fb710
Event: 4.962 Thread 0x000002544e64f8f0 flushing nmethod 0x00000254377fd710


Dynamic libraries:
0x00007ff7ccfd0000 - 0x00007ff7ccfde000 	C:\Users\Rayyan Hussain\.jdks\openjdk-21.0.1\bin\java.exe
0x00007ffa8e7d0000 - 0x00007ffa8e9e7000 	C:\WINDOWS\SYSTEM32\ntdll.dll
0x00007ffa8d0e0000 - 0x00007ffa8d1a4000 	C:\WINDOWS\System32\KERNEL32.DLL
0x00007ffa8c140000 - 0x00007ffa8c4e5000 	C:\WINDOWS\System32\KERNELBASE.dll
0x00007ffa8bd70000 - 0x00007ffa8be81000 	C:\WINDOWS\System32\ucrtbase.dll
0x00007ffa84700000 - 0x00007ffa84718000 	C:\Users\Rayyan Hussain\.jdks\openjdk-21.0.1\bin\jli.dll
0x00007ffa846e0000 - 0x00007ffa846fb000 	C:\Users\Rayyan Hussain\.jdks\openjdk-21.0.1\bin\VCRUNTIME140.dll
0x00007ffa8d6b0000 - 0x00007ffa8d85e000 	C:\WINDOWS\System32\USER32.dll
0x00007ffa8c4f0000 - 0x00007ffa8c516000 	C:\WINDOWS\System32\win32u.dll
0x00007ffa757e0000 - 0x00007ffa75a73000 	C:\WINDOWS\WinSxS\amd64_microsoft.windows.common-controls_6595b64144ccf1df_6.0.22621.2506_none_270c5ae97388e100\COMCTL32.dll
0x00007ffa8cfc0000 - 0x00007ffa8cfe9000 	C:\WINDOWS\System32\GDI32.dll
0x00007ffa8c7c0000 - 0x00007ffa8c867000 	C:\WINDOWS\System32\msvcrt.dll
0x00007ffa8bc50000 - 0x00007ffa8bd69000 	C:\WINDOWS\System32\gdi32full.dll
0x00007ffa8bbb0000 - 0x00007ffa8bc4a000 	C:\WINDOWS\System32\msvcp_win.dll
0x00007ffa8c720000 - 0x00007ffa8c751000 	C:\WINDOWS\System32\IMM32.DLL
0x00007ffa868f0000 - 0x00007ffa868fc000 	C:\Users\Rayyan Hussain\.jdks\openjdk-21.0.1\bin\vcruntime140_1.dll
0x00007ffa65670000 - 0x00007ffa656fe000 	C:\Users\Rayyan Hussain\.jdks\openjdk-21.0.1\bin\msvcp140.dll
0x00007ffa34530000 - 0x00007ffa35245000 	C:\Users\Rayyan Hussain\.jdks\openjdk-21.0.1\bin\server\jvm.dll
0x00007ffa8c5b0000 - 0x00007ffa8c661000 	C:\WINDOWS\System32\ADVAPI32.dll
0x00007ffa8c670000 - 0x00007ffa8c716000 	C:\WINDOWS\System32\sechost.dll
0x00007ffa8d580000 - 0x00007ffa8d697000 	C:\WINDOWS\System32\RPCRT4.dll
0x00007ffa8c520000 - 0x00007ffa8c591000 	C:\WINDOWS\System32\WS2_32.dll
0x00007ffa8b860000 - 0x00007ffa8b8ad000 	C:\WINDOWS\SYSTEM32\POWRPROF.dll
0x00007ffa826a0000 - 0x00007ffa826d4000 	C:\WINDOWS\SYSTEM32\WINMM.dll
0x00007ffa820e0000 - 0x00007ffa820ea000 	C:\WINDOWS\SYSTEM32\VERSION.dll
0x00007ffa8b840000 - 0x00007ffa8b853000 	C:\WINDOWS\SYSTEM32\UMPDC.dll
0x00007ffa8aab0000 - 0x00007ffa8aac8000 	C:\WINDOWS\SYSTEM32\kernel.appcore.dll
0x00007ffa867d0000 - 0x00007ffa867da000 	C:\Users\Rayyan Hussain\.jdks\openjdk-21.0.1\bin\jimage.dll
0x00007ffa894f0000 - 0x00007ffa89723000 	C:\WINDOWS\SYSTEM32\DBGHELP.DLL
0x00007ffa8e400000 - 0x00007ffa8e789000 	C:\WINDOWS\System32\combase.dll
0x00007ffa8d2c0000 - 0x00007ffa8d397000 	C:\WINDOWS\System32\OLEAUT32.dll
0x00007ffa718a0000 - 0x00007ffa718d2000 	C:\WINDOWS\SYSTEM32\dbgcore.DLL
0x00007ffa8be90000 - 0x00007ffa8bf0a000 	C:\WINDOWS\System32\bcryptPrimitives.dll
0x00007ffa83ef0000 - 0x00007ffa83eff000 	C:\Users\Rayyan Hussain\.jdks\openjdk-21.0.1\bin\instrument.dll
0x00007ffa82550000 - 0x00007ffa8256f000 	C:\Users\Rayyan Hussain\.jdks\openjdk-21.0.1\bin\java.dll
0x00007ffa8d9d0000 - 0x00007ffa8e229000 	C:\WINDOWS\System32\SHELL32.dll
0x00007ffa89a10000 - 0x00007ffa8a304000 	C:\WINDOWS\SYSTEM32\windows.storage.dll
0x00007ffa898d0000 - 0x00007ffa89a0e000 	C:\WINDOWS\SYSTEM32\wintypes.dll
0x00007ffa8d860000 - 0x00007ffa8d953000 	C:\WINDOWS\System32\SHCORE.dll
0x00007ffa8d040000 - 0x00007ffa8d09e000 	C:\WINDOWS\System32\shlwapi.dll
0x00007ffa8ba70000 - 0x00007ffa8ba96000 	C:\WINDOWS\SYSTEM32\profapi.dll
0x00007ffa55340000 - 0x00007ffa55417000 	C:\Users\Rayyan Hussain\.jdks\openjdk-21.0.1\bin\jsvml.dll
0x00007ffa82f10000 - 0x00007ffa82f20000 	C:\Users\Rayyan Hussain\.jdks\openjdk-21.0.1\bin\net.dll
0x00007ffa851d0000 - 0x00007ffa85307000 	C:\WINDOWS\SYSTEM32\WINHTTP.dll
0x00007ffa8afa0000 - 0x00007ffa8b009000 	C:\WINDOWS\system32\mswsock.dll
0x00007ffa7d900000 - 0x00007ffa7d916000 	C:\Users\Rayyan Hussain\.jdks\openjdk-21.0.1\bin\nio.dll
0x00007ffa7d0e0000 - 0x00007ffa7d0f8000 	C:\Users\Rayyan Hussain\.jdks\openjdk-21.0.1\bin\zip.dll
0x00007ffa70c70000 - 0x00007ffa70c8a000 	C:\Program Files\JetBrains\IntelliJ IDEA Community Edition 2023.2.5\bin\breakgen64.dll
0x000002544ebc0000 - 0x000002544ebc3000 	C:\Users\Rayyan Hussain\.openjfx\cache\21-ea+null\amd64\api-ms-win-core-console-l1-1-0.dll
0x000002544ebd0000 - 0x000002544ebd3000 	C:\Users\Rayyan Hussain\.openjfx\cache\21-ea+null\amd64\api-ms-win-core-console-l1-2-0.dll
0x000002544ebe0000 - 0x000002544ebe3000 	C:\Users\Rayyan Hussain\.openjfx\cache\21-ea+null\amd64\api-ms-win-core-datetime-l1-1-0.dll
0x000002544ebf0000 - 0x000002544ebf3000 	C:\Users\Rayyan Hussain\.openjfx\cache\21-ea+null\amd64\api-ms-win-core-debug-l1-1-0.dll
0x000002544ec00000 - 0x000002544ec03000 	C:\Users\Rayyan Hussain\.openjfx\cache\21-ea+null\amd64\api-ms-win-core-errorhandling-l1-1-0.dll
0x000002544ec10000 - 0x000002544ec14000 	C:\Users\Rayyan Hussain\.openjfx\cache\21-ea+null\amd64\api-ms-win-core-file-l1-1-0.dll
0x000002544ec20000 - 0x000002544ec23000 	C:\Users\Rayyan Hussain\.openjfx\cache\21-ea+null\amd64\api-ms-win-core-file-l1-2-0.dll
0x000002544ec30000 - 0x000002544ec33000 	C:\Users\Rayyan Hussain\.openjfx\cache\21-ea+null\amd64\api-ms-win-core-file-l2-1-0.dll
0x000002544ec40000 - 0x000002544ec43000 	C:\Users\Rayyan Hussain\.openjfx\cache\21-ea+null\amd64\api-ms-win-core-handle-l1-1-0.dll
0x000002544ec50000 - 0x000002544ec53000 	C:\Users\Rayyan Hussain\.openjfx\cache\21-ea+null\amd64\api-ms-win-core-heap-l1-1-0.dll
0x000002544ec60000 - 0x000002544ec63000 	C:\Users\Rayyan Hussain\.openjfx\cache\21-ea+null\amd64\api-ms-win-core-interlocked-l1-1-0.dll
0x000002544ec70000 - 0x000002544ec73000 	C:\Users\Rayyan Hussain\.openjfx\cache\21-ea+null\amd64\api-ms-win-core-libraryloader-l1-1-0.dll
0x000002544ec80000 - 0x000002544ec83000 	C:\Users\Rayyan Hussain\.openjfx\cache\21-ea+null\amd64\api-ms-win-core-localization-l1-2-0.dll
0x000002544ec90000 - 0x000002544ec93000 	C:\Users\Rayyan Hussain\.openjfx\cache\21-ea+null\amd64\api-ms-win-core-memory-l1-1-0.dll
0x000002544eca0000 - 0x000002544eca3000 	C:\Users\Rayyan Hussain\.openjfx\cache\21-ea+null\amd64\api-ms-win-core-namedpipe-l1-1-0.dll
0x000002544ecb0000 - 0x000002544ecb3000 	C:\Users\Rayyan Hussain\.openjfx\cache\21-ea+null\amd64\api-ms-win-core-processenvironment-l1-1-0.dll
0x000002544ecc0000 - 0x000002544ecc3000 	C:\Users\Rayyan Hussain\.openjfx\cache\21-ea+null\amd64\api-ms-win-core-processthreads-l1-1-0.dll
0x000002544ecd0000 - 0x000002544ecd3000 	C:\Users\Rayyan Hussain\.openjfx\cache\21-ea+null\amd64\api-ms-win-core-processthreads-l1-1-1.dll
0x000002544ece0000 - 0x000002544ece3000 	C:\Users\Rayyan Hussain\.openjfx\cache\21-ea+null\amd64\api-ms-win-core-profile-l1-1-0.dll
0x000002544ecf0000 - 0x000002544ecf3000 	C:\Users\Rayyan Hussain\.openjfx\cache\21-ea+null\amd64\api-ms-win-core-rtlsupport-l1-1-0.dll
0x000002544ed00000 - 0x000002544ed03000 	C:\Users\Rayyan Hussain\.openjfx\cache\21-ea+null\amd64\api-ms-win-core-string-l1-1-0.dll
0x000002544ed10000 - 0x000002544ed13000 	C:\Users\Rayyan Hussain\.openjfx\cache\21-ea+null\amd64\api-ms-win-core-synch-l1-1-0.dll
0x000002544ed20000 - 0x000002544ed23000 	C:\Users\Rayyan Hussain\.openjfx\cache\21-ea+null\amd64\api-ms-win-core-synch-l1-2-0.dll
0x000002544ed30000 - 0x000002544ed33000 	C:\Users\Rayyan Hussain\.openjfx\cache\21-ea+null\amd64\api-ms-win-core-sysinfo-l1-1-0.dll
0x000002544ed40000 - 0x000002544ed43000 	C:\Users\Rayyan Hussain\.openjfx\cache\21-ea+null\amd64\api-ms-win-core-timezone-l1-1-0.dll
0x000002544ed50000 - 0x000002544ed53000 	C:\Users\Rayyan Hussain\.openjfx\cache\21-ea+null\amd64\api-ms-win-core-util-l1-1-0.dll
0x000002544ed60000 - 0x000002544ed63000 	C:\Users\Rayyan Hussain\.openjfx\cache\21-ea+null\amd64\api-ms-win-crt-conio-l1-1-0.dll
0x000002544ed70000 - 0x000002544ed74000 	C:\Users\Rayyan Hussain\.openjfx\cache\21-ea+null\amd64\api-ms-win-crt-convert-l1-1-0.dll
0x000002544ed80000 - 0x000002544ed83000 	C:\Users\Rayyan Hussain\.openjfx\cache\21-ea+null\amd64\api-ms-win-crt-environment-l1-1-0.dll
0x000002544ed90000 - 0x000002544ed93000 	C:\Users\Rayyan Hussain\.openjfx\cache\21-ea+null\amd64\api-ms-win-crt-filesystem-l1-1-0.dll
0x000002544eda0000 - 0x000002544eda3000 	C:\Users\Rayyan Hussain\.openjfx\cache\21-ea+null\amd64\api-ms-win-crt-heap-l1-1-0.dll
0x000002544edb0000 - 0x000002544edb3000 	C:\Users\Rayyan Hussain\.openjfx\cache\21-ea+null\amd64\api-ms-win-crt-locale-l1-1-0.dll
0x000002544edc0000 - 0x000002544edc5000 	C:\Users\Rayyan Hussain\.openjfx\cache\21-ea+null\amd64\api-ms-win-crt-math-l1-1-0.dll
0x000002544edd0000 - 0x000002544edd5000 	C:\Users\Rayyan Hussain\.openjfx\cache\21-ea+null\amd64\api-ms-win-crt-multibyte-l1-1-0.dll
0x000002544ede0000 - 0x000002544edf0000 	C:\Users\Rayyan Hussain\.openjfx\cache\21-ea+null\amd64\api-ms-win-crt-private-l1-1-0.dll
0x000002544edf0000 - 0x000002544edf3000 	C:\Users\Rayyan Hussain\.openjfx\cache\21-ea+null\amd64\api-ms-win-crt-process-l1-1-0.dll
0x000002544ee00000 - 0x000002544ee04000 	C:\Users\Rayyan Hussain\.openjfx\cache\21-ea+null\amd64\api-ms-win-crt-runtime-l1-1-0.dll
0x000002544ee10000 - 0x000002544ee14000 	C:\Users\Rayyan Hussain\.openjfx\cache\21-ea+null\amd64\api-ms-win-crt-stdio-l1-1-0.dll
0x000002544ee20000 - 0x000002544ee24000 	C:\Users\Rayyan Hussain\.openjfx\cache\21-ea+null\amd64\api-ms-win-crt-string-l1-1-0.dll
0x000002544ee30000 - 0x000002544ee33000 	C:\Users\Rayyan Hussain\.openjfx\cache\21-ea+null\amd64\api-ms-win-crt-time-l1-1-0.dll
0x000002544ee40000 - 0x000002544ee43000 	C:\Users\Rayyan Hussain\.openjfx\cache\21-ea+null\amd64\api-ms-win-crt-utility-l1-1-0.dll
0x00007ffa53130000 - 0x00007ffa5322c000 	C:\Users\Rayyan Hussain\.openjfx\cache\21-ea+null\amd64\ucrtbase.dll
0x00007ffa6dc20000 - 0x00007ffa6dc3b000 	C:\Users\Rayyan Hussain\.openjfx\cache\21-ea+null\amd64\vcruntime140.dll
0x00007ffa790b0000 - 0x00007ffa790bc000 	C:\Users\Rayyan Hussain\.openjfx\cache\21-ea+null\amd64\vcruntime140_1.dll
0x00007ffa65490000 - 0x00007ffa6551e000 	C:\Users\Rayyan Hussain\.openjfx\cache\21-ea+null\amd64\msvcp140.dll
0x00007ffa8ce20000 - 0x00007ffa8cfc0000 	C:\WINDOWS\System32\ole32.dll
0x00007ffa71d10000 - 0x00007ffa71d19000 	C:\Users\Rayyan Hussain\.openjfx\cache\21-ea+null\amd64\msvcp140_1.dll
0x00007ffa67f90000 - 0x00007ffa67fbf000 	C:\Users\Rayyan Hussain\.openjfx\cache\21-ea+null\amd64\msvcp140_2.dll
0x00007ffa67f60000 - 0x00007ffa67f8f000 	C:\Users\Rayyan Hussain\.openjfx\cache\21-ea+null\amd64\prism_d3d.dll
0x00007ffa4c650000 - 0x00007ffa4c7f9000 	C:\WINDOWS\system32\d3d9.dll
0x00007ffa88f60000 - 0x00007ffa88f8b000 	C:\WINDOWS\SYSTEM32\dwmapi.dll
0x00007ffa88e00000 - 0x00007ffa88e36000 	C:\WINDOWS\SYSTEM32\dxcore.dll
0x00007ffa88d00000 - 0x00007ffa88dab000 	C:\WINDOWS\system32\uxtheme.dll
0x00007ffa22490000 - 0x00007ffa2266b000 	C:\WINDOWS\System32\DriverStore\FileRepository\u0366790.inf_amd64_d775d276ecdcc11d\B366405\aticfx64.dll
0x00007ffa82600000 - 0x00007ffa82633000 	C:\WINDOWS\System32\DriverStore\FileRepository\u0366790.inf_amd64_d775d276ecdcc11d\B366405\atiu9p64.dll
0x00007ffa36720000 - 0x00007ffa3742c000 	C:\WINDOWS\System32\DriverStore\FileRepository\u0366790.inf_amd64_d775d276ecdcc11d\B366405\atiumd64.dll
0x0000000051650000 - 0x0000000052510000 	C:\WINDOWS\System32\DriverStore\FileRepository\u0366790.inf_amd64_d775d276ecdcc11d\B366405\atiumd6a.dll
0x00007ffa8b470000 - 0x00007ffa8b498000 	C:\WINDOWS\SYSTEM32\bcrypt.dll
0x00007ffa82570000 - 0x00007ffa8259f000 	C:\WINDOWS\SYSTEM32\amdihk64.dll
0x00007ffa83e90000 - 0x00007ffa83eda000 	C:\WINDOWS\SYSTEM32\directxdatabasehelper.dll
0x00007ffa63160000 - 0x00007ffa631a2000 	C:\Users\Rayyan Hussain\.openjfx\cache\21-ea+null\amd64\glass.dll
0x00007ffa8d1b0000 - 0x00007ffa8d2a9000 	C:\WINDOWS\System32\COMDLG32.dll
0x00007ffa42940000 - 0x00007ffa42a79000 	C:\ProgramData\A-Volute\A-Volute.Nahimic\Modules\Scheduled\x64\AudioDevProps2.dll
0x00007ffa8d430000 - 0x00007ffa8d57f000 	C:\WINDOWS\System32\MSCTF.dll
0x00007ffa6a980000 - 0x00007ffa6a994000 	C:\Users\Rayyan Hussain\.openjfx\cache\21-ea+null\amd64\javafx_font.dll

dbghelp: loaded successfully - version: 4.0.5 - missing functions: none
symbol engine: initialized successfully - sym options: 0x614 - pdb path: .;C:\Users\Rayyan Hussain\.jdks\openjdk-21.0.1\bin;C:\WINDOWS\SYSTEM32;C:\WINDOWS\WinSxS\amd64_microsoft.windows.common-controls_6595b64144ccf1df_6.0.22621.2506_none_270c5ae97388e100;C:\Users\Rayyan Hussain\.jdks\openjdk-21.0.1\bin\server;C:\Program Files\JetBrains\IntelliJ IDEA Community Edition 2023.2.5\bin;C:\Users\Rayyan Hussain\.openjfx\cache\21-ea+null\amd64;C:\WINDOWS\System32\DriverStore\FileRepository\u0366790.inf_amd64_d775d276ecdcc11d\B366405;C:\ProgramData\A-Volute\A-Volute.Nahimic\Modules\Scheduled\x64

VM Arguments:
jvm_args: -javaagent:C:\Program Files\JetBrains\IntelliJ IDEA Community Edition 2023.2.5\lib\idea_rt.jar=61044:C:\Program Files\JetBrains\IntelliJ IDEA Community Edition 2023.2.5\bin -Dfile.encoding=UTF-8 -Dsun.stdout.encoding=UTF-8 -Dsun.stderr.encoding=UTF-8 --module-path=C:\Users\Rayyan Hussain\.m2\repository\org\openjfx\javafx-fxml\21-ea+24\javafx-fxml-21-ea+24-win.jar;C:\Users\Rayyan Hussain\.m2\repository\org\openjfx\javafx-controls\21-ea+24\javafx-controls-21-ea+24-win.jar;C:\Users\Rayyan Hussain\Documents\iiitd\sem3\AP\Project\Larken\target\classes;C:\Users\Rayyan Hussain\.m2\repository\org\openjfx\javafx-base\21-ea+24\javafx-base-21-ea+24-win.jar;C:\Users\Rayyan Hussain\.m2\repository\org\openjfx\javafx-graphics\21-ea+24\javafx-graphics-21-ea+24-win.jar -Djdk.module.main=duoforge.larken 
java_command: duoforge.larken/duoforge.larken.Main
java_class_path (initial): C:\Users\Rayyan Hussain\.m2\repository\org\openjfx\javafx-controls\21-ea+24\javafx-controls-21-ea+24.jar;C:\Users\Rayyan Hussain\.m2\repository\org\openjfx\javafx-graphics\21-ea+24\javafx-graphics-21-ea+24.jar;C:\Users\Rayyan Hussain\.m2\repository\org\openjfx\javafx-base\21-ea+24\javafx-base-21-ea+24.jar;C:\Users\Rayyan Hussain\.m2\repository\org\openjfx\javafx-fxml\21-ea+24\javafx-fxml-21-ea+24.jar
Launcher Type: SUN_STANDARD

[Global flags]
     intx CICompilerCount                          = 4                                         {product} {ergonomic}
     uint ConcGCThreads                            = 3                                         {product} {ergonomic}
     uint G1ConcRefinementThreads                  = 10                                        {product} {ergonomic}
   size_t G1HeapRegionSize                         = 2097152                                   {product} {ergonomic}
    uintx GCDrainStackTargetSize                   = 64                                        {product} {ergonomic}
   size_t InitialHeapSize                          = 257949696                                 {product} {ergonomic}
   size_t MarkStackSize                            = 4194304                                   {product} {ergonomic}
   size_t MaxHeapSize                              = 4118806528                                {product} {ergonomic}
   size_t MaxNewSize                               = 2470445056                                {product} {ergonomic}
   size_t MinHeapDeltaBytes                        = 2097152                                   {product} {ergonomic}
   size_t MinHeapSize                              = 8388608                                   {product} {ergonomic}
    uintx NonNMethodCodeHeapSize                   = 5839372                                {pd product} {ergonomic}
    uintx NonProfiledCodeHeapSize                  = 122909434                              {pd product} {ergonomic}
    uintx ProfiledCodeHeapSize                     = 122909434                              {pd product} {ergonomic}
    uintx ReservedCodeCacheSize                    = 251658240                              {pd product} {ergonomic}
     bool SegmentedCodeCache                       = true                                      {product} {ergonomic}
   size_t SoftMaxHeapSize                          = 4118806528                             {manageable} {ergonomic}
     bool UseCompressedOops                        = true                           {product lp64_product} {ergonomic}
     bool UseG1GC                                  = true                                      {product} {ergonomic}
     bool UseLargePagesIndividualAllocation        = false                                  {pd product} {ergonomic}

Logging:
Log output configuration:
 #0: stdout all=warning uptime,level,tags foldmultilines=false
 #1: stderr all=off uptime,level,tags foldmultilines=false

Environment Variables:
JAVA_HOME=C:\Program Files\Java\jdk-20
PATH=C:\Program Files (x86)\NVIDIA Corporation\PhysX\Common;C:\Program Files (x86)\VMware\VMware Player\bin\;C:\Program Files (x86)\Razer\ChromaBroadcast\bin;C:\Program Files\Razer\ChromaBroadcast\bin;C:\WINDOWS\system32;C:\WINDOWS;C:\WINDOWS\System32\Wbem;C:\WINDOWS\System32\WindowsPowerShell\v1.0\;C:\WINDOWS\System32\OpenSSH\;C:\Program Files\Git\cmd;C:\cygwin64\bin;C:\WINDOWS\syswow64\config\systemprofile\AppData\Local\Microsoft\WindowsApps;d:\steamlibrary\steamapps\common\iracing\d3dgear;C:\Program Files\dotnet\;D:\apache-maven-3.9.4\\bin;C:\Users\Rayyan Hussain\.cargo\bin;C:\Users\Rayyan Hussain\AppData\Local\Programs\Python\Python311\Scripts\;C:\Users\Rayyan Hussain\AppData\Local\Programs\Python\Python311\;C:\Users\Rayyan Hussain\AppData\Local\Microsoft\WindowsApps;C:\Users\Rayyan Hussain\AppData\Local\Programs\Microsoft VS Code\bin;C:\Users\Rayyan Hussain\AppData\Local\spicetify;C:\Program Files\Java\jdk-20\bin;
USERNAME=Rayyan Hussain
OS=Windows_NT
PROCESSOR_IDENTIFIER=AMD64 Family 23 Model 104 Stepping 1, AuthenticAMD
TMP=C:\Users\RAYYAN~1\AppData\Local\Temp
TEMP=C:\Users\RAYYAN~1\AppData\Local\Temp




Periodic native trim disabled

---------------  S Y S T E M  ---------------

OS:
 Windows 11 , 64 bit Build 22621 (10.0.22621.2506)
OS uptime: 13 days 6:29 hours
Hyper-V role detected

CPU: total 12 (initial active 12) (12 cores per cpu, 2 threads per core) family 23 model 104 stepping 1 microcode 0x0, cx8, cmov, fxsr, ht, mmx, 3dnowpref, sse, sse2, sse3, ssse3, sse4a, sse4.1, sse4.2, popcnt, lzcnt, tsc, tscinvbit, avx, avx2, aes, clmul, bmi1, bmi2, adx, sha, fma, vzeroupper, clflush, clflushopt, hv, rdtscp, rdpid, f16c
Processor Information for processor 0
  Max Mhz: 2100, Current Mhz: 1988, Mhz Limit: 2100
Processor Information for processor 1
  Max Mhz: 2100, Current Mhz: 1988, Mhz Limit: 2100
Processor Information for processor 2
  Max Mhz: 2100, Current Mhz: 2100, Mhz Limit: 2100
Processor Information for processor 3
  Max Mhz: 2100, Current Mhz: 1988, Mhz Limit: 2100
Processor Information for processor 4
  Max Mhz: 2100, Current Mhz: 2100, Mhz Limit: 2100
Processor Information for processor 5
  Max Mhz: 2100, Current Mhz: 2100, Mhz Limit: 2100
Processor Information for processor 6
  Max Mhz: 2100, Current Mhz: 1988, Mhz Limit: 2100
Processor Information for processor 7
  Max Mhz: 2100, Current Mhz: 2100, Mhz Limit: 2100
Processor Information for processor 8
  Max Mhz: 2100, Current Mhz: 2100, Mhz Limit: 2100
Processor Information for processor 9
  Max Mhz: 2100, Current Mhz: 2100, Mhz Limit: 2100
Processor Information for processor 10
  Max Mhz: 2100, Current Mhz: 2100, Mhz Limit: 2100
Processor Information for processor 11
  Max Mhz: 2100, Current Mhz: 1988, Mhz Limit: 2100

Memory: 4k page, system-wide physical 15706M (624M free)
TotalPageFile size 29475M (AvailPageFile size 675M)
current process WorkingSet (physical memory assigned to process): 497M, peak: 497M
current process commit charge ("private bytes"): 774M, peak: 2009M

vm_info: OpenJDK 64-Bit Server VM (21.0.1+12-29) for windows-amd64 JRE (21.0.1+12-29), built on 2023-10-05T13:27:09Z by "mach5one" with MS VC++ 17.1 (VS2022)

END.
