#
# There is insufficient memory for the Java Runtime Environment to continue.
# Native memory allocation (malloc) failed to allocate 725312 bytes for Chunk::new
# Possible reasons:
#   The system is out of physical RAM or swap space
#   The process is running with CompressedOops enabled, and the Java Heap may be blocking the growth of the native heap
# Possible solutions:
#   Reduce memory load on the system
#   Increase physical memory or swap space
#   Check if swap backing store is full
#   Decrease Java heap size (-Xmx/-Xms)
#   Decrease number of Java threads
#   Decrease Java thread stack sizes (-Xss)
#   Set larger code cache with -XX:ReservedCodeCacheSize=
#   JVM is running with Zero Based Compressed Oops mode in which the Java heap is
#     placed in the first 32GB address space. The Java Heap base address is the
#     maximum limit for the native heap growth. Please use -XX:HeapBaseMinAddress
#     to set the Java Heap base and to place the Java Heap above 32GB virtual address.
# This output file may be truncated or incomplete.
#
#  Out of Memory Error (arena.cpp:168), pid=20260, tid=19536
#
# JRE version: OpenJDK Runtime Environment (21.0.1+12) (build 21.0.1+12-29)
# Java VM: OpenJDK 64-Bit Server VM (21.0.1+12-29, mixed mode, sharing, tiered, compressed oops, compressed class ptrs, g1 gc, windows-amd64)
# No core dump will be written. Minidumps are not enabled by default on client versions of Windows
#

---------------  S U M M A R Y ------------

Command Line: -javaagent:C:\Program Files\JetBrains\IntelliJ IDEA Community Edition 2023.2.5\lib\idea_rt.jar=60563:C:\Program Files\JetBrains\IntelliJ IDEA Community Edition 2023.2.5\bin -Dfile.encoding=UTF-8 -Dsun.stdout.encoding=UTF-8 -Dsun.stderr.encoding=UTF-8 --module-path=C:\Users\Rayyan Hussain\.m2\repository\org\openjfx\javafx-fxml\21-ea+24\javafx-fxml-21-ea+24-win.jar;C:\Users\Rayyan Hussain\.m2\repository\org\openjfx\javafx-controls\21-ea+24\javafx-controls-21-ea+24-win.jar;C:\Users\Rayyan Hussain\Documents\iiitd\sem3\AP\Project\Larken\target\classes;C:\Users\Rayyan Hussain\.m2\repository\org\openjfx\javafx-base\21-ea+24\javafx-base-21-ea+24-win.jar;C:\Users\Rayyan Hussain\.m2\repository\org\openjfx\javafx-graphics\21-ea+24\javafx-graphics-21-ea+24-win.jar -Djdk.module.main=duoforge.larken duoforge.larken/duoforge.larken.Main

Host: AMD Ryzen 5 5500U with Radeon Graphics         , 12 cores, 15G,  Windows 11 , 64 bit Build 22621 (10.0.22621.2506)
Time: Fri Dec  8 21:48:44 2023 India Standard Time elapsed time: 1.782064 seconds (0d 0h 0m 1s)

---------------  T H R E A D  ---------------

Current thread (0x0000022ecc20bc90):  JavaThread "C2 CompilerThread0" daemon [_thread_in_native, id=19536, stack(0x0000009e56100000,0x0000009e56200000) (1024K)]


Current CompileTask:
C2:   1782 1123       4       java.util.HashSet::add (20 bytes)

Stack: [0x0000009e56100000,0x0000009e56200000]
Native frames: (J=compiled Java code, j=interpreted, Vv=VM code, C=native code)
V  [jvm.dll+0x6c9029]
V  [jvm.dll+0x854b81]
V  [jvm.dll+0x856e5e]
V  [jvm.dll+0x857543]
V  [jvm.dll+0x280c06]
V  [jvm.dll+0xc3ead]
V  [jvm.dll+0xc43c3]
V  [jvm.dll+0x3b576c]
V  [jvm.dll+0x382475]
V  [jvm.dll+0x3818ea]
V  [jvm.dll+0x249ad0]
V  [jvm.dll+0x2490b1]
V  [jvm.dll+0x1c9ca1]
V  [jvm.dll+0x2586b9]
V  [jvm.dll+0x256c9a]
V  [jvm.dll+0x3ef1b6]
V  [jvm.dll+0x7fd728]
V  [jvm.dll+0x6c777d]
C  [ucrtbase.dll+0x29363]
C  [KERNEL32.DLL+0x1257d]
C  [ntdll.dll+0x5aa58]


---------------  P R O C E S S  ---------------

Threads class SMR info:
_java_thread_list=0x0000022f1224b710, length=17, elements={
0x0000022eacf04ca0, 0x0000022ecc1eb690, 0x0000022ecc1ebfd0, 0x0000022ecc1ed3d0,
0x0000022ecc1f1060, 0x0000022ecc1eeb80, 0x0000022ecc1f0200, 0x0000022ecc20bc90,
0x0000022ecc20c750, 0x0000022ecc1b4de0, 0x0000022eccde7810, 0x0000022ecccba630,
0x0000022eccda2bb0, 0x0000022f12161cd0, 0x0000022f1205f530, 0x0000022f121c7bb0,
0x0000022f1224b830
}

Java Threads: ( => current thread )
  0x0000022eacf04ca0 JavaThread "main"                              [_thread_blocked, id=15832, stack(0x0000009e55300000,0x0000009e55400000) (1024K)]
  0x0000022ecc1eb690 JavaThread "Reference Handler"          daemon [_thread_blocked, id=15556, stack(0x0000009e55b00000,0x0000009e55c00000) (1024K)]
  0x0000022ecc1ebfd0 JavaThread "Finalizer"                  daemon [_thread_blocked, id=20456, stack(0x0000009e55c00000,0x0000009e55d00000) (1024K)]
  0x0000022ecc1ed3d0 JavaThread "Signal Dispatcher"          daemon [_thread_blocked, id=35756, stack(0x0000009e55d00000,0x0000009e55e00000) (1024K)]
  0x0000022ecc1f1060 JavaThread "Attach Listener"            daemon [_thread_blocked, id=12612, stack(0x0000009e55e00000,0x0000009e55f00000) (1024K)]
  0x0000022ecc1eeb80 JavaThread "Service Thread"             daemon [_thread_blocked, id=26996, stack(0x0000009e55f00000,0x0000009e56000000) (1024K)]
  0x0000022ecc1f0200 JavaThread "Monitor Deflation Thread"   daemon [_thread_blocked, id=25684, stack(0x0000009e56000000,0x0000009e56100000) (1024K)]
=>0x0000022ecc20bc90 JavaThread "C2 CompilerThread0"         daemon [_thread_in_native, id=19536, stack(0x0000009e56100000,0x0000009e56200000) (1024K)]
  0x0000022ecc20c750 JavaThread "C1 CompilerThread0"         daemon [_thread_blocked, id=35268, stack(0x0000009e56200000,0x0000009e56300000) (1024K)]
  0x0000022ecc1b4de0 JavaThread "Common-Cleaner"             daemon [_thread_blocked, id=16804, stack(0x0000009e56300000,0x0000009e56400000) (1024K)]
  0x0000022eccde7810 JavaThread "Monitor Ctrl-Break"         daemon [_thread_in_native, id=28284, stack(0x0000009e56600000,0x0000009e56700000) (1024K)]
  0x0000022ecccba630 JavaThread "Notification Thread"        daemon [_thread_blocked, id=20232, stack(0x0000009e56700000,0x0000009e56800000) (1024K)]
  0x0000022eccda2bb0 JavaThread "QuantumRenderer-0"          daemon [_thread_blocked, id=21976, stack(0x0000009e56800000,0x0000009e56900000) (1024K)]
  0x0000022f12161cd0 JavaThread "InvokeLaterDispatcher"      daemon [_thread_blocked, id=22768, stack(0x0000009e56400000,0x0000009e56500000) (1024K)]
  0x0000022f1205f530 JavaThread "JavaFX Application Thread"         [_thread_in_vm, id=13748, stack(0x0000009e57100000,0x0000009e57200000) (1024K)]
  0x0000022f121c7bb0 JavaThread "Thread-1"                   daemon [_thread_in_native, id=21248, stack(0x0000009e57200000,0x0000009e57300000) (1024K)]
  0x0000022f1224b830 JavaThread "JavaFX-Launcher"                   [_thread_blocked, id=3912, stack(0x0000009e57300000,0x0000009e57400000) (1024K)]
Total: 17

Other Threads:
  0x0000022ecc1cd0e0 VMThread "VM Thread"                           [id=23068, stack(0x0000009e55a00000,0x0000009e55b00000) (1024K)]
  0x0000022ecc1b4280 WatcherThread "VM Periodic Task Thread"        [id=19724, stack(0x0000009e55900000,0x0000009e55a00000) (1024K)]
  0x0000022eacf6a530 WorkerThread "GC Thread#0"                     [id=26160, stack(0x0000009e55400000,0x0000009e55500000) (1024K)]
  0x0000022f120575f0 WorkerThread "GC Thread#1"                     [id=19944, stack(0x0000009e56500000,0x0000009e56600000) (1024K)]
  0x0000022f12057990 WorkerThread "GC Thread#2"                     [id=21256, stack(0x0000009e56b00000,0x0000009e56c00000) (1024K)]
  0x0000022f12057d30 WorkerThread "GC Thread#3"                     [id=30168, stack(0x0000009e56c00000,0x0000009e56d00000) (1024K)]
  0x0000022f120584e0 WorkerThread "GC Thread#4"                     [id=29160, stack(0x0000009e56d00000,0x0000009e56e00000) (1024K)]
  0x0000022f12142340 WorkerThread "GC Thread#5"                     [id=10376, stack(0x0000009e56e00000,0x0000009e56f00000) (1024K)]
  0x0000022f12142af0 WorkerThread "GC Thread#6"                     [id=35632, stack(0x0000009e56f00000,0x0000009e57000000) (1024K)]
  0x0000022f12146ea0 WorkerThread "GC Thread#7"                     [id=31424, stack(0x0000009e57000000,0x0000009e57100000) (1024K)]
  0x0000022eacf7a410 ConcurrentGCThread "G1 Main Marker"            [id=4728, stack(0x0000009e55500000,0x0000009e55600000) (1024K)]
  0x0000022eaac1b760 WorkerThread "G1 Conc#0"                       [id=31528, stack(0x0000009e55600000,0x0000009e55700000) (1024K)]
  0x0000022ecc088b60 ConcurrentGCThread "G1 Refine#0"               [id=29932, stack(0x0000009e55700000,0x0000009e55800000) (1024K)]
  0x0000022ecc0891f0 ConcurrentGCThread "G1 Service"                [id=5876, stack(0x0000009e55800000,0x0000009e55900000) (1024K)]
Total: 14

Threads with active compile tasks:
C2 CompilerThread0     1809 1123       4       java.util.HashSet::add (20 bytes)
Total: 1

VM state: not at safepoint (normal execution)

VM Mutex/Monitor currently owned by a thread: None

Heap address: 0x000000070a800000, size: 3928 MB, Compressed Oops mode: Zero based, Oop shift amount: 3

CDS archive(s) mapped at: [0x0000022ecd000000-0x0000022ecdc90000-0x0000022ecdc90000), size 13172736, SharedBaseAddress: 0x0000022ecd000000, ArchiveRelocationMode: 1.
Compressed class space mapped at: 0x0000022ece000000-0x0000022f0e000000, reserved size: 1073741824
Narrow klass base: 0x0000022ecd000000, Narrow klass shift: 0, Narrow klass range: 0x100000000

GC Precious Log:
 CardTable entry size: 512
 Card Set container configuration: InlinePtr #cards 4 size 8 Array Of Cards #cards 16 size 48 Howl #buckets 8 coarsen threshold 3686 Howl Bitmap #cards 512 size 80 coarsen threshold 460 Card regions per heap region 1 cards per card region 4096
 CPUs: 12 total, 12 available
 Memory: 15706M
 Large Page Support: Disabled
 NUMA Support: Disabled
 Compressed Oops: Enabled (Zero based)
 Heap Region Size: 2M
 Heap Min Capacity: 8M
 Heap Initial Capacity: 246M
 Heap Max Capacity: 3928M
 Pre-touch: Disabled
 Parallel Workers: 10
 Concurrent Workers: 3
 Concurrent Refinement Workers: 10
 Periodic GC: Disabled

Heap:
 garbage-first heap   total 251904K, used 6976K [0x000000070a800000, 0x0000000800000000)
  region size 2048K, 6 young (12288K), 2 survivors (4096K)
 Metaspace       used 5194K, committed 5440K, reserved 1114112K
  class space    used 602K, committed 704K, reserved 1048576K

Heap Regions: E=young(eden), S=young(survivor), O=old, HS=humongous(starts), HC=humongous(continues), CS=collection set, F=free, TAMS=top-at-mark-start, PB=parsable bottom
|   0|0x000000070a800000, 0x000000070a800000, 0x000000070aa00000|  0%| F|  |TAMS 0x000000070a800000| PB 0x000000070a800000| Untracked 
|   1|0x000000070aa00000, 0x000000070aa00000, 0x000000070ac00000|  0%| F|  |TAMS 0x000000070aa00000| PB 0x000000070aa00000| Untracked 
|   2|0x000000070ac00000, 0x000000070ac00000, 0x000000070ae00000|  0%| F|  |TAMS 0x000000070ac00000| PB 0x000000070ac00000| Untracked 
|   3|0x000000070ae00000, 0x000000070ae00000, 0x000000070b000000|  0%| F|  |TAMS 0x000000070ae00000| PB 0x000000070ae00000| Untracked 
|   4|0x000000070b000000, 0x000000070b000000, 0x000000070b200000|  0%| F|  |TAMS 0x000000070b000000| PB 0x000000070b000000| Untracked 
|   5|0x000000070b200000, 0x000000070b200000, 0x000000070b400000|  0%| F|  |TAMS 0x000000070b200000| PB 0x000000070b200000| Untracked 
|   6|0x000000070b400000, 0x000000070b400000, 0x000000070b600000|  0%| F|  |TAMS 0x000000070b400000| PB 0x000000070b400000| Untracked 
|   7|0x000000070b600000, 0x000000070b600000, 0x000000070b800000|  0%| F|  |TAMS 0x000000070b600000| PB 0x000000070b600000| Untracked 
|   8|0x000000070b800000, 0x000000070b800000, 0x000000070ba00000|  0%| F|  |TAMS 0x000000070b800000| PB 0x000000070b800000| Untracked 
|   9|0x000000070ba00000, 0x000000070ba00000, 0x000000070bc00000|  0%| F|  |TAMS 0x000000070ba00000| PB 0x000000070ba00000| Untracked 
|  10|0x000000070bc00000, 0x000000070bc00000, 0x000000070be00000|  0%| F|  |TAMS 0x000000070bc00000| PB 0x000000070bc00000| Untracked 
|  11|0x000000070be00000, 0x000000070be00000, 0x000000070c000000|  0%| F|  |TAMS 0x000000070be00000| PB 0x000000070be00000| Untracked 
|  12|0x000000070c000000, 0x000000070c000000, 0x000000070c200000|  0%| F|  |TAMS 0x000000070c000000| PB 0x000000070c000000| Untracked 
|  13|0x000000070c200000, 0x000000070c200000, 0x000000070c400000|  0%| F|  |TAMS 0x000000070c200000| PB 0x000000070c200000| Untracked 
|  14|0x000000070c400000, 0x000000070c400000, 0x000000070c600000|  0%| F|  |TAMS 0x000000070c400000| PB 0x000000070c400000| Untracked 
|  15|0x000000070c600000, 0x000000070c600000, 0x000000070c800000|  0%| F|  |TAMS 0x000000070c600000| PB 0x000000070c600000| Untracked 
|  16|0x000000070c800000, 0x000000070c800000, 0x000000070ca00000|  0%| F|  |TAMS 0x000000070c800000| PB 0x000000070c800000| Untracked 
|  17|0x000000070ca00000, 0x000000070ca00000, 0x000000070cc00000|  0%| F|  |TAMS 0x000000070ca00000| PB 0x000000070ca00000| Untracked 
|  18|0x000000070cc00000, 0x000000070cc00000, 0x000000070ce00000|  0%| F|  |TAMS 0x000000070cc00000| PB 0x000000070cc00000| Untracked 
|  19|0x000000070ce00000, 0x000000070ce00000, 0x000000070d000000|  0%| F|  |TAMS 0x000000070ce00000| PB 0x000000070ce00000| Untracked 
|  20|0x000000070d000000, 0x000000070d000000, 0x000000070d200000|  0%| F|  |TAMS 0x000000070d000000| PB 0x000000070d000000| Untracked 
|  21|0x000000070d200000, 0x000000070d200000, 0x000000070d400000|  0%| F|  |TAMS 0x000000070d200000| PB 0x000000070d200000| Untracked 
|  22|0x000000070d400000, 0x000000070d400000, 0x000000070d600000|  0%| F|  |TAMS 0x000000070d400000| PB 0x000000070d400000| Untracked 
|  23|0x000000070d600000, 0x000000070d600000, 0x000000070d800000|  0%| F|  |TAMS 0x000000070d600000| PB 0x000000070d600000| Untracked 
|  24|0x000000070d800000, 0x000000070d800000, 0x000000070da00000|  0%| F|  |TAMS 0x000000070d800000| PB 0x000000070d800000| Untracked 
|  25|0x000000070da00000, 0x000000070da00000, 0x000000070dc00000|  0%| F|  |TAMS 0x000000070da00000| PB 0x000000070da00000| Untracked 
|  26|0x000000070dc00000, 0x000000070dc00000, 0x000000070de00000|  0%| F|  |TAMS 0x000000070dc00000| PB 0x000000070dc00000| Untracked 
|  27|0x000000070de00000, 0x000000070de00000, 0x000000070e000000|  0%| F|  |TAMS 0x000000070de00000| PB 0x000000070de00000| Untracked 
|  28|0x000000070e000000, 0x000000070e000000, 0x000000070e200000|  0%| F|  |TAMS 0x000000070e000000| PB 0x000000070e000000| Untracked 
|  29|0x000000070e200000, 0x000000070e200000, 0x000000070e400000|  0%| F|  |TAMS 0x000000070e200000| PB 0x000000070e200000| Untracked 
|  30|0x000000070e400000, 0x000000070e400000, 0x000000070e600000|  0%| F|  |TAMS 0x000000070e400000| PB 0x000000070e400000| Untracked 
|  31|0x000000070e600000, 0x000000070e600000, 0x000000070e800000|  0%| F|  |TAMS 0x000000070e600000| PB 0x000000070e600000| Untracked 
|  32|0x000000070e800000, 0x000000070e800000, 0x000000070ea00000|  0%| F|  |TAMS 0x000000070e800000| PB 0x000000070e800000| Untracked 
|  33|0x000000070ea00000, 0x000000070ea00000, 0x000000070ec00000|  0%| F|  |TAMS 0x000000070ea00000| PB 0x000000070ea00000| Untracked 
|  34|0x000000070ec00000, 0x000000070ec00000, 0x000000070ee00000|  0%| F|  |TAMS 0x000000070ec00000| PB 0x000000070ec00000| Untracked 
|  35|0x000000070ee00000, 0x000000070ee00000, 0x000000070f000000|  0%| F|  |TAMS 0x000000070ee00000| PB 0x000000070ee00000| Untracked 
|  36|0x000000070f000000, 0x000000070f000000, 0x000000070f200000|  0%| F|  |TAMS 0x000000070f000000| PB 0x000000070f000000| Untracked 
|  37|0x000000070f200000, 0x000000070f200000, 0x000000070f400000|  0%| F|  |TAMS 0x000000070f200000| PB 0x000000070f200000| Untracked 
|  38|0x000000070f400000, 0x000000070f400000, 0x000000070f600000|  0%| F|  |TAMS 0x000000070f400000| PB 0x000000070f400000| Untracked 
|  39|0x000000070f600000, 0x000000070f600000, 0x000000070f800000|  0%| F|  |TAMS 0x000000070f600000| PB 0x000000070f600000| Untracked 
|  40|0x000000070f800000, 0x000000070f800000, 0x000000070fa00000|  0%| F|  |TAMS 0x000000070f800000| PB 0x000000070f800000| Untracked 
|  41|0x000000070fa00000, 0x000000070fa00000, 0x000000070fc00000|  0%| F|  |TAMS 0x000000070fa00000| PB 0x000000070fa00000| Untracked 
|  42|0x000000070fc00000, 0x000000070fc00000, 0x000000070fe00000|  0%| F|  |TAMS 0x000000070fc00000| PB 0x000000070fc00000| Untracked 
|  43|0x000000070fe00000, 0x000000070fe00000, 0x0000000710000000|  0%| F|  |TAMS 0x000000070fe00000| PB 0x000000070fe00000| Untracked 
|  44|0x0000000710000000, 0x0000000710000000, 0x0000000710200000|  0%| F|  |TAMS 0x0000000710000000| PB 0x0000000710000000| Untracked 
|  45|0x0000000710200000, 0x0000000710200000, 0x0000000710400000|  0%| F|  |TAMS 0x0000000710200000| PB 0x0000000710200000| Untracked 
|  46|0x0000000710400000, 0x0000000710400000, 0x0000000710600000|  0%| F|  |TAMS 0x0000000710400000| PB 0x0000000710400000| Untracked 
|  47|0x0000000710600000, 0x0000000710600000, 0x0000000710800000|  0%| F|  |TAMS 0x0000000710600000| PB 0x0000000710600000| Untracked 
|  48|0x0000000710800000, 0x0000000710800000, 0x0000000710a00000|  0%| F|  |TAMS 0x0000000710800000| PB 0x0000000710800000| Untracked 
|  49|0x0000000710a00000, 0x0000000710a00000, 0x0000000710c00000|  0%| F|  |TAMS 0x0000000710a00000| PB 0x0000000710a00000| Untracked 
|  50|0x0000000710c00000, 0x0000000710c00000, 0x0000000710e00000|  0%| F|  |TAMS 0x0000000710c00000| PB 0x0000000710c00000| Untracked 
|  51|0x0000000710e00000, 0x0000000710e00000, 0x0000000711000000|  0%| F|  |TAMS 0x0000000710e00000| PB 0x0000000710e00000| Untracked 
|  52|0x0000000711000000, 0x0000000711000000, 0x0000000711200000|  0%| F|  |TAMS 0x0000000711000000| PB 0x0000000711000000| Untracked 
|  53|0x0000000711200000, 0x0000000711200000, 0x0000000711400000|  0%| F|  |TAMS 0x0000000711200000| PB 0x0000000711200000| Untracked 
|  54|0x0000000711400000, 0x0000000711400000, 0x0000000711600000|  0%| F|  |TAMS 0x0000000711400000| PB 0x0000000711400000| Untracked 
|  55|0x0000000711600000, 0x0000000711600000, 0x0000000711800000|  0%| F|  |TAMS 0x0000000711600000| PB 0x0000000711600000| Untracked 
|  56|0x0000000711800000, 0x0000000711800000, 0x0000000711a00000|  0%| F|  |TAMS 0x0000000711800000| PB 0x0000000711800000| Untracked 
|  57|0x0000000711a00000, 0x0000000711a00000, 0x0000000711c00000|  0%| F|  |TAMS 0x0000000711a00000| PB 0x0000000711a00000| Untracked 
|  58|0x0000000711c00000, 0x0000000711c00000, 0x0000000711e00000|  0%| F|  |TAMS 0x0000000711c00000| PB 0x0000000711c00000| Untracked 
|  59|0x0000000711e00000, 0x0000000711e00000, 0x0000000712000000|  0%| F|  |TAMS 0x0000000711e00000| PB 0x0000000711e00000| Untracked 
|  60|0x0000000712000000, 0x0000000712000000, 0x0000000712200000|  0%| F|  |TAMS 0x0000000712000000| PB 0x0000000712000000| Untracked 
|  61|0x0000000712200000, 0x0000000712200000, 0x0000000712400000|  0%| F|  |TAMS 0x0000000712200000| PB 0x0000000712200000| Untracked 
|  62|0x0000000712400000, 0x0000000712400000, 0x0000000712600000|  0%| F|  |TAMS 0x0000000712400000| PB 0x0000000712400000| Untracked 
|  63|0x0000000712600000, 0x0000000712600000, 0x0000000712800000|  0%| F|  |TAMS 0x0000000712600000| PB 0x0000000712600000| Untracked 
|  64|0x0000000712800000, 0x0000000712800000, 0x0000000712a00000|  0%| F|  |TAMS 0x0000000712800000| PB 0x0000000712800000| Untracked 
|  65|0x0000000712a00000, 0x0000000712a00000, 0x0000000712c00000|  0%| F|  |TAMS 0x0000000712a00000| PB 0x0000000712a00000| Untracked 
|  66|0x0000000712c00000, 0x0000000712c00000, 0x0000000712e00000|  0%| F|  |TAMS 0x0000000712c00000| PB 0x0000000712c00000| Untracked 
|  67|0x0000000712e00000, 0x0000000712e00000, 0x0000000713000000|  0%| F|  |TAMS 0x0000000712e00000| PB 0x0000000712e00000| Untracked 
|  68|0x0000000713000000, 0x0000000713000000, 0x0000000713200000|  0%| F|  |TAMS 0x0000000713000000| PB 0x0000000713000000| Untracked 
|  69|0x0000000713200000, 0x0000000713200000, 0x0000000713400000|  0%| F|  |TAMS 0x0000000713200000| PB 0x0000000713200000| Untracked 
|  70|0x0000000713400000, 0x0000000713400000, 0x0000000713600000|  0%| F|  |TAMS 0x0000000713400000| PB 0x0000000713400000| Untracked 
|  71|0x0000000713600000, 0x0000000713600000, 0x0000000713800000|  0%| F|  |TAMS 0x0000000713600000| PB 0x0000000713600000| Untracked 
|  72|0x0000000713800000, 0x0000000713800000, 0x0000000713a00000|  0%| F|  |TAMS 0x0000000713800000| PB 0x0000000713800000| Untracked 
|  73|0x0000000713a00000, 0x0000000713a00000, 0x0000000713c00000|  0%| F|  |TAMS 0x0000000713a00000| PB 0x0000000713a00000| Untracked 
|  74|0x0000000713c00000, 0x0000000713c00000, 0x0000000713e00000|  0%| F|  |TAMS 0x0000000713c00000| PB 0x0000000713c00000| Untracked 
|  75|0x0000000713e00000, 0x0000000713e00000, 0x0000000714000000|  0%| F|  |TAMS 0x0000000713e00000| PB 0x0000000713e00000| Untracked 
|  76|0x0000000714000000, 0x0000000714000000, 0x0000000714200000|  0%| F|  |TAMS 0x0000000714000000| PB 0x0000000714000000| Untracked 
|  77|0x0000000714200000, 0x0000000714200000, 0x0000000714400000|  0%| F|  |TAMS 0x0000000714200000| PB 0x0000000714200000| Untracked 
|  78|0x0000000714400000, 0x0000000714400000, 0x0000000714600000|  0%| F|  |TAMS 0x0000000714400000| PB 0x0000000714400000| Untracked 
|  79|0x0000000714600000, 0x0000000714600000, 0x0000000714800000|  0%| F|  |TAMS 0x0000000714600000| PB 0x0000000714600000| Untracked 
|  80|0x0000000714800000, 0x0000000714800000, 0x0000000714a00000|  0%| F|  |TAMS 0x0000000714800000| PB 0x0000000714800000| Untracked 
|  81|0x0000000714a00000, 0x0000000714a00000, 0x0000000714c00000|  0%| F|  |TAMS 0x0000000714a00000| PB 0x0000000714a00000| Untracked 
|  82|0x0000000714c00000, 0x0000000714c00000, 0x0000000714e00000|  0%| F|  |TAMS 0x0000000714c00000| PB 0x0000000714c00000| Untracked 
|  83|0x0000000714e00000, 0x0000000714e00000, 0x0000000715000000|  0%| F|  |TAMS 0x0000000714e00000| PB 0x0000000714e00000| Untracked 
|  84|0x0000000715000000, 0x0000000715000000, 0x0000000715200000|  0%| F|  |TAMS 0x0000000715000000| PB 0x0000000715000000| Untracked 
|  85|0x0000000715200000, 0x0000000715200000, 0x0000000715400000|  0%| F|  |TAMS 0x0000000715200000| PB 0x0000000715200000| Untracked 
|  86|0x0000000715400000, 0x0000000715400000, 0x0000000715600000|  0%| F|  |TAMS 0x0000000715400000| PB 0x0000000715400000| Untracked 
|  87|0x0000000715600000, 0x0000000715600000, 0x0000000715800000|  0%| F|  |TAMS 0x0000000715600000| PB 0x0000000715600000| Untracked 
|  88|0x0000000715800000, 0x0000000715800000, 0x0000000715a00000|  0%| F|  |TAMS 0x0000000715800000| PB 0x0000000715800000| Untracked 
|  89|0x0000000715a00000, 0x0000000715a00000, 0x0000000715c00000|  0%| F|  |TAMS 0x0000000715a00000| PB 0x0000000715a00000| Untracked 
|  90|0x0000000715c00000, 0x0000000715c00000, 0x0000000715e00000|  0%| F|  |TAMS 0x0000000715c00000| PB 0x0000000715c00000| Untracked 
|  91|0x0000000715e00000, 0x0000000715e00000, 0x0000000716000000|  0%| F|  |TAMS 0x0000000715e00000| PB 0x0000000715e00000| Untracked 
|  92|0x0000000716000000, 0x0000000716000000, 0x0000000716200000|  0%| F|  |TAMS 0x0000000716000000| PB 0x0000000716000000| Untracked 
|  93|0x0000000716200000, 0x0000000716200000, 0x0000000716400000|  0%| F|  |TAMS 0x0000000716200000| PB 0x0000000716200000| Untracked 
|  94|0x0000000716400000, 0x0000000716400000, 0x0000000716600000|  0%| F|  |TAMS 0x0000000716400000| PB 0x0000000716400000| Untracked 
|  95|0x0000000716600000, 0x0000000716600000, 0x0000000716800000|  0%| F|  |TAMS 0x0000000716600000| PB 0x0000000716600000| Untracked 
|  96|0x0000000716800000, 0x0000000716800000, 0x0000000716a00000|  0%| F|  |TAMS 0x0000000716800000| PB 0x0000000716800000| Untracked 
|  97|0x0000000716a00000, 0x0000000716a00000, 0x0000000716c00000|  0%| F|  |TAMS 0x0000000716a00000| PB 0x0000000716a00000| Untracked 
|  98|0x0000000716c00000, 0x0000000716c00000, 0x0000000716e00000|  0%| F|  |TAMS 0x0000000716c00000| PB 0x0000000716c00000| Untracked 
|  99|0x0000000716e00000, 0x0000000716e00000, 0x0000000717000000|  0%| F|  |TAMS 0x0000000716e00000| PB 0x0000000716e00000| Untracked 
| 100|0x0000000717000000, 0x0000000717000000, 0x0000000717200000|  0%| F|  |TAMS 0x0000000717000000| PB 0x0000000717000000| Untracked 
| 101|0x0000000717200000, 0x0000000717200000, 0x0000000717400000|  0%| F|  |TAMS 0x0000000717200000| PB 0x0000000717200000| Untracked 
| 102|0x0000000717400000, 0x0000000717400000, 0x0000000717600000|  0%| F|  |TAMS 0x0000000717400000| PB 0x0000000717400000| Untracked 
| 103|0x0000000717600000, 0x0000000717600000, 0x0000000717800000|  0%| F|  |TAMS 0x0000000717600000| PB 0x0000000717600000| Untracked 
| 104|0x0000000717800000, 0x0000000717800000, 0x0000000717a00000|  0%| F|  |TAMS 0x0000000717800000| PB 0x0000000717800000| Untracked 
| 105|0x0000000717a00000, 0x0000000717a00000, 0x0000000717c00000|  0%| F|  |TAMS 0x0000000717a00000| PB 0x0000000717a00000| Untracked 
| 106|0x0000000717c00000, 0x0000000717c00000, 0x0000000717e00000|  0%| F|  |TAMS 0x0000000717c00000| PB 0x0000000717c00000| Untracked 
| 107|0x0000000717e00000, 0x0000000717e00000, 0x0000000718000000|  0%| F|  |TAMS 0x0000000717e00000| PB 0x0000000717e00000| Untracked 
| 108|0x0000000718000000, 0x0000000718000000, 0x0000000718200000|  0%| F|  |TAMS 0x0000000718000000| PB 0x0000000718000000| Untracked 
| 109|0x0000000718200000, 0x0000000718200000, 0x0000000718400000|  0%| F|  |TAMS 0x0000000718200000| PB 0x0000000718200000| Untracked 
| 110|0x0000000718400000, 0x00000007184d0000, 0x0000000718600000| 40%| S|CS|TAMS 0x0000000718400000| PB 0x0000000718400000| Complete 
| 111|0x0000000718600000, 0x0000000718800000, 0x0000000718800000|100%| S|CS|TAMS 0x0000000718600000| PB 0x0000000718600000| Complete 
| 112|0x0000000718800000, 0x0000000718800000, 0x0000000718a00000|  0%| F|  |TAMS 0x0000000718800000| PB 0x0000000718800000| Untracked 
| 113|0x0000000718a00000, 0x0000000718a00000, 0x0000000718c00000|  0%| F|  |TAMS 0x0000000718a00000| PB 0x0000000718a00000| Untracked 
| 114|0x0000000718c00000, 0x0000000718c00000, 0x0000000718e00000|  0%| F|  |TAMS 0x0000000718c00000| PB 0x0000000718c00000| Untracked 
| 115|0x0000000718e00000, 0x0000000718e00000, 0x0000000719000000|  0%| F|  |TAMS 0x0000000718e00000| PB 0x0000000718e00000| Untracked 
| 116|0x0000000719000000, 0x0000000719000000, 0x0000000719200000|  0%| F|  |TAMS 0x0000000719000000| PB 0x0000000719000000| Untracked 
| 117|0x0000000719200000, 0x0000000719200000, 0x0000000719400000|  0%| F|  |TAMS 0x0000000719200000| PB 0x0000000719200000| Untracked 
| 118|0x0000000719400000, 0x0000000719400000, 0x0000000719600000|  0%| F|  |TAMS 0x0000000719400000| PB 0x0000000719400000| Untracked 
| 119|0x0000000719600000, 0x000000071965d728, 0x0000000719800000| 18%| E|  |TAMS 0x0000000719600000| PB 0x0000000719600000| Complete 
| 120|0x0000000719800000, 0x0000000719a00000, 0x0000000719a00000|100%| E|CS|TAMS 0x0000000719800000| PB 0x0000000719800000| Complete 
| 121|0x0000000719a00000, 0x0000000719c00000, 0x0000000719c00000|100%| E|  |TAMS 0x0000000719a00000| PB 0x0000000719a00000| Complete 
| 122|0x0000000719c00000, 0x0000000719e00000, 0x0000000719e00000|100%| E|CS|TAMS 0x0000000719c00000| PB 0x0000000719c00000| Complete 

Card table byte_map: [0x0000022ec5060000,0x0000022ec5810000] _byte_map_base: 0x0000022ec180c000

Marking Bits: (CMBitMap*) 0x0000022eaac1af90
 Bits: [0x0000022ec5810000, 0x0000022ec9570000)

Polling page: 0x0000022eaae70000

Metaspace:

Usage:
  Non-class:      4.52 MB used.
      Class:    608.72 KB used.
       Both:      5.11 MB used.

Virtual space:
  Non-class space:       64.00 MB reserved,       4.62 MB (  7%) committed,  1 nodes.
      Class space:        1.00 GB reserved,     704.00 KB ( <1%) committed,  1 nodes.
             Both:        1.06 GB reserved,       5.31 MB ( <1%) committed. 

Chunk freelists:
   Non-Class:  10.04 MB
       Class:  15.36 MB
        Both:  25.39 MB

MaxMetaspaceSize: unlimited
CompressedClassSpaceSize: 1.00 GB
Initial GC threshold: 21.00 MB
Current GC threshold: 21.00 MB
CDS: on
 - commit_granule_bytes: 65536.
 - commit_granule_words: 8192.
 - virtual_space_node_default_size: 8388608.
 - enlarge_chunks_in_place: 1.
 - use_allocation_guard: 0.


Internal statistics:

num_allocs_failed_limit: 0.
num_arena_births: 148.
num_arena_deaths: 0.
num_vsnodes_births: 2.
num_vsnodes_deaths: 0.
num_space_committed: 85.
num_space_uncommitted: 0.
num_chunks_returned_to_freelist: 0.
num_chunks_taken_from_freelist: 267.
num_chunk_merges: 0.
num_chunk_splits: 175.
num_chunks_enlarged: 115.
num_inconsistent_stats: 0.

CodeHeap 'non-profiled nmethods': size=120000Kb used=403Kb max_used=403Kb free=119596Kb
 bounds [0x0000022ebce20000, 0x0000022ebd090000, 0x0000022ec4350000]
CodeHeap 'profiled nmethods': size=120000Kb used=1944Kb max_used=1944Kb free=118055Kb
 bounds [0x0000022eb5350000, 0x0000022eb55c0000, 0x0000022ebc880000]
CodeHeap 'non-nmethods': size=5760Kb used=1402Kb max_used=1410Kb free=4357Kb
 bounds [0x0000022ebc880000, 0x0000022ebcaf0000, 0x0000022ebce20000]
 total_blobs=1686 nmethods=1186 adapters=405
 compilation: enabled
              stopped_count=0, restarted_count=0
 full_count=0

Compilation events (20 events):
Event: 1.774 Thread 0x0000022ecc20c750 1159   !   3       java.util.jar.JarFile::isMultiRelease (33 bytes)
Event: 1.774 Thread 0x0000022ecc20c750 nmethod 1159 0x0000022eb5526810 code [0x0000022eb55269c0, 0x0000022eb5526bd0]
Event: 1.774 Thread 0x0000022ecc20c750 1158   !   3       java.lang.module.ModuleReader::read (75 bytes)
Event: 1.775 Thread 0x0000022ecc20c750 nmethod 1158 0x0000022eb5526c90 code [0x0000022eb5526f40, 0x0000022eb5527c88]
Event: 1.776 Thread 0x0000022ecc20c750 1161       3       java.lang.ClassLoader::loadClass (7 bytes)
Event: 1.776 Thread 0x0000022ecc20c750 nmethod 1161 0x0000022eb5528190 code [0x0000022eb5528340, 0x0000022eb5528518]
Event: 1.776 Thread 0x0000022ecc20c750 1162       3       java.lang.String::getBytesNoRepl1 (89 bytes)
Event: 1.777 Thread 0x0000022ecc20c750 nmethod 1162 0x0000022eb5528590 code [0x0000022eb5528820, 0x0000022eb55291c8]
Event: 1.777 Thread 0x0000022ecc20c750 1163       3       java.lang.String::isASCII (16 bytes)
Event: 1.777 Thread 0x0000022ecc20c750 nmethod 1163 0x0000022eb5529490 code [0x0000022eb5529640, 0x0000022eb5529890]
Event: 1.777 Thread 0x0000022ecc20c750 1164       3       java.util.Arrays::mismatch (69 bytes)
Event: 1.777 Thread 0x0000022ecc20c750 nmethod 1164 0x0000022eb5529990 code [0x0000022eb5529b60, 0x0000022eb5529ea0]
Event: 1.777 Thread 0x0000022ecc20c750 1165       3       java.util.zip.ZipCoder$UTF8ZipCoder::hasTrailingSlash (20 bytes)
Event: 1.778 Thread 0x0000022ecc20c750 nmethod 1165 0x0000022eb552a090 code [0x0000022eb552a240, 0x0000022eb552a410]
Event: 1.778 Thread 0x0000022ecc20c750 1166       3       java.util.zip.ZipFile$ZipFileInputStream::<init> (96 bytes)
Event: 1.778 Thread 0x0000022ecc20c750 nmethod 1166 0x0000022eb552a510 code [0x0000022eb552a760, 0x0000022eb552b1c0]
Event: 1.778 Thread 0x0000022ecc20c750 1167       3       java.util.zip.ZipUtils::CENOFF (9 bytes)
Event: 1.779 Thread 0x0000022ecc20c750 nmethod 1167 0x0000022eb552b610 code [0x0000022eb552b7c0, 0x0000022eb552baa0]
Event: 1.779 Thread 0x0000022ecc20c750 1168       3       java.util.zip.ZipFile$ZipFileInflaterInputStream::<init> (41 bytes)
Event: 1.779 Thread 0x0000022ecc20c750 nmethod 1168 0x0000022eb552bc10 code [0x0000022eb552be00, 0x0000022eb552c2d8]

GC Heap History (2 events):
Event: 1.544 GC heap before
{Heap before GC invocations=0 (full 0):
 garbage-first heap   total 251904K, used 22528K [0x000000070a800000, 0x0000000800000000)
  region size 2048K, 11 young (22528K), 0 survivors (0K)
 Metaspace       used 3829K, committed 4096K, reserved 1114112K
  class space    used 381K, committed 512K, reserved 1048576K
}
Event: 1.553 GC heap after
{Heap after GC invocations=1 (full 0):
 garbage-first heap   total 251904K, used 2880K [0x000000070a800000, 0x0000000800000000)
  region size 2048K, 2 young (4096K), 2 survivors (4096K)
 Metaspace       used 3829K, committed 4096K, reserved 1114112K
  class space    used 381K, committed 512K, reserved 1048576K
}

Dll operation events (20 events):
Event: 1.114 Loaded shared library C:\Users\Rayyan Hussain\.openjfx\cache\21-ea+null\amd64\api-ms-win-crt-heap-l1-1-0.dll
Event: 1.119 Loaded shared library C:\Users\Rayyan Hussain\.openjfx\cache\21-ea+null\amd64\api-ms-win-crt-locale-l1-1-0.dll
Event: 1.125 Loaded shared library C:\Users\Rayyan Hussain\.openjfx\cache\21-ea+null\amd64\api-ms-win-crt-math-l1-1-0.dll
Event: 1.130 Loaded shared library C:\Users\Rayyan Hussain\.openjfx\cache\21-ea+null\amd64\api-ms-win-crt-multibyte-l1-1-0.dll
Event: 1.136 Loaded shared library C:\Users\Rayyan Hussain\.openjfx\cache\21-ea+null\amd64\api-ms-win-crt-private-l1-1-0.dll
Event: 1.145 Loaded shared library C:\Users\Rayyan Hussain\.openjfx\cache\21-ea+null\amd64\api-ms-win-crt-process-l1-1-0.dll
Event: 1.151 Loaded shared library C:\Users\Rayyan Hussain\.openjfx\cache\21-ea+null\amd64\api-ms-win-crt-runtime-l1-1-0.dll
Event: 1.156 Loaded shared library C:\Users\Rayyan Hussain\.openjfx\cache\21-ea+null\amd64\api-ms-win-crt-stdio-l1-1-0.dll
Event: 1.164 Loaded shared library C:\Users\Rayyan Hussain\.openjfx\cache\21-ea+null\amd64\api-ms-win-crt-string-l1-1-0.dll
Event: 1.170 Loaded shared library C:\Users\Rayyan Hussain\.openjfx\cache\21-ea+null\amd64\api-ms-win-crt-time-l1-1-0.dll
Event: 1.176 Loaded shared library C:\Users\Rayyan Hussain\.openjfx\cache\21-ea+null\amd64\api-ms-win-crt-utility-l1-1-0.dll
Event: 1.201 Loaded shared library C:\Users\Rayyan Hussain\.openjfx\cache\21-ea+null\amd64\ucrtbase.dll
Event: 1.209 Loaded shared library C:\Users\Rayyan Hussain\.openjfx\cache\21-ea+null\amd64\vcruntime140.dll
Event: 1.209 Loaded shared library C:\Users\Rayyan Hussain\.jdks\openjdk-21.0.1\bin\jimage.dll
Event: 1.244 Loaded shared library C:\Users\Rayyan Hussain\.openjfx\cache\21-ea+null\amd64\vcruntime140_1.dll
Event: 1.263 Loaded shared library C:\Users\Rayyan Hussain\.openjfx\cache\21-ea+null\amd64\msvcp140.dll
Event: 1.275 Loaded shared library C:\Users\Rayyan Hussain\.openjfx\cache\21-ea+null\amd64\msvcp140_1.dll
Event: 1.291 Loaded shared library C:\Users\Rayyan Hussain\.openjfx\cache\21-ea+null\amd64\msvcp140_2.dll
Event: 1.412 Loaded shared library C:\Users\Rayyan Hussain\.openjfx\cache\21-ea+null\amd64\prism_d3d.dll
Event: 1.536 Loaded shared library C:\Users\Rayyan Hussain\.openjfx\cache\21-ea+null\amd64\glass.dll

Deoptimization events (20 events):
Event: 1.199 Thread 0x0000022ecc1f1060 Uncommon trap: trap_request=0xffffff45 fr.pc=0x0000022ebce6ad64 relative=0x0000000000000044
Event: 1.199 Thread 0x0000022ecc1f1060 Uncommon trap: reason=unstable_if action=reinterpret pc=0x0000022ebce6ad64 method=jdk.internal.misc.Unsafe.convEndian(ZI)I @ 4 c2
Event: 1.199 Thread 0x0000022ecc1f1060 DEOPT PACKING pc=0x0000022ebce6ad64 sp=0x0000009e55efe930
Event: 1.199 Thread 0x0000022ecc1f1060 DEOPT UNPACKING pc=0x0000022ebc8d46a2 sp=0x0000009e55efe8c8 mode 2
Event: 1.206 Thread 0x0000022eacf04ca0 DEOPT PACKING pc=0x0000022eb549906f sp=0x0000009e553fe6e0
Event: 1.206 Thread 0x0000022eacf04ca0 DEOPT UNPACKING pc=0x0000022ebc8d4e42 sp=0x0000009e553fdb00 mode 0
Event: 1.241 Thread 0x0000022ecc1f1060 Uncommon trap: trap_request=0xffffff45 fr.pc=0x0000022ebce2e844 relative=0x0000000000000124
Event: 1.241 Thread 0x0000022ecc1f1060 Uncommon trap: reason=unstable_if action=reinterpret pc=0x0000022ebce2e844 method=java.lang.StringLatin1.lastIndexOf([BI[BII)I @ 86 c2
Event: 1.241 Thread 0x0000022ecc1f1060 DEOPT PACKING pc=0x0000022ebce2e844 sp=0x0000009e55efe310
Event: 1.241 Thread 0x0000022ecc1f1060 DEOPT UNPACKING pc=0x0000022ebc8d46a2 sp=0x0000009e55efe268 mode 2
Event: 1.253 Thread 0x0000022eacf04ca0 DEOPT PACKING pc=0x0000022eb548a662 sp=0x0000009e553fe730
Event: 1.253 Thread 0x0000022eacf04ca0 DEOPT UNPACKING pc=0x0000022ebc8d4e42 sp=0x0000009e553fdbc8 mode 0
Event: 1.286 Thread 0x0000022ecc1f1060 Uncommon trap: trap_request=0xffffff45 fr.pc=0x0000022ebce73674 relative=0x00000000000000d4
Event: 1.286 Thread 0x0000022ecc1f1060 Uncommon trap: reason=unstable_if action=reinterpret pc=0x0000022ebce73674 method=java.util.concurrent.locks.ReentrantLock$Sync.tryRelease(I)Z @ 26 c2
Event: 1.286 Thread 0x0000022ecc1f1060 DEOPT PACKING pc=0x0000022ebce73674 sp=0x0000009e55efefe0
Event: 1.286 Thread 0x0000022ecc1f1060 DEOPT UNPACKING pc=0x0000022ebc8d46a2 sp=0x0000009e55efef80 mode 2
Event: 1.492 Thread 0x0000022eccda2bb0 Uncommon trap: trap_request=0xffffff45 fr.pc=0x0000022ebce72ce0 relative=0x0000000000000040
Event: 1.492 Thread 0x0000022eccda2bb0 Uncommon trap: reason=unstable_if action=reinterpret pc=0x0000022ebce72ce0 method=java.util.concurrent.locks.AbstractQueuedSynchronizer.signalNext(Ljava/util/concurrent/locks/AbstractQueuedSynchronizer$Node;)V @ 1 c2
Event: 1.492 Thread 0x0000022eccda2bb0 DEOPT PACKING pc=0x0000022ebce72ce0 sp=0x0000009e568ff070
Event: 1.492 Thread 0x0000022eccda2bb0 DEOPT UNPACKING pc=0x0000022ebc8d46a2 sp=0x0000009e568ff008 mode 2

Classes loaded (20 events):
Event: 1.733 Loading class java/lang/WeakPairMap$WeakRefPeer done
Event: 1.733 Loading class java/lang/WeakPairMap$Pair$Weak done
Event: 1.733 Loading class java/lang/WeakPairMap$Pair$Weak$1
Event: 1.733 Loading class java/lang/WeakPairMap$Pair$Weak$1 done
Event: 1.735 Loading class java/lang/reflect/Proxy$ProxyBuilder$ProxyClassContext
Event: 1.735 Loading class java/lang/reflect/Proxy$ProxyBuilder$ProxyClassContext done
Event: 1.736 Loading class java/lang/reflect/ProxyGenerator
Event: 1.736 Loading class java/lang/reflect/ProxyGenerator done
Event: 1.736 Loading class java/lang/reflect/ProxyGenerator$ProxyMethod
Event: 1.736 Loading class java/lang/reflect/ProxyGenerator$ProxyMethod done
Event: 1.739 Loading class java/lang/reflect/ProxyGenerator$PrimitiveTypeInfo
Event: 1.739 Loading class java/lang/reflect/ProxyGenerator$PrimitiveTypeInfo done
Event: 1.739 Loading class jdk/internal/org/objectweb/asm/Edge
Event: 1.739 Loading class jdk/internal/org/objectweb/asm/Edge done
Event: 1.741 Loading class java/lang/reflect/Proxy$ProxyBuilder$1
Event: 1.741 Loading class java/lang/reflect/Proxy$ProxyBuilder$1 done
Event: 1.742 Loading class java/lang/annotation/Target
Event: 1.742 Loading class java/lang/annotation/Target done
Event: 1.751 Loading class java/lang/StackTraceElement$HashedModules
Event: 1.751 Loading class java/lang/StackTraceElement$HashedModules done

Classes unloaded (0 events):
No events

Classes redefined (0 events):
No events

Internal exceptions (17 events):
Event: 0.293 Thread 0x0000022eacf04ca0 Exception <a 'java/lang/NoSuchMethodError'{0x0000000719bbaeb8}: 'void java.lang.invoke.DirectMethodHandle$Holder.invokeVirtual(java.lang.Object, java.lang.Object)'> (0x0000000719bbaeb8) 
thrown [s\open\src\hotspot\share\interpreter\linkResolver.cpp, line 773]
Event: 0.298 Thread 0x0000022eacf04ca0 Exception <a 'java/lang/NoSuchMethodError'{0x0000000719bc5b30}: 'java.lang.Object java.lang.invoke.DirectMethodHandle$Holder.invokeInterface(java.lang.Object, java.lang.Object, java.lang.Object)'> (0x0000000719bc5b30) 
thrown [s\open\src\hotspot\share\interpreter\linkResolver.cpp, line 773]
Event: 0.640 Thread 0x0000022eacf04ca0 Exception <a 'java/lang/NoSuchMethodError'{0x0000000719258d08}: 'void java.lang.invoke.DirectMethodHandle$Holder.invokeStatic(java.lang.Object, java.lang.Object, java.lang.Object)'> (0x0000000719258d08) 
thrown [s\open\src\hotspot\share\interpreter\linkResolver.cpp, line 773]
Event: 0.649 Thread 0x0000022eacf04ca0 Exception <a 'java/lang/NoSuchMethodError'{0x000000071926f520}: 'java.lang.Object java.lang.invoke.Invokers$Holder.invokeExact_MT(java.lang.Object, java.lang.Object, java.lang.Object, java.lang.Object, java.lang.Object)'> (0x000000071926f520) 
thrown [s\open\src\hotspot\share\interpreter\linkResolver.cpp, line 773]
Event: 0.674 Thread 0x0000022eccde7810 Exception <a 'java/lang/ClassNotFoundException'{0x00000007192e5f90}: jdk/net/ExtendedSocketOptions> (0x00000007192e5f90) 
thrown [s\open\src\hotspot\share\classfile\systemDictionary.cpp, line 312]
Event: 0.676 Thread 0x0000022eccde7810 Exception <a 'java/lang/NoSuchMethodError'{0x00000007192e7640}: 'void java.lang.invoke.DirectMethodHandle$Holder.invokeStatic(java.lang.Object, java.lang.Object)'> (0x00000007192e7640) 
thrown [s\open\src\hotspot\share\interpreter\linkResolver.cpp, line 773]
Event: 0.686 Thread 0x0000022eacf04ca0 Exception <a 'java/lang/NoSuchMethodError'{0x00000007193822d8}: 'void java.lang.invoke.DirectMethodHandle$Holder.invokeStatic(java.lang.Object, java.lang.Object, java.lang.Object, java.lang.Object)'> (0x00000007193822d8) 
thrown [s\open\src\hotspot\share\interpreter\linkResolver.cpp, line 773]
Event: 0.687 Thread 0x0000022eacf04ca0 Exception <a 'java/lang/NoSuchMethodError'{0x0000000719385f78}: 'void java.lang.invoke.DirectMethodHandle$Holder.invokeSpecial(java.lang.Object, java.lang.Object, java.lang.Object, java.lang.Object, java.lang.Object)'> (0x0000000719385f78) 
thrown [s\open\src\hotspot\share\interpreter\linkResolver.cpp, line 773]
Event: 0.694 Thread 0x0000022eacf04ca0 Exception <a 'java/lang/NoSuchMethodError'{0x0000000719397958}: 'java.lang.Object java.lang.invoke.Invokers$Holder.invokeExact_MT(java.lang.Object, java.lang.Object, java.lang.Object, java.lang.Object, java.lang.Object, java.lang.Object)'> (0x0000000719397958) 
thrown [s\open\src\hotspot\share\interpreter\linkResolver.cpp, line 773]
Event: 1.253 Thread 0x0000022ecc1f1060 Exception <a 'sun/nio/fs/WindowsException'{0x0000000718db1ba8}> (0x0000000718db1ba8) 
thrown [s\open\src\hotspot\share\prims\jni.cpp, line 520]
Event: 1.357 Thread 0x0000022eacf04ca0 Exception <a 'java/lang/NoSuchMethodError'{0x0000000718bcd9d8}: 'void java.lang.invoke.DirectMethodHandle$Holder.invokeSpecial(java.lang.Object, java.lang.Object, java.lang.Object)'> (0x0000000718bcd9d8) 
thrown [s\open\src\hotspot\share\interpreter\linkResolver.cpp, line 773]
Event: 1.499 Thread 0x0000022eacf04ca0 Exception <a 'java/lang/NoSuchMethodError'{0x0000000718826210}: 'int java.lang.invoke.DirectMethodHandle$Holder.invokeStaticInit(java.lang.Object, java.lang.Object, java.lang.Object)'> (0x0000000718826210) 
thrown [s\open\src\hotspot\share\interpreter\linkResolver.cpp, line 773]
Event: 1.557 Thread 0x0000022eacf04ca0 Exception <a 'java/lang/NoSuchMethodError'{0x0000000719c07e90}: 'java.lang.Object java.lang.invoke.DirectMethodHandle$Holder.newInvokeSpecial(java.lang.Object, java.lang.Object, int, java.lang.Object)'> (0x0000000719c07e90) 
thrown [s\open\src\hotspot\share\interpreter\linkResolver.cpp, line 773]
Event: 1.558 Thread 0x0000022eacf04ca0 Exception <a 'java/lang/NoSuchMethodError'{0x0000000719c0bfe8}: 'java.lang.Object java.lang.invoke.DirectMethodHandle$Holder.invokeSpecial(java.lang.Object, java.lang.Object, java.lang.Object, int, java.lang.Object)'> (0x0000000719c0bfe8) 
thrown [s\open\src\hotspot\share\interpreter\linkResolver.cpp, line 773]
Event: 1.715 Thread 0x0000022f1205f530 Exception <a 'java/lang/NoSuchMethodError'{0x0000000719a198a8}: 'void java.lang.invoke.DirectMethodHandle$Holder.invokeStaticInit(java.lang.Object)'> (0x0000000719a198a8) 
thrown [s\open\src\hotspot\share\interpreter\linkResolver.cpp, line 773]
Event: 1.720 Thread 0x0000022eacf04ca0 Exception <a 'java/lang/NoSuchMethodError'{0x0000000719c1f268}: 'java.lang.Object java.lang.invoke.DirectMethodHandle$Holder.newInvokeSpecial(java.lang.Object, java.lang.Object, java.lang.Object, java.lang.Object, java.lang.Object, java.lang.Object)'> (0x0000000719c1f268) 
thrown [s\open\src\hotspot\share\interpreter\linkResolver.cpp, line 773]
Event: 1.753 Thread 0x0000022eacf04ca0 Exception <a 'java/lang/NoSuchMethodError'{0x0000000719b2ecd0}: 'java.lang.Object java.lang.invoke.DirectMethodHandle$Holder.newInvokeSpecial(java.lang.Object, java.lang.Object, java.lang.Object, java.lang.Object, java.lang.Object)'> (0x0000000719b2ecd0) 
thrown [s\open\src\hotspot\share\interpreter\linkResolver.cpp, line 773]

ZGC Phase Switch (0 events):
No events

VM Operations (10 events):
Event: 0.597 Executing VM operation: HandshakeAllThreads (Deoptimize)
Event: 0.597 Executing VM operation: HandshakeAllThreads (Deoptimize) done
Event: 0.597 Executing VM operation: HandshakeAllThreads (Deoptimize)
Event: 0.597 Executing VM operation: HandshakeAllThreads (Deoptimize) done
Event: 1.520 Executing VM operation: HandshakeAllThreads (Deoptimize)
Event: 1.520 Executing VM operation: HandshakeAllThreads (Deoptimize) done
Event: 1.520 Executing VM operation: Cleanup
Event: 1.521 Executing VM operation: Cleanup done
Event: 1.543 Executing VM operation: G1CollectForAllocation (G1 Evacuation Pause)
Event: 1.553 Executing VM operation: G1CollectForAllocation (G1 Evacuation Pause) done

Events (20 events):
Event: 0.104 Thread 0x0000022ecc1eeb80 Thread added: 0x0000022ecc1eeb80
Event: 0.104 Thread 0x0000022ecc1f0200 Thread added: 0x0000022ecc1f0200
Event: 0.105 Thread 0x0000022ecc20bc90 Thread added: 0x0000022ecc20bc90
Event: 0.105 Thread 0x0000022ecc20c750 Thread added: 0x0000022ecc20c750
Event: 0.162 Thread 0x0000022ecc1b4de0 Thread added: 0x0000022ecc1b4de0
Event: 0.239 Thread 0x0000022ecc48ce30 Thread added: 0x0000022ecc48ce30
Event: 0.602 Thread 0x0000022ecc48dbd0 Thread added: 0x0000022ecc48dbd0
Event: 0.662 Thread 0x0000022eccde7810 Thread added: 0x0000022eccde7810
Event: 0.662 Thread 0x0000022ecccba630 Thread added: 0x0000022ecccba630
Event: 1.153 Thread 0x0000022ecc48dbd0 Thread exited: 0x0000022ecc48dbd0
Event: 1.157 Thread 0x0000022ecc48ce30 Thread exited: 0x0000022ecc48ce30
Event: 1.247 Thread 0x0000022eccc442a0 Thread added: 0x0000022eccc442a0
Event: 1.252 Thread 0x0000022eccc44970 Thread added: 0x0000022eccc44970
Event: 1.384 Thread 0x0000022eccda2bb0 Thread added: 0x0000022eccda2bb0
Event: 1.481 Thread 0x0000022eccc44970 Thread exited: 0x0000022eccc44970
Event: 1.481 Thread 0x0000022eccc442a0 Thread exited: 0x0000022eccc442a0
Event: 1.543 Thread 0x0000022f12161cd0 Thread added: 0x0000022f12161cd0
Event: 1.562 Thread 0x0000022f1205f530 Thread added: 0x0000022f1205f530
Event: 1.739 Thread 0x0000022f121c7bb0 Thread added: 0x0000022f121c7bb0
Event: 1.754 Thread 0x0000022f1224b830 Thread added: 0x0000022f1224b830


Dynamic libraries:
0x00007ff7ccfd0000 - 0x00007ff7ccfde000 	C:\Users\Rayyan Hussain\.jdks\openjdk-21.0.1\bin\java.exe
0x00007ffa8e7d0000 - 0x00007ffa8e9e7000 	C:\WINDOWS\SYSTEM32\ntdll.dll
0x00007ffa8d0e0000 - 0x00007ffa8d1a4000 	C:\WINDOWS\System32\KERNEL32.DLL
0x00007ffa8c140000 - 0x00007ffa8c4e5000 	C:\WINDOWS\System32\KERNELBASE.dll
0x00007ffa8bd70000 - 0x00007ffa8be81000 	C:\WINDOWS\System32\ucrtbase.dll
0x00007ffa846e0000 - 0x00007ffa846fb000 	C:\Users\Rayyan Hussain\.jdks\openjdk-21.0.1\bin\VCRUNTIME140.dll
0x00007ffa84700000 - 0x00007ffa84718000 	C:\Users\Rayyan Hussain\.jdks\openjdk-21.0.1\bin\jli.dll
0x00007ffa8d6b0000 - 0x00007ffa8d85e000 	C:\WINDOWS\System32\USER32.dll
0x00007ffa757e0000 - 0x00007ffa75a73000 	C:\WINDOWS\WinSxS\amd64_microsoft.windows.common-controls_6595b64144ccf1df_6.0.22621.2506_none_270c5ae97388e100\COMCTL32.dll
0x00007ffa8c4f0000 - 0x00007ffa8c516000 	C:\WINDOWS\System32\win32u.dll
0x00007ffa8cfc0000 - 0x00007ffa8cfe9000 	C:\WINDOWS\System32\GDI32.dll
0x00007ffa8c7c0000 - 0x00007ffa8c867000 	C:\WINDOWS\System32\msvcrt.dll
0x00007ffa8bc50000 - 0x00007ffa8bd69000 	C:\WINDOWS\System32\gdi32full.dll
0x00007ffa8bbb0000 - 0x00007ffa8bc4a000 	C:\WINDOWS\System32\msvcp_win.dll
0x00007ffa8c720000 - 0x00007ffa8c751000 	C:\WINDOWS\System32\IMM32.DLL
0x00007ffa868f0000 - 0x00007ffa868fc000 	C:\Users\Rayyan Hussain\.jdks\openjdk-21.0.1\bin\vcruntime140_1.dll
0x00007ffa65670000 - 0x00007ffa656fe000 	C:\Users\Rayyan Hussain\.jdks\openjdk-21.0.1\bin\msvcp140.dll
0x00007ffa34530000 - 0x00007ffa35245000 	C:\Users\Rayyan Hussain\.jdks\openjdk-21.0.1\bin\server\jvm.dll
0x00007ffa8c5b0000 - 0x00007ffa8c661000 	C:\WINDOWS\System32\ADVAPI32.dll
0x00007ffa8c670000 - 0x00007ffa8c716000 	C:\WINDOWS\System32\sechost.dll
0x00007ffa8d580000 - 0x00007ffa8d697000 	C:\WINDOWS\System32\RPCRT4.dll
0x00007ffa8c520000 - 0x00007ffa8c591000 	C:\WINDOWS\System32\WS2_32.dll
0x00007ffa8b860000 - 0x00007ffa8b8ad000 	C:\WINDOWS\SYSTEM32\POWRPROF.dll
0x00007ffa826a0000 - 0x00007ffa826d4000 	C:\WINDOWS\SYSTEM32\WINMM.dll
0x00007ffa820e0000 - 0x00007ffa820ea000 	C:\WINDOWS\SYSTEM32\VERSION.dll
0x00007ffa8b840000 - 0x00007ffa8b853000 	C:\WINDOWS\SYSTEM32\UMPDC.dll
0x00007ffa8aab0000 - 0x00007ffa8aac8000 	C:\WINDOWS\SYSTEM32\kernel.appcore.dll
0x00007ffa867d0000 - 0x00007ffa867da000 	C:\Users\Rayyan Hussain\.jdks\openjdk-21.0.1\bin\jimage.dll
0x00007ffa894f0000 - 0x00007ffa89723000 	C:\WINDOWS\SYSTEM32\DBGHELP.DLL
0x00007ffa8e400000 - 0x00007ffa8e789000 	C:\WINDOWS\System32\combase.dll
0x00007ffa8d2c0000 - 0x00007ffa8d397000 	C:\WINDOWS\System32\OLEAUT32.dll
0x00007ffa718a0000 - 0x00007ffa718d2000 	C:\WINDOWS\SYSTEM32\dbgcore.DLL
0x00007ffa8be90000 - 0x00007ffa8bf0a000 	C:\WINDOWS\System32\bcryptPrimitives.dll
0x00007ffa83ef0000 - 0x00007ffa83eff000 	C:\Users\Rayyan Hussain\.jdks\openjdk-21.0.1\bin\instrument.dll
0x00007ffa82550000 - 0x00007ffa8256f000 	C:\Users\Rayyan Hussain\.jdks\openjdk-21.0.1\bin\java.dll
0x00007ffa8d9d0000 - 0x00007ffa8e229000 	C:\WINDOWS\System32\SHELL32.dll
0x00007ffa89a10000 - 0x00007ffa8a304000 	C:\WINDOWS\SYSTEM32\windows.storage.dll
0x00007ffa898d0000 - 0x00007ffa89a0e000 	C:\WINDOWS\SYSTEM32\wintypes.dll
0x00007ffa8d860000 - 0x00007ffa8d953000 	C:\WINDOWS\System32\SHCORE.dll
0x00007ffa8d040000 - 0x00007ffa8d09e000 	C:\WINDOWS\System32\shlwapi.dll
0x00007ffa8ba70000 - 0x00007ffa8ba96000 	C:\WINDOWS\SYSTEM32\profapi.dll
0x00007ffa55340000 - 0x00007ffa55417000 	C:\Users\Rayyan Hussain\.jdks\openjdk-21.0.1\bin\jsvml.dll
0x00007ffa82f10000 - 0x00007ffa82f20000 	C:\Users\Rayyan Hussain\.jdks\openjdk-21.0.1\bin\net.dll
0x00007ffa851d0000 - 0x00007ffa85307000 	C:\WINDOWS\SYSTEM32\WINHTTP.dll
0x00007ffa8afa0000 - 0x00007ffa8b009000 	C:\WINDOWS\system32\mswsock.dll
0x00007ffa7d900000 - 0x00007ffa7d916000 	C:\Users\Rayyan Hussain\.jdks\openjdk-21.0.1\bin\nio.dll
0x00007ffa7d0e0000 - 0x00007ffa7d0f8000 	C:\Users\Rayyan Hussain\.jdks\openjdk-21.0.1\bin\zip.dll
0x00007ffa7d0b0000 - 0x00007ffa7d0ca000 	C:\Program Files\JetBrains\IntelliJ IDEA Community Edition 2023.2.5\bin\breakgen64.dll
0x0000022eace20000 - 0x0000022eace23000 	C:\Users\Rayyan Hussain\.openjfx\cache\21-ea+null\amd64\api-ms-win-core-console-l1-1-0.dll
0x0000022eace30000 - 0x0000022eace33000 	C:\Users\Rayyan Hussain\.openjfx\cache\21-ea+null\amd64\api-ms-win-core-console-l1-2-0.dll
0x0000022eace40000 - 0x0000022eace43000 	C:\Users\Rayyan Hussain\.openjfx\cache\21-ea+null\amd64\api-ms-win-core-datetime-l1-1-0.dll
0x0000022eace50000 - 0x0000022eace53000 	C:\Users\Rayyan Hussain\.openjfx\cache\21-ea+null\amd64\api-ms-win-core-debug-l1-1-0.dll
0x0000022eace60000 - 0x0000022eace63000 	C:\Users\Rayyan Hussain\.openjfx\cache\21-ea+null\amd64\api-ms-win-core-errorhandling-l1-1-0.dll
0x0000022eace70000 - 0x0000022eace74000 	C:\Users\Rayyan Hussain\.openjfx\cache\21-ea+null\amd64\api-ms-win-core-file-l1-1-0.dll
0x0000022eace80000 - 0x0000022eace83000 	C:\Users\Rayyan Hussain\.openjfx\cache\21-ea+null\amd64\api-ms-win-core-file-l1-2-0.dll
0x0000022eace90000 - 0x0000022eace93000 	C:\Users\Rayyan Hussain\.openjfx\cache\21-ea+null\amd64\api-ms-win-core-file-l2-1-0.dll
0x0000022eacea0000 - 0x0000022eacea3000 	C:\Users\Rayyan Hussain\.openjfx\cache\21-ea+null\amd64\api-ms-win-core-handle-l1-1-0.dll
0x0000022eaceb0000 - 0x0000022eaceb3000 	C:\Users\Rayyan Hussain\.openjfx\cache\21-ea+null\amd64\api-ms-win-core-heap-l1-1-0.dll
0x0000022eacec0000 - 0x0000022eacec3000 	C:\Users\Rayyan Hussain\.openjfx\cache\21-ea+null\amd64\api-ms-win-core-interlocked-l1-1-0.dll
0x0000022eccf20000 - 0x0000022eccf23000 	C:\Users\Rayyan Hussain\.openjfx\cache\21-ea+null\amd64\api-ms-win-core-libraryloader-l1-1-0.dll
0x0000022eccf30000 - 0x0000022eccf33000 	C:\Users\Rayyan Hussain\.openjfx\cache\21-ea+null\amd64\api-ms-win-core-localization-l1-2-0.dll
0x0000022eccf40000 - 0x0000022eccf43000 	C:\Users\Rayyan Hussain\.openjfx\cache\21-ea+null\amd64\api-ms-win-core-memory-l1-1-0.dll
0x0000022eccf50000 - 0x0000022eccf53000 	C:\Users\Rayyan Hussain\.openjfx\cache\21-ea+null\amd64\api-ms-win-core-namedpipe-l1-1-0.dll
0x0000022eccf60000 - 0x0000022eccf63000 	C:\Users\Rayyan Hussain\.openjfx\cache\21-ea+null\amd64\api-ms-win-core-processenvironment-l1-1-0.dll
0x0000022eccf70000 - 0x0000022eccf73000 	C:\Users\Rayyan Hussain\.openjfx\cache\21-ea+null\amd64\api-ms-win-core-processthreads-l1-1-0.dll
0x0000022eccf80000 - 0x0000022eccf83000 	C:\Users\Rayyan Hussain\.openjfx\cache\21-ea+null\amd64\api-ms-win-core-processthreads-l1-1-1.dll
0x0000022eccf90000 - 0x0000022eccf93000 	C:\Users\Rayyan Hussain\.openjfx\cache\21-ea+null\amd64\api-ms-win-core-profile-l1-1-0.dll
0x0000022eccfa0000 - 0x0000022eccfa3000 	C:\Users\Rayyan Hussain\.openjfx\cache\21-ea+null\amd64\api-ms-win-core-rtlsupport-l1-1-0.dll
0x0000022eccfb0000 - 0x0000022eccfb3000 	C:\Users\Rayyan Hussain\.openjfx\cache\21-ea+null\amd64\api-ms-win-core-string-l1-1-0.dll
0x0000022eccfc0000 - 0x0000022eccfc3000 	C:\Users\Rayyan Hussain\.openjfx\cache\21-ea+null\amd64\api-ms-win-core-synch-l1-1-0.dll
0x0000022eccfd0000 - 0x0000022eccfd3000 	C:\Users\Rayyan Hussain\.openjfx\cache\21-ea+null\amd64\api-ms-win-core-synch-l1-2-0.dll
0x0000022eccfe0000 - 0x0000022eccfe3000 	C:\Users\Rayyan Hussain\.openjfx\cache\21-ea+null\amd64\api-ms-win-core-sysinfo-l1-1-0.dll
0x0000022eccff0000 - 0x0000022eccff3000 	C:\Users\Rayyan Hussain\.openjfx\cache\21-ea+null\amd64\api-ms-win-core-timezone-l1-1-0.dll
0x0000022f12fd0000 - 0x0000022f12fd3000 	C:\Users\Rayyan Hussain\.openjfx\cache\21-ea+null\amd64\api-ms-win-core-util-l1-1-0.dll
0x0000022f12fe0000 - 0x0000022f12fe3000 	C:\Users\Rayyan Hussain\.openjfx\cache\21-ea+null\amd64\api-ms-win-crt-conio-l1-1-0.dll
0x0000022f12ff0000 - 0x0000022f12ff4000 	C:\Users\Rayyan Hussain\.openjfx\cache\21-ea+null\amd64\api-ms-win-crt-convert-l1-1-0.dll
0x0000022f13000000 - 0x0000022f13003000 	C:\Users\Rayyan Hussain\.openjfx\cache\21-ea+null\amd64\api-ms-win-crt-environment-l1-1-0.dll
0x0000022f13010000 - 0x0000022f13013000 	C:\Users\Rayyan Hussain\.openjfx\cache\21-ea+null\amd64\api-ms-win-crt-filesystem-l1-1-0.dll
0x0000022f13020000 - 0x0000022f13023000 	C:\Users\Rayyan Hussain\.openjfx\cache\21-ea+null\amd64\api-ms-win-crt-heap-l1-1-0.dll
0x0000022f13030000 - 0x0000022f13033000 	C:\Users\Rayyan Hussain\.openjfx\cache\21-ea+null\amd64\api-ms-win-crt-locale-l1-1-0.dll
0x0000022f13040000 - 0x0000022f13045000 	C:\Users\Rayyan Hussain\.openjfx\cache\21-ea+null\amd64\api-ms-win-crt-math-l1-1-0.dll
0x0000022f13050000 - 0x0000022f13055000 	C:\Users\Rayyan Hussain\.openjfx\cache\21-ea+null\amd64\api-ms-win-crt-multibyte-l1-1-0.dll
0x0000022f13060000 - 0x0000022f13070000 	C:\Users\Rayyan Hussain\.openjfx\cache\21-ea+null\amd64\api-ms-win-crt-private-l1-1-0.dll
0x0000022f13070000 - 0x0000022f13073000 	C:\Users\Rayyan Hussain\.openjfx\cache\21-ea+null\amd64\api-ms-win-crt-process-l1-1-0.dll
0x0000022f13080000 - 0x0000022f13084000 	C:\Users\Rayyan Hussain\.openjfx\cache\21-ea+null\amd64\api-ms-win-crt-runtime-l1-1-0.dll
0x0000022f13090000 - 0x0000022f13094000 	C:\Users\Rayyan Hussain\.openjfx\cache\21-ea+null\amd64\api-ms-win-crt-stdio-l1-1-0.dll
0x0000022f130a0000 - 0x0000022f130a4000 	C:\Users\Rayyan Hussain\.openjfx\cache\21-ea+null\amd64\api-ms-win-crt-string-l1-1-0.dll
0x0000022f130b0000 - 0x0000022f130b3000 	C:\Users\Rayyan Hussain\.openjfx\cache\21-ea+null\amd64\api-ms-win-crt-time-l1-1-0.dll
0x0000022f130c0000 - 0x0000022f130c3000 	C:\Users\Rayyan Hussain\.openjfx\cache\21-ea+null\amd64\api-ms-win-crt-utility-l1-1-0.dll
0x00007ffa433a0000 - 0x00007ffa4349c000 	C:\Users\Rayyan Hussain\.openjfx\cache\21-ea+null\amd64\ucrtbase.dll
0x00007ffa78dd0000 - 0x00007ffa78deb000 	C:\Users\Rayyan Hussain\.openjfx\cache\21-ea+null\amd64\vcruntime140.dll
0x00007ffa78eb0000 - 0x00007ffa78ebc000 	C:\Users\Rayyan Hussain\.openjfx\cache\21-ea+null\amd64\vcruntime140_1.dll
0x00007ffa65540000 - 0x00007ffa655ce000 	C:\Users\Rayyan Hussain\.openjfx\cache\21-ea+null\amd64\msvcp140.dll
0x00007ffa8ce20000 - 0x00007ffa8cfc0000 	C:\WINDOWS\System32\ole32.dll
0x00007ffa78dc0000 - 0x00007ffa78dc9000 	C:\Users\Rayyan Hussain\.openjfx\cache\21-ea+null\amd64\msvcp140_1.dll
0x00007ffa774b0000 - 0x00007ffa774df000 	C:\Users\Rayyan Hussain\.openjfx\cache\21-ea+null\amd64\msvcp140_2.dll
0x00007ffa71d30000 - 0x00007ffa71d5f000 	C:\Users\Rayyan Hussain\.openjfx\cache\21-ea+null\amd64\prism_d3d.dll
0x00007ffa4c650000 - 0x00007ffa4c7f9000 	C:\WINDOWS\system32\d3d9.dll
0x00007ffa88f60000 - 0x00007ffa88f8b000 	C:\WINDOWS\SYSTEM32\dwmapi.dll
0x00007ffa88e00000 - 0x00007ffa88e36000 	C:\WINDOWS\SYSTEM32\dxcore.dll
0x00007ffa88d00000 - 0x00007ffa88dab000 	C:\WINDOWS\system32\uxtheme.dll
0x00007ffa22490000 - 0x00007ffa2266b000 	C:\WINDOWS\System32\DriverStore\FileRepository\u0366790.inf_amd64_d775d276ecdcc11d\B366405\aticfx64.dll
0x00007ffa82600000 - 0x00007ffa82633000 	C:\WINDOWS\System32\DriverStore\FileRepository\u0366790.inf_amd64_d775d276ecdcc11d\B366405\atiu9p64.dll
0x00007ffa36720000 - 0x00007ffa3742c000 	C:\WINDOWS\System32\DriverStore\FileRepository\u0366790.inf_amd64_d775d276ecdcc11d\B366405\atiumd64.dll
0x0000000051650000 - 0x0000000052510000 	C:\WINDOWS\System32\DriverStore\FileRepository\u0366790.inf_amd64_d775d276ecdcc11d\B366405\atiumd6a.dll
0x00007ffa8b470000 - 0x00007ffa8b498000 	C:\WINDOWS\SYSTEM32\bcrypt.dll
0x00007ffa82570000 - 0x00007ffa8259f000 	C:\WINDOWS\SYSTEM32\amdihk64.dll
0x00007ffa83e90000 - 0x00007ffa83eda000 	C:\WINDOWS\SYSTEM32\directxdatabasehelper.dll
0x00007ffa68250000 - 0x00007ffa68292000 	C:\Users\Rayyan Hussain\.openjfx\cache\21-ea+null\amd64\glass.dll
0x00007ffa8d1b0000 - 0x00007ffa8d2a9000 	C:\WINDOWS\System32\COMDLG32.dll
0x00007ffa42940000 - 0x00007ffa42a79000 	C:\ProgramData\A-Volute\A-Volute.Nahimic\Modules\Scheduled\x64\AudioDevProps2.dll
0x00007ffa8d430000 - 0x00007ffa8d57f000 	C:\WINDOWS\System32\MSCTF.dll

dbghelp: loaded successfully - version: 4.0.5 - missing functions: none
symbol engine: initialized successfully - sym options: 0x614 - pdb path: .;C:\Users\Rayyan Hussain\.jdks\openjdk-21.0.1\bin;C:\WINDOWS\SYSTEM32;C:\WINDOWS\WinSxS\amd64_microsoft.windows.common-controls_6595b64144ccf1df_6.0.22621.2506_none_270c5ae97388e100;C:\Users\Rayyan Hussain\.jdks\openjdk-21.0.1\bin\server;C:\Program Files\JetBrains\IntelliJ IDEA Community Edition 2023.2.5\bin;C:\Users\Rayyan Hussain\.openjfx\cache\21-ea+null\amd64;C:\WINDOWS\System32\DriverStore\FileRepository\u0366790.inf_amd64_d775d276ecdcc11d\B366405;C:\ProgramData\A-Volute\A-Volute.Nahimic\Modules\Scheduled\x64

VM Arguments:
jvm_args: -javaagent:C:\Program Files\JetBrains\IntelliJ IDEA Community Edition 2023.2.5\lib\idea_rt.jar=60563:C:\Program Files\JetBrains\IntelliJ IDEA Community Edition 2023.2.5\bin -Dfile.encoding=UTF-8 -Dsun.stdout.encoding=UTF-8 -Dsun.stderr.encoding=UTF-8 --module-path=C:\Users\Rayyan Hussain\.m2\repository\org\openjfx\javafx-fxml\21-ea+24\javafx-fxml-21-ea+24-win.jar;C:\Users\Rayyan Hussain\.m2\repository\org\openjfx\javafx-controls\21-ea+24\javafx-controls-21-ea+24-win.jar;C:\Users\Rayyan Hussain\Documents\iiitd\sem3\AP\Project\Larken\target\classes;C:\Users\Rayyan Hussain\.m2\repository\org\openjfx\javafx-base\21-ea+24\javafx-base-21-ea+24-win.jar;C:\Users\Rayyan Hussain\.m2\repository\org\openjfx\javafx-graphics\21-ea+24\javafx-graphics-21-ea+24-win.jar -Djdk.module.main=duoforge.larken 
java_command: duoforge.larken/duoforge.larken.Main
java_class_path (initial): C:\Users\Rayyan Hussain\.m2\repository\org\openjfx\javafx-controls\21-ea+24\javafx-controls-21-ea+24.jar;C:\Users\Rayyan Hussain\.m2\repository\org\openjfx\javafx-graphics\21-ea+24\javafx-graphics-21-ea+24.jar;C:\Users\Rayyan Hussain\.m2\repository\org\openjfx\javafx-base\21-ea+24\javafx-base-21-ea+24.jar;C:\Users\Rayyan Hussain\.m2\repository\org\openjfx\javafx-fxml\21-ea+24\javafx-fxml-21-ea+24.jar
Launcher Type: SUN_STANDARD

[Global flags]
     intx CICompilerCount                          = 4                                         {product} {ergonomic}
     uint ConcGCThreads                            = 3                                         {product} {ergonomic}
     uint G1ConcRefinementThreads                  = 10                                        {product} {ergonomic}
   size_t G1HeapRegionSize                         = 2097152                                   {product} {ergonomic}
    uintx GCDrainStackTargetSize                   = 64                                        {product} {ergonomic}
   size_t InitialHeapSize                          = 257949696                                 {product} {ergonomic}
   size_t MarkStackSize                            = 4194304                                   {product} {ergonomic}
   size_t MaxHeapSize                              = 4118806528                                {product} {ergonomic}
   size_t MaxNewSize                               = 2470445056                                {product} {ergonomic}
   size_t MinHeapDeltaBytes                        = 2097152                                   {product} {ergonomic}
   size_t MinHeapSize                              = 8388608                                   {product} {ergonomic}
    uintx NonNMethodCodeHeapSize                   = 5839372                                {pd product} {ergonomic}
    uintx NonProfiledCodeHeapSize                  = 122909434                              {pd product} {ergonomic}
    uintx ProfiledCodeHeapSize                     = 122909434                              {pd product} {ergonomic}
    uintx ReservedCodeCacheSize                    = 251658240                              {pd product} {ergonomic}
     bool SegmentedCodeCache                       = true                                      {product} {ergonomic}
   size_t SoftMaxHeapSize                          = 4118806528                             {manageable} {ergonomic}
     bool UseCompressedOops                        = true                           {product lp64_product} {ergonomic}
     bool UseG1GC                                  = true                                      {product} {ergonomic}
     bool UseLargePagesIndividualAllocation        = false                                  {pd product} {ergonomic}

Logging:
Log output configuration:
 #0: stdout all=warning uptime,level,tags foldmultilines=false
 #1: stderr all=off uptime,level,tags foldmultilines=false

Environment Variables:
JAVA_HOME=C:\Program Files\Java\jdk-20
PATH=C:\Program Files (x86)\NVIDIA Corporation\PhysX\Common;C:\Program Files (x86)\VMware\VMware Player\bin\;C:\Program Files (x86)\Razer\ChromaBroadcast\bin;C:\Program Files\Razer\ChromaBroadcast\bin;C:\WINDOWS\system32;C:\WINDOWS;C:\WINDOWS\System32\Wbem;C:\WINDOWS\System32\WindowsPowerShell\v1.0\;C:\WINDOWS\System32\OpenSSH\;C:\Program Files\Git\cmd;C:\cygwin64\bin;C:\WINDOWS\syswow64\config\systemprofile\AppData\Local\Microsoft\WindowsApps;d:\steamlibrary\steamapps\common\iracing\d3dgear;C:\Program Files\dotnet\;D:\apache-maven-3.9.4\\bin;C:\Users\Rayyan Hussain\.cargo\bin;C:\Users\Rayyan Hussain\AppData\Local\Programs\Python\Python311\Scripts\;C:\Users\Rayyan Hussain\AppData\Local\Programs\Python\Python311\;C:\Users\Rayyan Hussain\AppData\Local\Microsoft\WindowsApps;C:\Users\Rayyan Hussain\AppData\Local\Programs\Microsoft VS Code\bin;C:\Users\Rayyan Hussain\AppData\Local\spicetify;C:\Program Files\Java\jdk-20\bin;
USERNAME=Rayyan Hussain
OS=Windows_NT
PROCESSOR_IDENTIFIER=AMD64 Family 23 Model 104 Stepping 1, AuthenticAMD
TMP=C:\Users\RAYYAN~1\AppData\Local\Temp
TEMP=C:\Users\RAYYAN~1\AppData\Local\Temp




Periodic native trim disabled

---------------  S Y S T E M  ---------------

OS:
 Windows 11 , 64 bit Build 22621 (10.0.22621.2506)
OS uptime: 13 days 6:02 hours
Hyper-V role detected

CPU: total 12 (initial active 12) (12 cores per cpu, 2 threads per core) family 23 model 104 stepping 1 microcode 0x0, cx8, cmov, fxsr, ht, mmx, 3dnowpref, sse, sse2, sse3, ssse3, sse4a, sse4.1, sse4.2, popcnt, lzcnt, tsc, tscinvbit, avx, avx2, aes, clmul, bmi1, bmi2, adx, sha, fma, vzeroupper, clflush, clflushopt, hv, rdtscp, rdpid, f16c
Processor Information for processor 0
  Max Mhz: 2100, Current Mhz: 2100, Mhz Limit: 2100
Processor Information for processor 1
  Max Mhz: 2100, Current Mhz: 2100, Mhz Limit: 2100
Processor Information for processor 2
  Max Mhz: 2100, Current Mhz: 2100, Mhz Limit: 2100
Processor Information for processor 3
  Max Mhz: 2100, Current Mhz: 2100, Mhz Limit: 2100
Processor Information for processor 4
  Max Mhz: 2100, Current Mhz: 1988, Mhz Limit: 2100
Processor Information for processor 5
  Max Mhz: 2100, Current Mhz: 2100, Mhz Limit: 2100
Processor Information for processor 6
  Max Mhz: 2100, Current Mhz: 2100, Mhz Limit: 2100
Processor Information for processor 7
  Max Mhz: 2100, Current Mhz: 2100, Mhz Limit: 2100
Processor Information for processor 8
  Max Mhz: 2100, Current Mhz: 2100, Mhz Limit: 2100
Processor Information for processor 9
  Max Mhz: 2100, Current Mhz: 1988, Mhz Limit: 2100
Processor Information for processor 10
  Max Mhz: 2100, Current Mhz: 2100, Mhz Limit: 2100
Processor Information for processor 11
  Max Mhz: 2100, Current Mhz: 2100, Mhz Limit: 2100

Memory: 4k page, system-wide physical 15706M (648M free)
TotalPageFile size 29444M (AvailPageFile size 0M)
current process WorkingSet (physical memory assigned to process): 91M, peak: 91M
current process commit charge ("private bytes"): 363M, peak: 363M

vm_info: OpenJDK 64-Bit Server VM (21.0.1+12-29) for windows-amd64 JRE (21.0.1+12-29), built on 2023-10-05T13:27:09Z by "mach5one" with MS VC++ 17.1 (VS2022)

END.
